Unable to capture context for thread 20056 in process 11800, can not generate back trace
Unable to capture context for thread 24372 in process 11800, can not generate back trace
Unable to capture context for thread 5140 in process 11800, can not generate back trace
Exception at PC 0x00007FF84010BB93
Printing stacktrace...

[0]  [0x00007FF84010BB93]
[1]  [0x00007FF84010BB93]
[2]  [0x00007FF84010B4A1]
[3]  [0x00007FF84010B3EF]
[4]  [0x00007FF8400F19FE]
[5]  [0x00007FF8400F0ED1]
[6]  [0x00007FF8400F0D76]
[7]  [0x00007FF8400979F6]
[8]  [0x00007FF840087AFB]
[9]  [0x00007FF8401AE90A]
[10]  [0x00007FF8401C9F87]
[11]  [0x00007FF8401CA05F]
[12] (BaseThreadInitThunk+0x14) [0x00007FF8F0567C24]
[13] (RtlUserThreadStart+0x21) [0x00007FF8F208D4D1]
Done
Exception at PC 0x00007FF83FE11A52
Attemped to write at address 0x00007FF89E71ABA4
Printing stacktrace...

[0]  [0x00007FF83FE11A52]
[1]  [0x00007FF83FE11A52]
[2]  [0x00007FF83FE11AD4]
[3]  [0x00007FF83FF53FF7]
[4]  [0x00007FF83FE39128]
[5]  [0x00007FF8400EDFB9]
[6]  [0x00007FF8402BEF23]
[7]  [0x00007FF8401CB06B]
[8]  [0x00007FF8401C08AF]
[9]  [0x00007FF8401C0A32]
[10] (RtlActivateActivationContextUnsafeFast+0x121) [0x00007FF8F2045021]
[11] (LdrShutdownProcess+0x132) [0x00007FF8F208B102]
[12] (RtlExitUserProcess+0xad) [0x00007FF8F208AFAD]
[13] (ExitProcess+0xa) [0x00007FF8F056CDDA]
[14] (exit+0x85) [0x00007FF8F0A6A245]
[15] (initterm_e+0x245) [0x00007FF8F0A6A8B5]
[16]  [0x00000000004014CD]
[17]  [0x000000000040151B]
[18] (BaseThreadInitThunk+0x14) [0x00007FF8F0567C24]
[19] (RtlUserThreadStart+0x21) [0x00007FF8F208D4D1]
Done
