Vivado Simulator 2017.2
Time resolution is 1 ps
count=          0 MainMemory[0] = 0x00000000
count=          0 dirty = 0x0
----------------------------------------------------------
count=          1 MainMemory[0] = 0x00000000
count=          1 dirty = 0x0
----------------------------------------------------------
count=          2 MainMemory[0] = 0x00000000
count=          2 dirty = 0x1
----------------------------------------------------------
count=          3 MainMemory[0] = 0x00000000
count=          3 dirty = 0x1
----------------------------------------------------------
count=          4 MainMemory[0] = 0x00000000
count=          4 dirty = 0x1
----------------------------------------------------------
count=          5 MainMemory[0] = 0x00000000
count=          5 dirty = 0x1
----------------------------------------------------------
count=          6 MainMemory[0] = 0x000000ff
count=          6 dirty = 0x0
----------------------------------------------------------
count=          7 MainMemory[0] = 0x000000ff
count=          7 dirty = 0x0
----------------------------------------------------------
count=          8 MainMemory[0] = 0x000000ff
count=          8 dirty = 0x0
----------------------------------------------------------
count=          9 MainMemory[0] = 0x000000ff
count=          9 dirty = 0x0
----------------------------------------------------------
count=         10 MainMemory[0] = 0x000000ff
count=         10 dirty = 0x0
----------------------------------------------------------
count=         11 MainMemory[0] = 0x000000ff
count=         11 dirty = 0x0
----------------------------------------------------------
count=         12 MainMemory[0] = 0x000000ff
count=         12 dirty = 0x0
----------------------------------------------------------
count=         13 MainMemory[0] = 0x000000ff
count=         13 dirty = 0x0
----------------------------------------------------------
count=         14 MainMemory[0] = 0x000000ff
count=         14 dirty = 0x0
----------------------------------------------------------
count=         15 MainMemory[0] = 0x000000ff
count=         15 dirty = 0x0
----------------------------------------------------------
count=         16 MainMemory[0] = 0x000000ff
count=         16 dirty = 0x0
----------------------------------------------------------
count=         17 MainMemory[0] = 0x000000ff
count=         17 dirty = 0x0
----------------------------------------------------------
count=         18 MainMemory[0] = 0x000000ff
count=         18 dirty = 0x0
----------------------------------------------------------
count=         19 MainMemory[0] = 0x000000ff
count=         19 dirty = 0x0
----------------------------------------------------------
