Unable to capture context for thread 2400 in process 22352, can not generate back trace
Unable to capture context for thread 4192 in process 22352, can not generate back trace
Exception at PC 0x00007FFC16A2BB93
Printing stacktrace...

[0]  [0x00007FFC16A2BB93]
[1]  [0x00007FFC16A2BB93]
[2]  [0x00007FFC16A2B4A1]
[3]  [0x00007FFC16A2B3EF]
[4]  [0x00007FFC16A119FE]
[5]  [0x00007FFC16A10ED1]
[6]  [0x00007FFC16A10D76]
[7]  [0x00007FFC169B79F6]
[8]  [0x00007FFC169A7AFB]
[9]  [0x00007FFC16ACE90A]
[10]  [0x00007FFC16AE9F87]
[11]  [0x00007FFC16AEA05F]
[12] (BaseThreadInitThunk+0x14) [0x00007FFCAEDF7C24]
[13] (RtlUserThreadStart+0x21) [0x00007FFCB0C0CEA1]
Done
Exception at PC 0x00007FFC16731A52
Attemped to write at address 0x00007FFC633AABA4
Printing stacktrace...

[0]  [0x00007FFC16731A52]
[1]  [0x00007FFC16731A52]
[2]  [0x00007FFC16731AD4]
[3]  [0x00007FFC16873FF7]
[4]  [0x00007FFC16759128]
[5]  [0x00007FFC16A0DFB9]
[6]  [0x00007FFC16BDEF23]
[7]  [0x00007FFC16AEB06B]
[8]  [0x00007FFC16AE08AF]
[9]  [0x00007FFC16AE0A32]
[10] (RtlActivateActivationContextUnsafeFast+0x121) [0x00007FFCB0BC5021]
[11] (LdrShutdownProcess+0x132) [0x00007FFCB0C0AAD2]
[12] (RtlExitUserProcess+0xad) [0x00007FFCB0C0A97D]
[13] (ExitProcess+0xa) [0x00007FFCAEDFCDDA]
[14] (exit+0x85) [0x00007FFCAED6A245]
[15] (initterm_e+0x245) [0x00007FFCAED6A8B5]
[16]  [0x00000000004014CD]
[17]  [0x000000000040151B]
[18] (BaseThreadInitThunk+0x14) [0x00007FFCAEDF7C24]
[19] (RtlUserThreadStart+0x21) [0x00007FFCB0C0CEA1]
Done
