Unable to capture context for thread 22376 in process 19956, can not generate back trace
Exception at PC 0x00007FFFBAC8BB93
Printing stacktrace...

[0]  [0x00007FFFBAC8BB93]
[1]  [0x00007FFFBAC8BB93]
[2]  [0x00007FFFBAC8B4A1]
[3]  [0x00007FFFBAC8B3EF]
[4]  [0x00007FFFBAC719FE]
[5]  [0x00007FFFBAC70ED1]
[6]  [0x00007FFFBAC70D76]
[7]  [0x00007FFFBAC179F6]
[8]  [0x00007FFFBAC07AFB]
[9]  [0x00007FFFBAD2E90A]
[10]  [0x00007FFFBAD49F87]
[11]  [0x00007FFFBAD4A05F]
[12] (BaseThreadInitThunk+0x14) [0x00007FF80E957C24]
[13] (RtlUserThreadStart+0x21) [0x00007FF81082CEA1]
Done
Exception at PC 0x00007FFFBA991A52
Attemped to write at address 0x00007FFFC3DFABA4
Printing stacktrace...

[0]  [0x00007FFFBA991A52]
[1]  [0x00007FFFBA991A52]
[2]  [0x00007FFFBA991AD4]
[3]  [0x00007FFFBAAD3FF7]
[4]  [0x00007FFFBA9B9128]
[5]  [0x00007FFFBAC6DFB9]
[6]  [0x00007FFFBAE3EF23]
[7]  [0x00007FFFBAD4B06B]
[8]  [0x00007FFFBAD408AF]
[9]  [0x00007FFFBAD40A32]
[10] (RtlActivateActivationContextUnsafeFast+0x121) [0x00007FF8107E5021]
[11] (LdrShutdownProcess+0x132) [0x00007FF81082AAD2]
[12] (RtlExitUserProcess+0xad) [0x00007FF81082A97D]
[13] (ExitProcess+0xa) [0x00007FF80E95CDDA]
[14] (exit+0x85) [0x00007FF80E8DA245]
[15] (initterm_e+0x245) [0x00007FF80E8DA8B5]
[16]  [0x00000000004014CD]
[17]  [0x000000000040151B]
[18] (BaseThreadInitThunk+0x14) [0x00007FF80E957C24]
[19] (RtlUserThreadStart+0x21) [0x00007FF81082CEA1]
Done
