#-----------------------------------------------------------
# Vivado v2017.2 (64-bit)
# SW Build 1909853 on Thu Jun 15 18:39:09 MDT 2017
# IP Build 1909766 on Thu Jun 15 19:58:00 MDT 2017
# Start of session at: Tue Nov 10 09:32:31 2020
# Process ID: 1732
# Current directory: C:/Users/Administrator/Desktop/VE370/Projects/project2_group/pjsim
# Command line: vivado.exe -gui_launcher_event rodinguilauncherevent8136 C:\Users\Administrator\Desktop\VE370\Projects\project2_group\pjsim\pjsim.xpr
# Log file: C:/Users/Administrator/Desktop/VE370/Projects/project2_group/pjsim/vivado.log
# Journal file: C:/Users/Administrator/Desktop/VE370/Projects/project2_group/pjsim\vivado.jou
#-----------------------------------------------------------
start_gui
open_project C:/Users/Administrator/Desktop/VE370/Projects/project2_group/pjsim/pjsim.xpr
Scanning sources...
Finished scanning sources
INFO: [IP_Flow 19-234] Refreshing IP repositories
INFO: [IP_Flow 19-1704] No user IP repositories specified
INFO: [IP_Flow 19-2313] Loaded Vivado IP repository 'D:/software/Vivado/2017.2/data/ip'.
open_project: Time (s): cpu = 00:00:12 ; elapsed = 00:00:10 . Memory (MB): peak = 780.004 ; gain = 113.047
update_compile_order -fileset sources_1
create_project project_1 C:/Users/Administrator/Desktop/VE370/Projects/project2/project_1 -part xc7a35tcpg236-1
INFO: [IP_Flow 19-234] Refreshing IP repositories
INFO: [IP_Flow 19-1704] No user IP repositories specified
INFO: [IP_Flow 19-2313] Loaded Vivado IP repository 'D:/software/Vivado/2017.2/data/ip'.
add_files -norecurse {C:/Users/Administrator/Desktop/VE370/Projects/project2/alucontrol.v C:/Users/Administrator/Desktop/VE370/Projects/project2/PC.v C:/Users/Administrator/Desktop/VE370/Projects/project2/mux32.v C:/Users/Administrator/Desktop/VE370/Projects/project2/instruction_mem.v C:/Users/Administrator/Desktop/VE370/Projects/project2/PC_ADD.v {C:/Users/Administrator/Desktop/VE370/Projects/project2/alu result.v} C:/Users/Administrator/Desktop/VE370/Projects/project2/regmux.v C:/Users/Administrator/Desktop/VE370/Projects/project2/regfile.v C:/Users/Administrator/Desktop/VE370/Projects/project2/shiftleft2.v C:/Users/Administrator/Desktop/VE370/Projects/project2/signextend.v}
update_compile_order -fileset sources_1
update_compile_order -fileset sources_1
current_project pjsim
close_project
create_project project2groupfinal C:/Users/Administrator/Desktop/VE370/Projects/project2/project2groupfinal -part xc7a35tcpg236-1
INFO: [IP_Flow 19-234] Refreshing IP repositories
INFO: [IP_Flow 19-1704] No user IP repositories specified
INFO: [IP_Flow 19-2313] Loaded Vivado IP repository 'D:/software/Vivado/2017.2/data/ip'.
file mkdir C:/Users/Administrator/Desktop/VE370/Projects/project2/project2groupfinal/project2groupfinal.srcs/sources_1/new
close [ open C:/Users/Administrator/Desktop/VE370/Projects/project2/project2groupfinal/project2groupfinal.srcs/sources_1/new/hahaha.v w ]
add_files C:/Users/Administrator/Desktop/VE370/Projects/project2/project2groupfinal/project2groupfinal.srcs/sources_1/new/hahaha.v
update_compile_order -fileset sources_1
close_project
exit
INFO: [Common 17-206] Exiting Vivado at Tue Nov 10 18:03:25 2020...
