#-----------------------------------------------------------
# Vivado v2017.2 (64-bit)
# SW Build 1909853 on Thu Jun 15 18:39:09 MDT 2017
# IP Build 1909766 on Thu Jun 15 19:58:00 MDT 2017
# Start of session at: Sun Nov  8 23:19:20 2020
# Process ID: 14128
# Current directory: C:/Users/Administrator/Desktop/VE370/Projects/project2_group/pjsim
# Command line: vivado.exe -gui_launcher_event rodinguilauncherevent20672 C:\Users\Administrator\Desktop\VE370\Projects\project2_group\pjsim\pjsim.xpr
# Log file: C:/Users/Administrator/Desktop/VE370/Projects/project2_group/pjsim/vivado.log
# Journal file: C:/Users/Administrator/Desktop/VE370/Projects/project2_group/pjsim\vivado.jou
#-----------------------------------------------------------
start_gui
open_project C:/Users/Administrator/Desktop/VE370/Projects/project2_group/pjsim/pjsim.xpr
Scanning sources...
Finished scanning sources
INFO: [IP_Flow 19-234] Refreshing IP repositories
INFO: [IP_Flow 19-1704] No user IP repositories specified
INFO: [IP_Flow 19-2313] Loaded Vivado IP repository 'D:/software/Vivado/2017.2/data/ip'.
open_project: Time (s): cpu = 00:00:20 ; elapsed = 00:00:08 . Memory (MB): peak = 871.383 ; gain = 114.215
update_compile_order -fileset sources_1
synth_design -rtl -name rtl_1
Command: synth_design -rtl -name rtl_1
Starting synth_design
Using part: xc7a35tcpg236-1
Top: project2pipeline
---------------------------------------------------------------------------------
Starting RTL Elaboration : Time (s): cpu = 00:00:08 ; elapsed = 00:00:06 . Memory (MB): peak = 871.383 ; gain = 0.000
---------------------------------------------------------------------------------
INFO: [Synth 8-638] synthesizing module 'project2pipeline' [C:/Users/Administrator/Desktop/VE370/Projects/project2_group/sources11081652/sources_1/new/project2pipeline.v:39]
INFO: [Synth 8-638] synthesizing module 'mux232' [C:/Users/Administrator/Desktop/VE370/Projects/project2_group/sources11081652/sources_1/new/mux232.v:23]
INFO: [Synth 8-226] default block is never used [C:/Users/Administrator/Desktop/VE370/Projects/project2_group/sources11081652/sources_1/new/mux232.v:30]
INFO: [Synth 8-256] done synthesizing module 'mux232' (1#1) [C:/Users/Administrator/Desktop/VE370/Projects/project2_group/sources11081652/sources_1/new/mux232.v:23]
INFO: [Synth 8-638] synthesizing module 'PC' [C:/Users/Administrator/Desktop/VE370/Projects/project2_group/sources11081652/sources_1/new/PC.v:22]
INFO: [Synth 8-256] done synthesizing module 'PC' (2#1) [C:/Users/Administrator/Desktop/VE370/Projects/project2_group/sources11081652/sources_1/new/PC.v:22]
INFO: [Synth 8-638] synthesizing module 'Adder' [C:/Users/Administrator/Desktop/VE370/Projects/project2_group/sources11081652/sources_1/new/Adder.v:23]
INFO: [Synth 8-638] synthesizing module 'ALU' [C:/Users/Administrator/Desktop/VE370/Projects/project2_group/sources11081652/sources_1/new/ALU.v:23]
INFO: [Synth 8-638] synthesizing module 'onebitALU' [C:/Users/Administrator/Desktop/VE370/Projects/project2_group/sources11081652/sources_1/new/onebitALU.v:22]
INFO: [Synth 8-638] synthesizing module 'mux2' [C:/Users/Administrator/Desktop/VE370/Projects/project2_group/sources11081652/sources_1/new/mux2.v:23]
INFO: [Synth 8-226] default block is never used [C:/Users/Administrator/Desktop/VE370/Projects/project2_group/sources11081652/sources_1/new/mux2.v:30]
INFO: [Synth 8-256] done synthesizing module 'mux2' (3#1) [C:/Users/Administrator/Desktop/VE370/Projects/project2_group/sources11081652/sources_1/new/mux2.v:23]
INFO: [Synth 8-638] synthesizing module 'add' [C:/Users/Administrator/Desktop/VE370/Projects/project2_group/sources11081652/sources_1/new/add.v:22]
INFO: [Synth 8-256] done synthesizing module 'add' (4#1) [C:/Users/Administrator/Desktop/VE370/Projects/project2_group/sources11081652/sources_1/new/add.v:22]
INFO: [Synth 8-638] synthesizing module 'mux4' [C:/Users/Administrator/Desktop/VE370/Projects/project2_group/sources11081652/sources_1/new/mux4.v:23]
INFO: [Synth 8-226] default block is never used [C:/Users/Administrator/Desktop/VE370/Projects/project2_group/sources11081652/sources_1/new/mux4.v:32]
INFO: [Synth 8-256] done synthesizing module 'mux4' (5#1) [C:/Users/Administrator/Desktop/VE370/Projects/project2_group/sources11081652/sources_1/new/mux4.v:23]
INFO: [Synth 8-256] done synthesizing module 'onebitALU' (6#1) [C:/Users/Administrator/Desktop/VE370/Projects/project2_group/sources11081652/sources_1/new/onebitALU.v:22]
INFO: [Synth 8-256] done synthesizing module 'ALU' (7#1) [C:/Users/Administrator/Desktop/VE370/Projects/project2_group/sources11081652/sources_1/new/ALU.v:23]
INFO: [Synth 8-256] done synthesizing module 'Adder' (8#1) [C:/Users/Administrator/Desktop/VE370/Projects/project2_group/sources11081652/sources_1/new/Adder.v:23]
INFO: [Synth 8-638] synthesizing module 'instructionMem' [C:/Users/Administrator/Desktop/VE370/Projects/project2_group/sources11081652/sources_1/new/instructionMem.v:23]
WARNING: [Synth 8-2898] ignoring malformed $readmem task: invalid memory name [C:/Users/Administrator/Desktop/VE370/Projects/project2_group/sources11081652/sources_1/new/instructionMem.v:29]
WARNING: [Synth 8-3848] Net IM[63][3] in module/entity instructionMem does not have driver. [C:/Users/Administrator/Desktop/VE370/Projects/project2_group/sources11081652/sources_1/new/instructionMem.v:27]
WARNING: [Synth 8-3848] Net IM[62][3] in module/entity instructionMem does not have driver. [C:/Users/Administrator/Desktop/VE370/Projects/project2_group/sources11081652/sources_1/new/instructionMem.v:27]
WARNING: [Synth 8-3848] Net IM[61][3] in module/entity instructionMem does not have driver. [C:/Users/Administrator/Desktop/VE370/Projects/project2_group/sources11081652/sources_1/new/instructionMem.v:27]
WARNING: [Synth 8-3848] Net IM[60][3] in module/entity instructionMem does not have driver. [C:/Users/Administrator/Desktop/VE370/Projects/project2_group/sources11081652/sources_1/new/instructionMem.v:27]
WARNING: [Synth 8-3848] Net IM[59][3] in module/entity instructionMem does not have driver. [C:/Users/Administrator/Desktop/VE370/Projects/project2_group/sources11081652/sources_1/new/instructionMem.v:27]
WARNING: [Synth 8-3848] Net IM[58][3] in module/entity instructionMem does not have driver. [C:/Users/Administrator/Desktop/VE370/Projects/project2_group/sources11081652/sources_1/new/instructionMem.v:27]
WARNING: [Synth 8-3848] Net IM[57][3] in module/entity instructionMem does not have driver. [C:/Users/Administrator/Desktop/VE370/Projects/project2_group/sources11081652/sources_1/new/instructionMem.v:27]
WARNING: [Synth 8-3848] Net IM[56][3] in module/entity instructionMem does not have driver. [C:/Users/Administrator/Desktop/VE370/Projects/project2_group/sources11081652/sources_1/new/instructionMem.v:27]
WARNING: [Synth 8-3848] Net IM[55][3] in module/entity instructionMem does not have driver. [C:/Users/Administrator/Desktop/VE370/Projects/project2_group/sources11081652/sources_1/new/instructionMem.v:27]
WARNING: [Synth 8-3848] Net IM[54][3] in module/entity instructionMem does not have driver. [C:/Users/Administrator/Desktop/VE370/Projects/project2_group/sources11081652/sources_1/new/instructionMem.v:27]
WARNING: [Synth 8-3848] Net IM[53][3] in module/entity instructionMem does not have driver. [C:/Users/Administrator/Desktop/VE370/Projects/project2_group/sources11081652/sources_1/new/instructionMem.v:27]
WARNING: [Synth 8-3848] Net IM[52][3] in module/entity instructionMem does not have driver. [C:/Users/Administrator/Desktop/VE370/Projects/project2_group/sources11081652/sources_1/new/instructionMem.v:27]
WARNING: [Synth 8-3848] Net IM[51][3] in module/entity instructionMem does not have driver. [C:/Users/Administrator/Desktop/VE370/Projects/project2_group/sources11081652/sources_1/new/instructionMem.v:27]
WARNING: [Synth 8-3848] Net IM[50][3] in module/entity instructionMem does not have driver. [C:/Users/Administrator/Desktop/VE370/Projects/project2_group/sources11081652/sources_1/new/instructionMem.v:27]
WARNING: [Synth 8-3848] Net IM[49][3] in module/entity instructionMem does not have driver. [C:/Users/Administrator/Desktop/VE370/Projects/project2_group/sources11081652/sources_1/new/instructionMem.v:27]
WARNING: [Synth 8-3848] Net IM[48][3] in module/entity instructionMem does not have driver. [C:/Users/Administrator/Desktop/VE370/Projects/project2_group/sources11081652/sources_1/new/instructionMem.v:27]
WARNING: [Synth 8-3848] Net IM[47][3] in module/entity instructionMem does not have driver. [C:/Users/Administrator/Desktop/VE370/Projects/project2_group/sources11081652/sources_1/new/instructionMem.v:27]
WARNING: [Synth 8-3848] Net IM[46][3] in module/entity instructionMem does not have driver. [C:/Users/Administrator/Desktop/VE370/Projects/project2_group/sources11081652/sources_1/new/instructionMem.v:27]
WARNING: [Synth 8-3848] Net IM[45][3] in module/entity instructionMem does not have driver. [C:/Users/Administrator/Desktop/VE370/Projects/project2_group/sources11081652/sources_1/new/instructionMem.v:27]
WARNING: [Synth 8-3848] Net IM[44][3] in module/entity instructionMem does not have driver. [C:/Users/Administrator/Desktop/VE370/Projects/project2_group/sources11081652/sources_1/new/instructionMem.v:27]
WARNING: [Synth 8-3848] Net IM[43][3] in module/entity instructionMem does not have driver. [C:/Users/Administrator/Desktop/VE370/Projects/project2_group/sources11081652/sources_1/new/instructionMem.v:27]
WARNING: [Synth 8-3848] Net IM[42][3] in module/entity instructionMem does not have driver. [C:/Users/Administrator/Desktop/VE370/Projects/project2_group/sources11081652/sources_1/new/instructionMem.v:27]
WARNING: [Synth 8-3848] Net IM[41][3] in module/entity instructionMem does not have driver. [C:/Users/Administrator/Desktop/VE370/Projects/project2_group/sources11081652/sources_1/new/instructionMem.v:27]
WARNING: [Synth 8-3848] Net IM[40][3] in module/entity instructionMem does not have driver. [C:/Users/Administrator/Desktop/VE370/Projects/project2_group/sources11081652/sources_1/new/instructionMem.v:27]
WARNING: [Synth 8-3848] Net IM[39][3] in module/entity instructionMem does not have driver. [C:/Users/Administrator/Desktop/VE370/Projects/project2_group/sources11081652/sources_1/new/instructionMem.v:27]
WARNING: [Synth 8-3848] Net IM[38][3] in module/entity instructionMem does not have driver. [C:/Users/Administrator/Desktop/VE370/Projects/project2_group/sources11081652/sources_1/new/instructionMem.v:27]
WARNING: [Synth 8-3848] Net IM[37][3] in module/entity instructionMem does not have driver. [C:/Users/Administrator/Desktop/VE370/Projects/project2_group/sources11081652/sources_1/new/instructionMem.v:27]
WARNING: [Synth 8-3848] Net IM[36][3] in module/entity instructionMem does not have driver. [C:/Users/Administrator/Desktop/VE370/Projects/project2_group/sources11081652/sources_1/new/instructionMem.v:27]
WARNING: [Synth 8-3848] Net IM[35][3] in module/entity instructionMem does not have driver. [C:/Users/Administrator/Desktop/VE370/Projects/project2_group/sources11081652/sources_1/new/instructionMem.v:27]
WARNING: [Synth 8-3848] Net IM[34][3] in module/entity instructionMem does not have driver. [C:/Users/Administrator/Desktop/VE370/Projects/project2_group/sources11081652/sources_1/new/instructionMem.v:27]
WARNING: [Synth 8-3848] Net IM[33][3] in module/entity instructionMem does not have driver. [C:/Users/Administrator/Desktop/VE370/Projects/project2_group/sources11081652/sources_1/new/instructionMem.v:27]
WARNING: [Synth 8-3848] Net IM[32][3] in module/entity instructionMem does not have driver. [C:/Users/Administrator/Desktop/VE370/Projects/project2_group/sources11081652/sources_1/new/instructionMem.v:27]
WARNING: [Synth 8-3848] Net IM[31][3] in module/entity instructionMem does not have driver. [C:/Users/Administrator/Desktop/VE370/Projects/project2_group/sources11081652/sources_1/new/instructionMem.v:27]
WARNING: [Synth 8-3848] Net IM[30][3] in module/entity instructionMem does not have driver. [C:/Users/Administrator/Desktop/VE370/Projects/project2_group/sources11081652/sources_1/new/instructionMem.v:27]
WARNING: [Synth 8-3848] Net IM[29][3] in module/entity instructionMem does not have driver. [C:/Users/Administrator/Desktop/VE370/Projects/project2_group/sources11081652/sources_1/new/instructionMem.v:27]
WARNING: [Synth 8-3848] Net IM[28][3] in module/entity instructionMem does not have driver. [C:/Users/Administrator/Desktop/VE370/Projects/project2_group/sources11081652/sources_1/new/instructionMem.v:27]
WARNING: [Synth 8-3848] Net IM[27][3] in module/entity instructionMem does not have driver. [C:/Users/Administrator/Desktop/VE370/Projects/project2_group/sources11081652/sources_1/new/instructionMem.v:27]
WARNING: [Synth 8-3848] Net IM[26][3] in module/entity instructionMem does not have driver. [C:/Users/Administrator/Desktop/VE370/Projects/project2_group/sources11081652/sources_1/new/instructionMem.v:27]
WARNING: [Synth 8-3848] Net IM[25][3] in module/entity instructionMem does not have driver. [C:/Users/Administrator/Desktop/VE370/Projects/project2_group/sources11081652/sources_1/new/instructionMem.v:27]
WARNING: [Synth 8-3848] Net IM[24][3] in module/entity instructionMem does not have driver. [C:/Users/Administrator/Desktop/VE370/Projects/project2_group/sources11081652/sources_1/new/instructionMem.v:27]
WARNING: [Synth 8-3848] Net IM[23][3] in module/entity instructionMem does not have driver. [C:/Users/Administrator/Desktop/VE370/Projects/project2_group/sources11081652/sources_1/new/instructionMem.v:27]
WARNING: [Synth 8-3848] Net IM[22][3] in module/entity instructionMem does not have driver. [C:/Users/Administrator/Desktop/VE370/Projects/project2_group/sources11081652/sources_1/new/instructionMem.v:27]
WARNING: [Synth 8-3848] Net IM[21][3] in module/entity instructionMem does not have driver. [C:/Users/Administrator/Desktop/VE370/Projects/project2_group/sources11081652/sources_1/new/instructionMem.v:27]
WARNING: [Synth 8-3848] Net IM[20][3] in module/entity instructionMem does not have driver. [C:/Users/Administrator/Desktop/VE370/Projects/project2_group/sources11081652/sources_1/new/instructionMem.v:27]
WARNING: [Synth 8-3848] Net IM[19][3] in module/entity instructionMem does not have driver. [C:/Users/Administrator/Desktop/VE370/Projects/project2_group/sources11081652/sources_1/new/instructionMem.v:27]
WARNING: [Synth 8-3848] Net IM[18][3] in module/entity instructionMem does not have driver. [C:/Users/Administrator/Desktop/VE370/Projects/project2_group/sources11081652/sources_1/new/instructionMem.v:27]
WARNING: [Synth 8-3848] Net IM[17][3] in module/entity instructionMem does not have driver. [C:/Users/Administrator/Desktop/VE370/Projects/project2_group/sources11081652/sources_1/new/instructionMem.v:27]
WARNING: [Synth 8-3848] Net IM[16][3] in module/entity instructionMem does not have driver. [C:/Users/Administrator/Desktop/VE370/Projects/project2_group/sources11081652/sources_1/new/instructionMem.v:27]
WARNING: [Synth 8-3848] Net IM[15][3] in module/entity instructionMem does not have driver. [C:/Users/Administrator/Desktop/VE370/Projects/project2_group/sources11081652/sources_1/new/instructionMem.v:27]
WARNING: [Synth 8-3848] Net IM[14][3] in module/entity instructionMem does not have driver. [C:/Users/Administrator/Desktop/VE370/Projects/project2_group/sources11081652/sources_1/new/instructionMem.v:27]
WARNING: [Synth 8-3848] Net IM[13][3] in module/entity instructionMem does not have driver. [C:/Users/Administrator/Desktop/VE370/Projects/project2_group/sources11081652/sources_1/new/instructionMem.v:27]
WARNING: [Synth 8-3848] Net IM[12][3] in module/entity instructionMem does not have driver. [C:/Users/Administrator/Desktop/VE370/Projects/project2_group/sources11081652/sources_1/new/instructionMem.v:27]
WARNING: [Synth 8-3848] Net IM[11][3] in module/entity instructionMem does not have driver. [C:/Users/Administrator/Desktop/VE370/Projects/project2_group/sources11081652/sources_1/new/instructionMem.v:27]
WARNING: [Synth 8-3848] Net IM[10][3] in module/entity instructionMem does not have driver. [C:/Users/Administrator/Desktop/VE370/Projects/project2_group/sources11081652/sources_1/new/instructionMem.v:27]
WARNING: [Synth 8-3848] Net IM[9][3] in module/entity instructionMem does not have driver. [C:/Users/Administrator/Desktop/VE370/Projects/project2_group/sources11081652/sources_1/new/instructionMem.v:27]
WARNING: [Synth 8-3848] Net IM[8][3] in module/entity instructionMem does not have driver. [C:/Users/Administrator/Desktop/VE370/Projects/project2_group/sources11081652/sources_1/new/instructionMem.v:27]
WARNING: [Synth 8-3848] Net IM[7][3] in module/entity instructionMem does not have driver. [C:/Users/Administrator/Desktop/VE370/Projects/project2_group/sources11081652/sources_1/new/instructionMem.v:27]
WARNING: [Synth 8-3848] Net IM[6][3] in module/entity instructionMem does not have driver. [C:/Users/Administrator/Desktop/VE370/Projects/project2_group/sources11081652/sources_1/new/instructionMem.v:27]
WARNING: [Synth 8-3848] Net IM[5][3] in module/entity instructionMem does not have driver. [C:/Users/Administrator/Desktop/VE370/Projects/project2_group/sources11081652/sources_1/new/instructionMem.v:27]
WARNING: [Synth 8-3848] Net IM[4][3] in module/entity instructionMem does not have driver. [C:/Users/Administrator/Desktop/VE370/Projects/project2_group/sources11081652/sources_1/new/instructionMem.v:27]
WARNING: [Synth 8-3848] Net IM[3][3] in module/entity instructionMem does not have driver. [C:/Users/Administrator/Desktop/VE370/Projects/project2_group/sources11081652/sources_1/new/instructionMem.v:27]
WARNING: [Synth 8-3848] Net IM[2][3] in module/entity instructionMem does not have driver. [C:/Users/Administrator/Desktop/VE370/Projects/project2_group/sources11081652/sources_1/new/instructionMem.v:27]
WARNING: [Synth 8-3848] Net IM[1][3] in module/entity instructionMem does not have driver. [C:/Users/Administrator/Desktop/VE370/Projects/project2_group/sources11081652/sources_1/new/instructionMem.v:27]
WARNING: [Synth 8-3848] Net IM[0][3] in module/entity instructionMem does not have driver. [C:/Users/Administrator/Desktop/VE370/Projects/project2_group/sources11081652/sources_1/new/instructionMem.v:27]
WARNING: [Synth 8-3848] Net IM[63][2] in module/entity instructionMem does not have driver. [C:/Users/Administrator/Desktop/VE370/Projects/project2_group/sources11081652/sources_1/new/instructionMem.v:27]
WARNING: [Synth 8-3848] Net IM[62][2] in module/entity instructionMem does not have driver. [C:/Users/Administrator/Desktop/VE370/Projects/project2_group/sources11081652/sources_1/new/instructionMem.v:27]
WARNING: [Synth 8-3848] Net IM[61][2] in module/entity instructionMem does not have driver. [C:/Users/Administrator/Desktop/VE370/Projects/project2_group/sources11081652/sources_1/new/instructionMem.v:27]
WARNING: [Synth 8-3848] Net IM[60][2] in module/entity instructionMem does not have driver. [C:/Users/Administrator/Desktop/VE370/Projects/project2_group/sources11081652/sources_1/new/instructionMem.v:27]
WARNING: [Synth 8-3848] Net IM[59][2] in module/entity instructionMem does not have driver. [C:/Users/Administrator/Desktop/VE370/Projects/project2_group/sources11081652/sources_1/new/instructionMem.v:27]
WARNING: [Synth 8-3848] Net IM[58][2] in module/entity instructionMem does not have driver. [C:/Users/Administrator/Desktop/VE370/Projects/project2_group/sources11081652/sources_1/new/instructionMem.v:27]
WARNING: [Synth 8-3848] Net IM[57][2] in module/entity instructionMem does not have driver. [C:/Users/Administrator/Desktop/VE370/Projects/project2_group/sources11081652/sources_1/new/instructionMem.v:27]
WARNING: [Synth 8-3848] Net IM[56][2] in module/entity instructionMem does not have driver. [C:/Users/Administrator/Desktop/VE370/Projects/project2_group/sources11081652/sources_1/new/instructionMem.v:27]
WARNING: [Synth 8-3848] Net IM[55][2] in module/entity instructionMem does not have driver. [C:/Users/Administrator/Desktop/VE370/Projects/project2_group/sources11081652/sources_1/new/instructionMem.v:27]
WARNING: [Synth 8-3848] Net IM[54][2] in module/entity instructionMem does not have driver. [C:/Users/Administrator/Desktop/VE370/Projects/project2_group/sources11081652/sources_1/new/instructionMem.v:27]
WARNING: [Synth 8-3848] Net IM[53][2] in module/entity instructionMem does not have driver. [C:/Users/Administrator/Desktop/VE370/Projects/project2_group/sources11081652/sources_1/new/instructionMem.v:27]
WARNING: [Synth 8-3848] Net IM[52][2] in module/entity instructionMem does not have driver. [C:/Users/Administrator/Desktop/VE370/Projects/project2_group/sources11081652/sources_1/new/instructionMem.v:27]
WARNING: [Synth 8-3848] Net IM[51][2] in module/entity instructionMem does not have driver. [C:/Users/Administrator/Desktop/VE370/Projects/project2_group/sources11081652/sources_1/new/instructionMem.v:27]
WARNING: [Synth 8-3848] Net IM[50][2] in module/entity instructionMem does not have driver. [C:/Users/Administrator/Desktop/VE370/Projects/project2_group/sources11081652/sources_1/new/instructionMem.v:27]
WARNING: [Synth 8-3848] Net IM[49][2] in module/entity instructionMem does not have driver. [C:/Users/Administrator/Desktop/VE370/Projects/project2_group/sources11081652/sources_1/new/instructionMem.v:27]
WARNING: [Synth 8-3848] Net IM[48][2] in module/entity instructionMem does not have driver. [C:/Users/Administrator/Desktop/VE370/Projects/project2_group/sources11081652/sources_1/new/instructionMem.v:27]
WARNING: [Synth 8-3848] Net IM[47][2] in module/entity instructionMem does not have driver. [C:/Users/Administrator/Desktop/VE370/Projects/project2_group/sources11081652/sources_1/new/instructionMem.v:27]
WARNING: [Synth 8-3848] Net IM[46][2] in module/entity instructionMem does not have driver. [C:/Users/Administrator/Desktop/VE370/Projects/project2_group/sources11081652/sources_1/new/instructionMem.v:27]
WARNING: [Synth 8-3848] Net IM[45][2] in module/entity instructionMem does not have driver. [C:/Users/Administrator/Desktop/VE370/Projects/project2_group/sources11081652/sources_1/new/instructionMem.v:27]
WARNING: [Synth 8-3848] Net IM[44][2] in module/entity instructionMem does not have driver. [C:/Users/Administrator/Desktop/VE370/Projects/project2_group/sources11081652/sources_1/new/instructionMem.v:27]
WARNING: [Synth 8-3848] Net IM[43][2] in module/entity instructionMem does not have driver. [C:/Users/Administrator/Desktop/VE370/Projects/project2_group/sources11081652/sources_1/new/instructionMem.v:27]
WARNING: [Synth 8-3848] Net IM[42][2] in module/entity instructionMem does not have driver. [C:/Users/Administrator/Desktop/VE370/Projects/project2_group/sources11081652/sources_1/new/instructionMem.v:27]
WARNING: [Synth 8-3848] Net IM[41][2] in module/entity instructionMem does not have driver. [C:/Users/Administrator/Desktop/VE370/Projects/project2_group/sources11081652/sources_1/new/instructionMem.v:27]
WARNING: [Synth 8-3848] Net IM[40][2] in module/entity instructionMem does not have driver. [C:/Users/Administrator/Desktop/VE370/Projects/project2_group/sources11081652/sources_1/new/instructionMem.v:27]
WARNING: [Synth 8-3848] Net IM[39][2] in module/entity instructionMem does not have driver. [C:/Users/Administrator/Desktop/VE370/Projects/project2_group/sources11081652/sources_1/new/instructionMem.v:27]
WARNING: [Synth 8-3848] Net IM[38][2] in module/entity instructionMem does not have driver. [C:/Users/Administrator/Desktop/VE370/Projects/project2_group/sources11081652/sources_1/new/instructionMem.v:27]
WARNING: [Synth 8-3848] Net IM[37][2] in module/entity instructionMem does not have driver. [C:/Users/Administrator/Desktop/VE370/Projects/project2_group/sources11081652/sources_1/new/instructionMem.v:27]
WARNING: [Synth 8-3848] Net IM[36][2] in module/entity instructionMem does not have driver. [C:/Users/Administrator/Desktop/VE370/Projects/project2_group/sources11081652/sources_1/new/instructionMem.v:27]
WARNING: [Synth 8-3848] Net IM[35][2] in module/entity instructionMem does not have driver. [C:/Users/Administrator/Desktop/VE370/Projects/project2_group/sources11081652/sources_1/new/instructionMem.v:27]
WARNING: [Synth 8-3848] Net IM[34][2] in module/entity instructionMem does not have driver. [C:/Users/Administrator/Desktop/VE370/Projects/project2_group/sources11081652/sources_1/new/instructionMem.v:27]
WARNING: [Synth 8-3848] Net IM[33][2] in module/entity instructionMem does not have driver. [C:/Users/Administrator/Desktop/VE370/Projects/project2_group/sources11081652/sources_1/new/instructionMem.v:27]
WARNING: [Synth 8-3848] Net IM[32][2] in module/entity instructionMem does not have driver. [C:/Users/Administrator/Desktop/VE370/Projects/project2_group/sources11081652/sources_1/new/instructionMem.v:27]
WARNING: [Synth 8-3848] Net IM[31][2] in module/entity instructionMem does not have driver. [C:/Users/Administrator/Desktop/VE370/Projects/project2_group/sources11081652/sources_1/new/instructionMem.v:27]
WARNING: [Synth 8-3848] Net IM[30][2] in module/entity instructionMem does not have driver. [C:/Users/Administrator/Desktop/VE370/Projects/project2_group/sources11081652/sources_1/new/instructionMem.v:27]
WARNING: [Synth 8-3848] Net IM[29][2] in module/entity instructionMem does not have driver. [C:/Users/Administrator/Desktop/VE370/Projects/project2_group/sources11081652/sources_1/new/instructionMem.v:27]
WARNING: [Synth 8-3848] Net IM[28][2] in module/entity instructionMem does not have driver. [C:/Users/Administrator/Desktop/VE370/Projects/project2_group/sources11081652/sources_1/new/instructionMem.v:27]
INFO: [Common 17-14] Message 'Synth 8-3848' appears 100 times and further instances of the messages will be disabled. Use the Tcl command set_msg_config to change the current settings.
INFO: [Synth 8-256] done synthesizing module 'instructionMem' (9#1) [C:/Users/Administrator/Desktop/VE370/Projects/project2_group/sources11081652/sources_1/new/instructionMem.v:23]
INFO: [Synth 8-638] synthesizing module 'IFID' [C:/Users/Administrator/Desktop/VE370/Projects/project2_group/sources11081652/sources_1/new/IFID.v:23]
INFO: [Synth 8-256] done synthesizing module 'IFID' (10#1) [C:/Users/Administrator/Desktop/VE370/Projects/project2_group/sources11081652/sources_1/new/IFID.v:23]
INFO: [Synth 8-638] synthesizing module 'shiftLeft26' [C:/Users/Administrator/Desktop/VE370/Projects/project2_group/sources11081652/sources_1/new/shiftLeft26.v:23]
INFO: [Synth 8-256] done synthesizing module 'shiftLeft26' (11#1) [C:/Users/Administrator/Desktop/VE370/Projects/project2_group/sources11081652/sources_1/new/shiftLeft26.v:23]
INFO: [Synth 8-638] synthesizing module 'Control' [C:/Users/Administrator/Desktop/VE370/Projects/project2_group/sources11081652/sources_1/new/Control.v:23]
INFO: [Synth 8-155] case statement is not full and has no default [C:/Users/Administrator/Desktop/VE370/Projects/project2_group/sources11081652/sources_1/new/Control.v:39]
INFO: [Synth 8-256] done synthesizing module 'Control' (12#1) [C:/Users/Administrator/Desktop/VE370/Projects/project2_group/sources11081652/sources_1/new/Control.v:23]
INFO: [Synth 8-638] synthesizing module 'muxControl' [C:/Users/Administrator/Desktop/VE370/Projects/project2_group/sources11081652/sources_1/new/muxControl.v:23]
INFO: [Synth 8-256] done synthesizing module 'muxControl' (13#1) [C:/Users/Administrator/Desktop/VE370/Projects/project2_group/sources11081652/sources_1/new/muxControl.v:23]
INFO: [Synth 8-638] synthesizing module 'registers' [C:/Users/Administrator/Desktop/VE370/Projects/project2_group/sources11081652/sources_1/new/registers.v:87]
INFO: [Synth 8-256] done synthesizing module 'registers' (14#1) [C:/Users/Administrator/Desktop/VE370/Projects/project2_group/sources11081652/sources_1/new/registers.v:87]
INFO: [Synth 8-638] synthesizing module 'Equal' [C:/Users/Administrator/Desktop/VE370/Projects/project2_group/sources11081652/sources_1/new/Equal.v:22]
INFO: [Synth 8-256] done synthesizing module 'Equal' (15#1) [C:/Users/Administrator/Desktop/VE370/Projects/project2_group/sources11081652/sources_1/new/Equal.v:22]
INFO: [Synth 8-638] synthesizing module 'signExtend' [C:/Users/Administrator/Desktop/VE370/Projects/project2_group/sources11081652/sources_1/new/signExend.v:23]
INFO: [Synth 8-256] done synthesizing module 'signExtend' (16#1) [C:/Users/Administrator/Desktop/VE370/Projects/project2_group/sources11081652/sources_1/new/signExend.v:23]
INFO: [Synth 8-638] synthesizing module 'shiftLeft16' [C:/Users/Administrator/Desktop/VE370/Projects/project2_group/sources11081652/sources_1/new/shiftLeft16.v:23]
INFO: [Synth 8-256] done synthesizing module 'shiftLeft16' (17#1) [C:/Users/Administrator/Desktop/VE370/Projects/project2_group/sources11081652/sources_1/new/shiftLeft16.v:23]
INFO: [Synth 8-638] synthesizing module 'IDEX' [C:/Users/Administrator/Desktop/VE370/Projects/project2_group/sources11081652/sources_1/new/IDEX.v:23]
INFO: [Synth 8-256] done synthesizing module 'IDEX' (18#1) [C:/Users/Administrator/Desktop/VE370/Projects/project2_group/sources11081652/sources_1/new/IDEX.v:23]
INFO: [Synth 8-638] synthesizing module 'mux432' [C:/Users/Administrator/Desktop/VE370/Projects/project2_group/sources11081652/sources_1/new/mux432.v:23]
INFO: [Synth 8-226] default block is never used [C:/Users/Administrator/Desktop/VE370/Projects/project2_group/sources11081652/sources_1/new/mux432.v:32]
INFO: [Synth 8-256] done synthesizing module 'mux432' (19#1) [C:/Users/Administrator/Desktop/VE370/Projects/project2_group/sources11081652/sources_1/new/mux432.v:23]
INFO: [Synth 8-638] synthesizing module 'mux25' [C:/Users/Administrator/Desktop/VE370/Projects/project2_group/sources11081652/sources_1/new/mux25.v:24]
INFO: [Synth 8-226] default block is never used [C:/Users/Administrator/Desktop/VE370/Projects/project2_group/sources11081652/sources_1/new/mux25.v:31]
INFO: [Synth 8-256] done synthesizing module 'mux25' (20#1) [C:/Users/Administrator/Desktop/VE370/Projects/project2_group/sources11081652/sources_1/new/mux25.v:24]
INFO: [Synth 8-638] synthesizing module 'ALUControl' [C:/Users/Administrator/Desktop/VE370/Projects/project2_group/sources11081652/sources_1/new/ALUControl.v:23]
INFO: [Synth 8-155] case statement is not full and has no default [C:/Users/Administrator/Desktop/VE370/Projects/project2_group/sources11081652/sources_1/new/ALUControl.v:33]
INFO: [Synth 8-256] done synthesizing module 'ALUControl' (21#1) [C:/Users/Administrator/Desktop/VE370/Projects/project2_group/sources11081652/sources_1/new/ALUControl.v:23]
INFO: [Synth 8-638] synthesizing module 'EXMEM' [C:/Users/Administrator/Desktop/VE370/Projects/project2_group/sources11081652/sources_1/new/EXMEM.v:23]
INFO: [Synth 8-256] done synthesizing module 'EXMEM' (22#1) [C:/Users/Administrator/Desktop/VE370/Projects/project2_group/sources11081652/sources_1/new/EXMEM.v:23]
INFO: [Synth 8-638] synthesizing module 'dataMemory' [C:/Users/Administrator/Desktop/VE370/Projects/project2_group/sources11081652/sources_1/new/dataMemory.v:23]
INFO: [Synth 8-256] done synthesizing module 'dataMemory' (23#1) [C:/Users/Administrator/Desktop/VE370/Projects/project2_group/sources11081652/sources_1/new/dataMemory.v:23]
INFO: [Synth 8-638] synthesizing module 'MEMWB' [C:/Users/Administrator/Desktop/VE370/Projects/project2_group/sources11081652/sources_1/new/MEMWB.v:23]
INFO: [Synth 8-256] done synthesizing module 'MEMWB' (24#1) [C:/Users/Administrator/Desktop/VE370/Projects/project2_group/sources11081652/sources_1/new/MEMWB.v:23]
INFO: [Synth 8-638] synthesizing module 'Hazard_Detection_Unit' [C:/Users/Administrator/Desktop/VE370/Projects/project2_group/sources11081652/sources_1/new/Hazard_Detection_Unit.v:73]
WARNING: [Synth 8-6014] Unused sequential element IF_ID_Write_reg was removed.  [C:/Users/Administrator/Desktop/VE370/Projects/project2_group/sources11081652/sources_1/new/Hazard_Detection_Unit.v:107]
INFO: [Synth 8-256] done synthesizing module 'Hazard_Detection_Unit' (25#1) [C:/Users/Administrator/Desktop/VE370/Projects/project2_group/sources11081652/sources_1/new/Hazard_Detection_Unit.v:73]
INFO: [Synth 8-638] synthesizing module 'Forward_Unit' [C:/Users/Administrator/Desktop/VE370/Projects/project2_group/sources11081652/sources_1/new/Forward_Unit.v:61]
INFO: [Synth 8-256] done synthesizing module 'Forward_Unit' (26#1) [C:/Users/Administrator/Desktop/VE370/Projects/project2_group/sources11081652/sources_1/new/Forward_Unit.v:61]
INFO: [Synth 8-256] done synthesizing module 'project2pipeline' (27#1) [C:/Users/Administrator/Desktop/VE370/Projects/project2_group/sources11081652/sources_1/new/project2pipeline.v:39]
WARNING: [Synth 8-3331] design dataMemory has unconnected port clk
WARNING: [Synth 8-3331] design shiftLeft16 has unconnected port Imm[31]
WARNING: [Synth 8-3331] design shiftLeft16 has unconnected port Imm[30]
---------------------------------------------------------------------------------
Finished RTL Elaboration : Time (s): cpu = 00:00:13 ; elapsed = 00:00:11 . Memory (MB): peak = 948.250 ; gain = 76.867
---------------------------------------------------------------------------------

Report Check Netlist: 
+------+------------------+-------+---------+-------+------------------+
|      |Item              |Errors |Warnings |Status |Description       |
+------+------------------+-------+---------+-------+------------------+
|1     |multi_driven_nets |      0|        0|Passed |Multi driven nets |
+------+------------------+-------+---------+-------+------------------+
---------------------------------------------------------------------------------
Finished RTL Optimization Phase 1 : Time (s): cpu = 00:00:14 ; elapsed = 00:00:12 . Memory (MB): peak = 948.250 ; gain = 76.867
---------------------------------------------------------------------------------
INFO: [Device 21-403] Loading part xc7a35tcpg236-1
INFO: [Project 1-570] Preparing netlist for logic optimization

Processing XDC Constraints
Initializing timing engine
Completed Processing XDC Constraints

INFO: [Opt 31-141] Inserted 2 OBUFs to IO ports without IO buffers.
INFO: [Opt 31-138] Pushed 0 inverter(s) to 0 load pin(s).
INFO: [Project 1-111] Unisim Transformation Summary:
No Unisim elements were transformed.

RTL Elaboration Complete:  : Time (s): cpu = 00:00:47 ; elapsed = 00:00:36 . Memory (MB): peak = 1272.793 ; gain = 401.410
67 Infos, 105 Warnings, 0 Critical Warnings and 0 Errors encountered.
synth_design completed successfully
synth_design: Time (s): cpu = 00:00:47 ; elapsed = 00:00:36 . Memory (MB): peak = 1272.793 ; gain = 401.410
exit
INFO: [Common 17-206] Exiting Vivado at Sun Nov  8 23:27:43 2020...
