#-----------------------------------------------------------
# Vivado v2017.2 (64-bit)
# SW Build 1909853 on Thu Jun 15 18:39:09 MDT 2017
# IP Build 1909766 on Thu Jun 15 19:58:00 MDT 2017
# Start of session at: Sun Nov  8 17:32:42 2020
# Process ID: 2016
# Current directory: C:/Users/Administrator/Desktop/VE370/Projects/project2_group/pjsim
# Command line: vivado.exe -gui_launcher_event rodinguilauncherevent18572 C:\Users\Administrator\Desktop\VE370\Projects\project2_group\pjsim\pjsim.xpr
# Log file: C:/Users/Administrator/Desktop/VE370/Projects/project2_group/pjsim/vivado.log
# Journal file: C:/Users/Administrator/Desktop/VE370/Projects/project2_group/pjsim\vivado.jou
#-----------------------------------------------------------
start_gui
open_project C:/Users/Administrator/Desktop/VE370/Projects/project2_group/pjsim/pjsim.xpr
Scanning sources...
Finished scanning sources
INFO: [IP_Flow 19-234] Refreshing IP repositories
INFO: [IP_Flow 19-1704] No user IP repositories specified
INFO: [IP_Flow 19-2313] Loaded Vivado IP repository 'D:/software/Vivado/2017.2/data/ip'.
update_compile_order -fileset sources_1
launch_simulation
INFO: [SIM-utils-51] Simulation object is 'sim_1'
INFO: [SIM-utils-54] Inspecting design source files for 'p2pipelineSIM' in fileset 'sim_1'...
INFO: [USF-XSim-97] Finding global include files...
INFO: [USF-XSim-98] Fetching design files from 'sim_1'...
INFO: [USF-XSim-2] XSim::Compile design
INFO: [USF-XSim-61] Executing 'COMPILE and ANALYZE' step in 'C:/Users/Administrator/Desktop/VE370/Projects/project2_group/pjsim/pjsim.sim/sim_1/behav'
"xvlog -m64 --relax -prj p2pipelineSIM_vlog.prj"
INFO: [VRFC 10-2263] Analyzing Verilog file "C:/Users/Administrator/Desktop/VE370/Projects/project2_group/sources11081652/sources_1/new/ALU.v" into library xil_defaultlib
INFO: [VRFC 10-311] analyzing module ALU
INFO: [VRFC 10-2263] Analyzing Verilog file "C:/Users/Administrator/Desktop/VE370/Projects/project2_group/sources11081652/sources_1/new/ALUControl.v" into library xil_defaultlib
INFO: [VRFC 10-311] analyzing module ALUControl
INFO: [VRFC 10-2263] Analyzing Verilog file "C:/Users/Administrator/Desktop/VE370/Projects/project2_group/sources11081652/sources_1/new/Adder.v" into library xil_defaultlib
INFO: [VRFC 10-311] analyzing module Adder
INFO: [VRFC 10-2263] Analyzing Verilog file "C:/Users/Administrator/Desktop/VE370/Projects/project2_group/sources11081652/sources_1/new/Control.v" into library xil_defaultlib
INFO: [VRFC 10-311] analyzing module Control
INFO: [VRFC 10-2263] Analyzing Verilog file "C:/Users/Administrator/Desktop/VE370/Projects/project2_group/sources11081652/sources_1/new/EXMEM.v" into library xil_defaultlib
INFO: [VRFC 10-311] analyzing module EXMEM
INFO: [VRFC 10-2263] Analyzing Verilog file "C:/Users/Administrator/Desktop/VE370/Projects/project2_group/sources11081652/sources_1/new/Equal.v" into library xil_defaultlib
INFO: [VRFC 10-311] analyzing module Equal
INFO: [VRFC 10-2263] Analyzing Verilog file "C:/Users/Administrator/Desktop/VE370/Projects/project2_group/sources11081652/sources_1/new/Forward_Unit.v" into library xil_defaultlib
INFO: [VRFC 10-311] analyzing module Forward_Unit
INFO: [VRFC 10-2263] Analyzing Verilog file "C:/Users/Administrator/Desktop/VE370/Projects/project2_group/sources11081652/sources_1/new/Hazard_Detection_Unit.v" into library xil_defaultlib
INFO: [VRFC 10-311] analyzing module Hazard_Detection_Unit
INFO: [VRFC 10-2263] Analyzing Verilog file "C:/Users/Administrator/Desktop/VE370/Projects/project2_group/sources11081652/sources_1/new/IDEX.v" into library xil_defaultlib
INFO: [VRFC 10-311] analyzing module IDEX
INFO: [VRFC 10-2263] Analyzing Verilog file "C:/Users/Administrator/Desktop/VE370/Projects/project2_group/sources11081652/sources_1/new/IFID.v" into library xil_defaultlib
INFO: [VRFC 10-311] analyzing module IFID
INFO: [VRFC 10-2263] Analyzing Verilog file "C:/Users/Administrator/Desktop/VE370/Projects/project2_group/sources11081652/sources_1/new/MEMWB.v" into library xil_defaultlib
INFO: [VRFC 10-311] analyzing module MEMWB
INFO: [VRFC 10-2263] Analyzing Verilog file "C:/Users/Administrator/Desktop/VE370/Projects/project2_group/sources11081652/sources_1/new/PC.v" into library xil_defaultlib
INFO: [VRFC 10-311] analyzing module PC
INFO: [VRFC 10-2263] Analyzing Verilog file "C:/Users/Administrator/Desktop/VE370/Projects/project2_group/sources11081652/sources_1/new/add.v" into library xil_defaultlib
INFO: [VRFC 10-311] analyzing module add
INFO: [VRFC 10-2263] Analyzing Verilog file "C:/Users/Administrator/Desktop/VE370/Projects/project2_group/sources11081652/sources_1/new/dataMemory.v" into library xil_defaultlib
INFO: [VRFC 10-311] analyzing module dataMemory
INFO: [VRFC 10-2263] Analyzing Verilog file "C:/Users/Administrator/Desktop/VE370/Projects/project2_group/sources11081652/sources_1/new/instructionMem.v" into library xil_defaultlib
INFO: [VRFC 10-311] analyzing module instructionMem
INFO: [VRFC 10-2263] Analyzing Verilog file "C:/Users/Administrator/Desktop/VE370/Projects/project2_group/sources11081652/sources_1/new/mux2.v" into library xil_defaultlib
INFO: [VRFC 10-311] analyzing module mux2
INFO: [VRFC 10-2263] Analyzing Verilog file "C:/Users/Administrator/Desktop/VE370/Projects/project2_group/sources11081652/sources_1/new/mux232.v" into library xil_defaultlib
INFO: [VRFC 10-311] analyzing module mux232
INFO: [VRFC 10-2263] Analyzing Verilog file "C:/Users/Administrator/Desktop/VE370/Projects/project2_group/sources11081652/sources_1/new/mux25.v" into library xil_defaultlib
INFO: [VRFC 10-311] analyzing module mux25
INFO: [VRFC 10-2263] Analyzing Verilog file "C:/Users/Administrator/Desktop/VE370/Projects/project2_group/sources11081652/sources_1/new/mux4.v" into library xil_defaultlib
INFO: [VRFC 10-311] analyzing module mux4
INFO: [VRFC 10-2263] Analyzing Verilog file "C:/Users/Administrator/Desktop/VE370/Projects/project2_group/sources11081652/sources_1/new/mux432.v" into library xil_defaultlib
INFO: [VRFC 10-311] analyzing module mux432
INFO: [VRFC 10-2263] Analyzing Verilog file "C:/Users/Administrator/Desktop/VE370/Projects/project2_group/sources11081652/sources_1/new/muxControl.v" into library xil_defaultlib
INFO: [VRFC 10-311] analyzing module muxControl
INFO: [VRFC 10-2263] Analyzing Verilog file "C:/Users/Administrator/Desktop/VE370/Projects/project2_group/sources11081652/sources_1/new/onebitALU.v" into library xil_defaultlib
INFO: [VRFC 10-311] analyzing module onebitALU
INFO: [VRFC 10-2263] Analyzing Verilog file "C:/Users/Administrator/Desktop/VE370/Projects/project2_group/sources11081652/sources_1/new/project2pipeline.v" into library xil_defaultlib
INFO: [VRFC 10-311] analyzing module project2pipeline
INFO: [VRFC 10-2263] Analyzing Verilog file "C:/Users/Administrator/Desktop/VE370/Projects/project2_group/sources11081652/sources_1/new/registers.v" into library xil_defaultlib
INFO: [VRFC 10-311] analyzing module registers
INFO: [VRFC 10-2263] Analyzing Verilog file "C:/Users/Administrator/Desktop/VE370/Projects/project2_group/sources11081652/sources_1/new/shiftLeft16.v" into library xil_defaultlib
INFO: [VRFC 10-311] analyzing module shiftLeft16
INFO: [VRFC 10-2263] Analyzing Verilog file "C:/Users/Administrator/Desktop/VE370/Projects/project2_group/sources11081652/sources_1/new/shiftLeft26.v" into library xil_defaultlib
INFO: [VRFC 10-311] analyzing module shiftLeft26
INFO: [VRFC 10-2263] Analyzing Verilog file "C:/Users/Administrator/Desktop/VE370/Projects/project2_group/sources11081652/sources_1/new/signExend.v" into library xil_defaultlib
INFO: [VRFC 10-311] analyzing module signExtend
INFO: [VRFC 10-2263] Analyzing Verilog file "C:/Users/Administrator/Desktop/VE370/Projects/project2_group/sources11081652/sim_1/new/p2pipelineSIM.v" into library xil_defaultlib
INFO: [VRFC 10-311] analyzing module p2pipelineSIM
INFO: [VRFC 10-2263] Analyzing Verilog file "C:/Users/Administrator/Desktop/VE370/Projects/project2_group/pjsim/pjsim.sim/sim_1/behav/glbl.v" into library xil_defaultlib
INFO: [VRFC 10-311] analyzing module glbl
INFO: [USF-XSim-69] 'compile' step finished in '4' seconds
INFO: [USF-XSim-3] XSim::Elaborate design
INFO: [USF-XSim-61] Executing 'ELABORATE' step in 'C:/Users/Administrator/Desktop/VE370/Projects/project2_group/pjsim/pjsim.sim/sim_1/behav'
Vivado Simulator 2017.2
Copyright 1986-1999, 2001-2016 Xilinx, Inc. All Rights Reserved.
Running: D:/software/Vivado/2017.2/bin/unwrapped/win64.o/xelab.exe -wto 6dbf78677c12474fa703dc01962719aa --debug typical --relax --mt 2 -L xil_defaultlib -L unisims_ver -L unimacro_ver -L secureip --snapshot p2pipelineSIM_behav xil_defaultlib.p2pipelineSIM xil_defaultlib.glbl -log elaborate.log 
Using 2 slave threads.
Starting static elaboration
Completed static elaboration
Starting simulation data flow analysis
Completed simulation data flow analysis
Time Resolution for simulation is 1ps
Compiling module xil_defaultlib.mux232
Compiling module xil_defaultlib.PC
Compiling module xil_defaultlib.mux2
Compiling module xil_defaultlib.add
Compiling module xil_defaultlib.mux4
Compiling module xil_defaultlib.onebitALU
Compiling module xil_defaultlib.ALU
Compiling module xil_defaultlib.Adder
Compiling module xil_defaultlib.instructionMem
Compiling module xil_defaultlib.IFID
Compiling module xil_defaultlib.shiftLeft26
Compiling module xil_defaultlib.Control
Compiling module xil_defaultlib.muxControl
Compiling module xil_defaultlib.registers
Compiling module xil_defaultlib.Equal
Compiling module xil_defaultlib.signExtend
Compiling module xil_defaultlib.shiftLeft16
Compiling module xil_defaultlib.IDEX
Compiling module xil_defaultlib.mux432
Compiling module xil_defaultlib.mux25
Compiling module xil_defaultlib.ALUControl
Compiling module xil_defaultlib.EXMEM
Compiling module xil_defaultlib.dataMemory
Compiling module xil_defaultlib.MEMWB
Compiling module xil_defaultlib.Hazard_Detection_Unit
Compiling module xil_defaultlib.Forward_Unit
Compiling module xil_defaultlib.project2pipeline
Compiling module xil_defaultlib.p2pipelineSIM
Compiling module xil_defaultlib.glbl
Built simulation snapshot p2pipelineSIM_behav

****** Webtalk v2017.2 (64-bit)
  **** SW Build 1909853 on Thu Jun 15 18:39:09 MDT 2017
  **** IP Build 1909766 on Thu Jun 15 19:58:00 MDT 2017
    ** Copyright 1986-2017 Xilinx, Inc. All Rights Reserved.

source C:/Users/Administrator/Desktop/VE370/Projects/project2_group/pjsim/pjsim.sim/sim_1/behav/xsim.dir/p2pipelineSIM_behav/webtalk/xsim_webtalk.tcl -notrace
INFO: [Common 17-206] Exiting Webtalk at Sun Nov  8 17:33:20 2020...
run_program: Time (s): cpu = 00:00:00 ; elapsed = 00:00:06 . Memory (MB): peak = 859.262 ; gain = 0.000
INFO: [USF-XSim-69] 'elaborate' step finished in '6' seconds
INFO: [USF-XSim-4] XSim::Simulate design
INFO: [USF-XSim-61] Executing 'SIMULATE' step in 'C:/Users/Administrator/Desktop/VE370/Projects/project2_group/pjsim/pjsim.sim/sim_1/behav'
INFO: [USF-XSim-98] *** Running xsim
   with args "p2pipelineSIM_behav -key {Behavioral:sim_1:Functional:p2pipelineSIM} -tclbatch {p2pipelineSIM.tcl} -log {simulate.log}"
INFO: [USF-XSim-8] Loading simulator feature
Vivado Simulator 2017.2
Time resolution is 1 ps
source p2pipelineSIM.tcl
# set curr_wave [current_wave_config]
# if { [string length $curr_wave] == 0 } {
#   if { [llength [get_objects]] > 0} {
#     add_wave /
#     set_property needs_save false [current_wave_config]
#   } else {
#      send_msg_id Add_Wave-1 WARNING "No top level signals found. Simulator will start without a wave window. If you want to open a wave window go to 'File->New Waveform Configuration' or type 'create_wave_config' in the TCL console."
#   }
# }
# run 1000ns
WARNING: Too many words specified in data file C:/Users/Administrator/Desktop/VE370/Projects/project2_group/pjsim/InstructionMem_for_P2_Demo_bonus.txt
Time:          0, CLK=          0, PC=00000000
[$s0] = 00000000, [$s1] = 00000000, [$s2] = 00000000
[$s3] = 00000000, [$s4] = 00000000, [$s5] = 00000000
[$s6] = 00000000, [$s7] = 00000000, [$t0] = 00000000
[$t1] = 00000000, [$t2] = 00000000, [$t3] = 00000000
[$t4] = 00000000, [$t5] = 00000000, [$t6] = 00000000
[$t7] = 00000000, [$t8] = 00000000, [$t9] = 00000000
[$zero]=00000000
Time:                  10, CLK=1, PC=00000000
[$s0] = 00000000, [$s1] = 00000000, [$s2] = 00000000
[$s3] = 00000000, [$s4] = 00000000, [$s5] = 00000000
[$s6] = 00000000, [$s7] = 00000000, [$t0] = 00000000
[$t1] = 00000000, [$t2] = 00000000, [$t3] = 00000000
[$t4] = 00000000, [$t5] = 00000000, [$t6] = 00000000
[$t7] = 00000000, [$t8] = 00000000, [$t9] = 00000000
[$zero]=00000000
Time:                  20, CLK=0, PC=00000004
[$s0] = 00000000, [$s1] = 00000000, [$s2] = 00000000
[$s3] = 00000000, [$s4] = 00000000, [$s5] = 00000000
[$s6] = 00000000, [$s7] = 00000000, [$t0] = 00000000
[$t1] = 00000000, [$t2] = 00000000, [$t3] = 00000000
[$t4] = 00000000, [$t5] = 00000000, [$t6] = 00000000
[$t7] = 00000000, [$t8] = 00000000, [$t9] = 00000000
[$zero]=00000000
Time:                  30, CLK=1, PC=00000004
[$s0] = 00000000, [$s1] = 00000000, [$s2] = 00000000
[$s3] = 00000000, [$s4] = 00000000, [$s5] = 00000000
[$s6] = 00000000, [$s7] = 00000000, [$t0] = 00000000
[$t1] = 00000000, [$t2] = 00000000, [$t3] = 00000000
[$t4] = 00000000, [$t5] = 00000000, [$t6] = 00000000
[$t7] = 00000000, [$t8] = 00000000, [$t9] = 00000000
[$zero]=00000000
Time:                  40, CLK=0, PC=00000008
[$s0] = 00000000, [$s1] = 00000000, [$s2] = 00000000
[$s3] = 00000000, [$s4] = 00000000, [$s5] = 00000000
[$s6] = 00000000, [$s7] = 00000000, [$t0] = 00000000
[$t1] = 00000000, [$t2] = 00000000, [$t3] = 00000000
[$t4] = 00000000, [$t5] = 00000000, [$t6] = 00000000
[$t7] = 00000000, [$t8] = 00000000, [$t9] = 00000000
[$zero]=00000000
Time:                  50, CLK=1, PC=00000008
[$s0] = 00000000, [$s1] = 00000000, [$s2] = 00000000
[$s3] = 00000000, [$s4] = 00000000, [$s5] = 00000000
[$s6] = 00000000, [$s7] = 00000000, [$t0] = 00000000
[$t1] = 00000000, [$t2] = 00000000, [$t3] = 00000000
[$t4] = 00000000, [$t5] = 00000000, [$t6] = 00000000
[$t7] = 00000000, [$t8] = 00000000, [$t9] = 00000000
[$zero]=00000000
Time:                  60, CLK=0, PC=00000000
[$s0] = 00000000, [$s1] = 00000000, [$s2] = 00000000
[$s3] = 00000000, [$s4] = 00000000, [$s5] = 00000000
[$s6] = 00000000, [$s7] = 00000000, [$t0] = 00000000
[$t1] = 00000000, [$t2] = 00000000, [$t3] = 00000000
[$t4] = 00000000, [$t5] = 00000000, [$t6] = 00000000
[$t7] = 00000000, [$t8] = 00000000, [$t9] = 00000000
[$zero]=00000000
Time:                  70, CLK=1, PC=00000000
[$s0] = 00000000, [$s1] = 00000000, [$s2] = 00000000
[$s3] = 00000000, [$s4] = 00000000, [$s5] = 00000000
[$s6] = 00000000, [$s7] = 00000000, [$t0] = 00000000
[$t1] = 00000000, [$t2] = 00000000, [$t3] = 00000000
[$t4] = 00000000, [$t5] = 00000000, [$t6] = 00000000
[$t7] = 00000000, [$t8] = 00000000, [$t9] = 00000000
[$zero]=00000000
Time:                  80, CLK=0, PC=00000004
[$s0] = 00000000, [$s1] = 00000000, [$s2] = 00000000
[$s3] = 00000000, [$s4] = 00000000, [$s5] = 00000000
[$s6] = 00000000, [$s7] = 00000000, [$t0] = 00000000
[$t1] = 00000000, [$t2] = 00000000, [$t3] = 00000000
[$t4] = 00000000, [$t5] = 00000000, [$t6] = 00000000
[$t7] = 00000000, [$t8] = 00000000, [$t9] = 00000000
[$zero]=00000000
Time:                  90, CLK=1, PC=00000004
[$s0] = 00000000, [$s1] = 00000000, [$s2] = 00000000
[$s3] = 00000000, [$s4] = 00000000, [$s5] = 00000000
[$s6] = 00000000, [$s7] = 00000000, [$t0] = 00000000
[$t1] = 00000000, [$t2] = 00000000, [$t3] = 00000000
[$t4] = 00000000, [$t5] = 00000000, [$t6] = 00000000
[$t7] = 00000000, [$t8] = 00000000, [$t9] = 00000000
[$zero]=00000000
Time:                 100, CLK=0, PC=00000008
[$s0] = 00000000, [$s1] = 00000000, [$s2] = 00000000
[$s3] = 00000000, [$s4] = 00000000, [$s5] = 00000000
[$s6] = 00000000, [$s7] = 00000000, [$t0] = 00000000
[$t1] = 00000000, [$t2] = 00000000, [$t3] = 00000000
[$t4] = 00000000, [$t5] = 00000000, [$t6] = 00000000
[$t7] = 00000000, [$t8] = 00000000, [$t9] = 00000000
[$zero]=00000000
Time:                 110, CLK=1, PC=00000008
[$s0] = 00000000, [$s1] = 00000000, [$s2] = 00000000
[$s3] = 00000000, [$s4] = 00000000, [$s5] = 00000000
[$s6] = 00000000, [$s7] = 00000000, [$t0] = 00000000
[$t1] = 00000000, [$t2] = 00000000, [$t3] = 00000000
[$t4] = 00000000, [$t5] = 00000000, [$t6] = 00000000
[$t7] = 00000000, [$t8] = 00000000, [$t9] = 00000000
[$zero]=00000000
Time:                 120, CLK=0, PC=00000000
[$s0] = 00000000, [$s1] = 00000000, [$s2] = 00000000
[$s3] = 00000000, [$s4] = 00000000, [$s5] = 00000000
[$s6] = 00000000, [$s7] = 00000000, [$t0] = 00000000
[$t1] = 00000000, [$t2] = 00000000, [$t3] = 00000000
[$t4] = 00000000, [$t5] = 00000000, [$t6] = 00000000
[$t7] = 00000000, [$t8] = 00000000, [$t9] = 00000000
[$zero]=00000000
Time:                 130, CLK=1, PC=00000000
[$s0] = 00000000, [$s1] = 00000000, [$s2] = 00000000
[$s3] = 00000000, [$s4] = 00000000, [$s5] = 00000000
[$s6] = 00000000, [$s7] = 00000000, [$t0] = 00000000
[$t1] = 00000000, [$t2] = 00000000, [$t3] = 00000000
[$t4] = 00000000, [$t5] = 00000000, [$t6] = 00000000
[$t7] = 00000000, [$t8] = 00000000, [$t9] = 00000000
[$zero]=00000000
Time:                 140, CLK=0, PC=00000004
[$s0] = 00000000, [$s1] = 00000000, [$s2] = 00000000
[$s3] = 00000000, [$s4] = 00000000, [$s5] = 00000000
[$s6] = 00000000, [$s7] = 00000000, [$t0] = 00000000
[$t1] = 00000000, [$t2] = 00000000, [$t3] = 00000000
[$t4] = 00000000, [$t5] = 00000000, [$t6] = 00000000
[$t7] = 00000000, [$t8] = 00000000, [$t9] = 00000000
[$zero]=00000000
Time:                 150, CLK=1, PC=00000004
[$s0] = 00000000, [$s1] = 00000000, [$s2] = 00000000
[$s3] = 00000000, [$s4] = 00000000, [$s5] = 00000000
[$s6] = 00000000, [$s7] = 00000000, [$t0] = 00000000
[$t1] = 00000000, [$t2] = 00000000, [$t3] = 00000000
[$t4] = 00000000, [$t5] = 00000000, [$t6] = 00000000
[$t7] = 00000000, [$t8] = 00000000, [$t9] = 00000000
[$zero]=00000000
Time:                 160, CLK=0, PC=00000008
[$s0] = 00000000, [$s1] = 00000000, [$s2] = 00000000
[$s3] = 00000000, [$s4] = 00000000, [$s5] = 00000000
[$s6] = 00000000, [$s7] = 00000000, [$t0] = 00000000
[$t1] = 00000000, [$t2] = 00000000, [$t3] = 00000000
[$t4] = 00000000, [$t5] = 00000000, [$t6] = 00000000
[$t7] = 00000000, [$t8] = 00000000, [$t9] = 00000000
[$zero]=00000000
Time:                 170, CLK=1, PC=00000008
[$s0] = 00000000, [$s1] = 00000000, [$s2] = 00000000
[$s3] = 00000000, [$s4] = 00000000, [$s5] = 00000000
[$s6] = 00000000, [$s7] = 00000000, [$t0] = 00000000
[$t1] = 00000000, [$t2] = 00000000, [$t3] = 00000000
[$t4] = 00000000, [$t5] = 00000000, [$t6] = 00000000
[$t7] = 00000000, [$t8] = 00000000, [$t9] = 00000000
[$zero]=00000000
Time:                 180, CLK=0, PC=00000000
[$s0] = 00000000, [$s1] = 00000000, [$s2] = 00000000
[$s3] = 00000000, [$s4] = 00000000, [$s5] = 00000000
[$s6] = 00000000, [$s7] = 00000000, [$t0] = 00000000
[$t1] = 00000000, [$t2] = 00000000, [$t3] = 00000000
[$t4] = 00000000, [$t5] = 00000000, [$t6] = 00000000
[$t7] = 00000000, [$t8] = 00000000, [$t9] = 00000000
[$zero]=00000000
Time:                 190, CLK=1, PC=00000000
[$s0] = 00000000, [$s1] = 00000000, [$s2] = 00000000
[$s3] = 00000000, [$s4] = 00000000, [$s5] = 00000000
[$s6] = 00000000, [$s7] = 00000000, [$t0] = 00000000
[$t1] = 00000000, [$t2] = 00000000, [$t3] = 00000000
[$t4] = 00000000, [$t5] = 00000000, [$t6] = 00000000
[$t7] = 00000000, [$t8] = 00000000, [$t9] = 00000000
[$zero]=00000000
Time:                 200, CLK=0, PC=00000004
[$s0] = 00000000, [$s1] = 00000000, [$s2] = 00000000
[$s3] = 00000000, [$s4] = 00000000, [$s5] = 00000000
[$s6] = 00000000, [$s7] = 00000000, [$t0] = 00000000
[$t1] = 00000000, [$t2] = 00000000, [$t3] = 00000000
[$t4] = 00000000, [$t5] = 00000000, [$t6] = 00000000
[$t7] = 00000000, [$t8] = 00000000, [$t9] = 00000000
[$zero]=00000000
Time:                 210, CLK=1, PC=00000004
[$s0] = 00000000, [$s1] = 00000000, [$s2] = 00000000
[$s3] = 00000000, [$s4] = 00000000, [$s5] = 00000000
[$s6] = 00000000, [$s7] = 00000000, [$t0] = 00000000
[$t1] = 00000000, [$t2] = 00000000, [$t3] = 00000000
[$t4] = 00000000, [$t5] = 00000000, [$t6] = 00000000
[$t7] = 00000000, [$t8] = 00000000, [$t9] = 00000000
[$zero]=00000000
Time:                 220, CLK=0, PC=00000008
[$s0] = 00000000, [$s1] = 00000000, [$s2] = 00000000
[$s3] = 00000000, [$s4] = 00000000, [$s5] = 00000000
[$s6] = 00000000, [$s7] = 00000000, [$t0] = 00000000
[$t1] = 00000000, [$t2] = 00000000, [$t3] = 00000000
[$t4] = 00000000, [$t5] = 00000000, [$t6] = 00000000
[$t7] = 00000000, [$t8] = 00000000, [$t9] = 00000000
[$zero]=00000000
Time:                 230, CLK=1, PC=00000008
[$s0] = 00000000, [$s1] = 00000000, [$s2] = 00000000
[$s3] = 00000000, [$s4] = 00000000, [$s5] = 00000000
[$s6] = 00000000, [$s7] = 00000000, [$t0] = 00000000
[$t1] = 00000000, [$t2] = 00000000, [$t3] = 00000000
[$t4] = 00000000, [$t5] = 00000000, [$t6] = 00000000
[$t7] = 00000000, [$t8] = 00000000, [$t9] = 00000000
[$zero]=00000000
Time:                 240, CLK=0, PC=00000000
[$s0] = 00000000, [$s1] = 00000000, [$s2] = 00000000
[$s3] = 00000000, [$s4] = 00000000, [$s5] = 00000000
[$s6] = 00000000, [$s7] = 00000000, [$t0] = 00000000
[$t1] = 00000000, [$t2] = 00000000, [$t3] = 00000000
[$t4] = 00000000, [$t5] = 00000000, [$t6] = 00000000
[$t7] = 00000000, [$t8] = 00000000, [$t9] = 00000000
[$zero]=00000000
Time:                 250, CLK=1, PC=00000000
[$s0] = 00000000, [$s1] = 00000000, [$s2] = 00000000
[$s3] = 00000000, [$s4] = 00000000, [$s5] = 00000000
[$s6] = 00000000, [$s7] = 00000000, [$t0] = 00000000
[$t1] = 00000000, [$t2] = 00000000, [$t3] = 00000000
[$t4] = 00000000, [$t5] = 00000000, [$t6] = 00000000
[$t7] = 00000000, [$t8] = 00000000, [$t9] = 00000000
[$zero]=00000000
Time:                 260, CLK=0, PC=00000004
[$s0] = 00000000, [$s1] = 00000000, [$s2] = 00000000
[$s3] = 00000000, [$s4] = 00000000, [$s5] = 00000000
[$s6] = 00000000, [$s7] = 00000000, [$t0] = 00000000
[$t1] = 00000000, [$t2] = 00000000, [$t3] = 00000000
[$t4] = 00000000, [$t5] = 00000000, [$t6] = 00000000
[$t7] = 00000000, [$t8] = 00000000, [$t9] = 00000000
[$zero]=00000000
Time:                 270, CLK=1, PC=00000004
[$s0] = 00000000, [$s1] = 00000000, [$s2] = 00000000
[$s3] = 00000000, [$s4] = 00000000, [$s5] = 00000000
[$s6] = 00000000, [$s7] = 00000000, [$t0] = 00000000
[$t1] = 00000000, [$t2] = 00000000, [$t3] = 00000000
[$t4] = 00000000, [$t5] = 00000000, [$t6] = 00000000
[$t7] = 00000000, [$t8] = 00000000, [$t9] = 00000000
[$zero]=00000000
Time:                 280, CLK=0, PC=00000008
[$s0] = 00000000, [$s1] = 00000000, [$s2] = 00000000
[$s3] = 00000000, [$s4] = 00000000, [$s5] = 00000000
[$s6] = 00000000, [$s7] = 00000000, [$t0] = 00000000
[$t1] = 00000000, [$t2] = 00000000, [$t3] = 00000000
[$t4] = 00000000, [$t5] = 00000000, [$t6] = 00000000
[$t7] = 00000000, [$t8] = 00000000, [$t9] = 00000000
[$zero]=00000000
Time:                 290, CLK=1, PC=00000008
[$s0] = 00000000, [$s1] = 00000000, [$s2] = 00000000
[$s3] = 00000000, [$s4] = 00000000, [$s5] = 00000000
[$s6] = 00000000, [$s7] = 00000000, [$t0] = 00000000
[$t1] = 00000000, [$t2] = 00000000, [$t3] = 00000000
[$t4] = 00000000, [$t5] = 00000000, [$t6] = 00000000
[$t7] = 00000000, [$t8] = 00000000, [$t9] = 00000000
[$zero]=00000000
Time:                 300, CLK=0, PC=00000000
[$s0] = 00000000, [$s1] = 00000000, [$s2] = 00000000
[$s3] = 00000000, [$s4] = 00000000, [$s5] = 00000000
[$s6] = 00000000, [$s7] = 00000000, [$t0] = 00000000
[$t1] = 00000000, [$t2] = 00000000, [$t3] = 00000000
[$t4] = 00000000, [$t5] = 00000000, [$t6] = 00000000
[$t7] = 00000000, [$t8] = 00000000, [$t9] = 00000000
[$zero]=00000000
Time:                 310, CLK=1, PC=00000000
[$s0] = 00000000, [$s1] = 00000000, [$s2] = 00000000
[$s3] = 00000000, [$s4] = 00000000, [$s5] = 00000000
[$s6] = 00000000, [$s7] = 00000000, [$t0] = 00000000
[$t1] = 00000000, [$t2] = 00000000, [$t3] = 00000000
[$t4] = 00000000, [$t5] = 00000000, [$t6] = 00000000
[$t7] = 00000000, [$t8] = 00000000, [$t9] = 00000000
[$zero]=00000000
Time:                 320, CLK=0, PC=00000004
[$s0] = 00000000, [$s1] = 00000000, [$s2] = 00000000
[$s3] = 00000000, [$s4] = 00000000, [$s5] = 00000000
[$s6] = 00000000, [$s7] = 00000000, [$t0] = 00000000
[$t1] = 00000000, [$t2] = 00000000, [$t3] = 00000000
[$t4] = 00000000, [$t5] = 00000000, [$t6] = 00000000
[$t7] = 00000000, [$t8] = 00000000, [$t9] = 00000000
[$zero]=00000000
Time:                 330, CLK=1, PC=00000004
[$s0] = 00000000, [$s1] = 00000000, [$s2] = 00000000
[$s3] = 00000000, [$s4] = 00000000, [$s5] = 00000000
[$s6] = 00000000, [$s7] = 00000000, [$t0] = 00000000
[$t1] = 00000000, [$t2] = 00000000, [$t3] = 00000000
[$t4] = 00000000, [$t5] = 00000000, [$t6] = 00000000
[$t7] = 00000000, [$t8] = 00000000, [$t9] = 00000000
[$zero]=00000000
Time:                 340, CLK=0, PC=00000008
[$s0] = 00000000, [$s1] = 00000000, [$s2] = 00000000
[$s3] = 00000000, [$s4] = 00000000, [$s5] = 00000000
[$s6] = 00000000, [$s7] = 00000000, [$t0] = 00000000
[$t1] = 00000000, [$t2] = 00000000, [$t3] = 00000000
[$t4] = 00000000, [$t5] = 00000000, [$t6] = 00000000
[$t7] = 00000000, [$t8] = 00000000, [$t9] = 00000000
[$zero]=00000000
Time:                 350, CLK=1, PC=00000008
[$s0] = 00000000, [$s1] = 00000000, [$s2] = 00000000
[$s3] = 00000000, [$s4] = 00000000, [$s5] = 00000000
[$s6] = 00000000, [$s7] = 00000000, [$t0] = 00000000
[$t1] = 00000000, [$t2] = 00000000, [$t3] = 00000000
[$t4] = 00000000, [$t5] = 00000000, [$t6] = 00000000
[$t7] = 00000000, [$t8] = 00000000, [$t9] = 00000000
[$zero]=00000000
Time:                 360, CLK=0, PC=00000000
[$s0] = 00000000, [$s1] = 00000000, [$s2] = 00000000
[$s3] = 00000000, [$s4] = 00000000, [$s5] = 00000000
[$s6] = 00000000, [$s7] = 00000000, [$t0] = 00000000
[$t1] = 00000000, [$t2] = 00000000, [$t3] = 00000000
[$t4] = 00000000, [$t5] = 00000000, [$t6] = 00000000
[$t7] = 00000000, [$t8] = 00000000, [$t9] = 00000000
[$zero]=00000000
Time:                 370, CLK=1, PC=00000000
[$s0] = 00000000, [$s1] = 00000000, [$s2] = 00000000
[$s3] = 00000000, [$s4] = 00000000, [$s5] = 00000000
[$s6] = 00000000, [$s7] = 00000000, [$t0] = 00000000
[$t1] = 00000000, [$t2] = 00000000, [$t3] = 00000000
[$t4] = 00000000, [$t5] = 00000000, [$t6] = 00000000
[$t7] = 00000000, [$t8] = 00000000, [$t9] = 00000000
[$zero]=00000000
Time:                 380, CLK=0, PC=00000004
[$s0] = 00000000, [$s1] = 00000000, [$s2] = 00000000
[$s3] = 00000000, [$s4] = 00000000, [$s5] = 00000000
[$s6] = 00000000, [$s7] = 00000000, [$t0] = 00000000
[$t1] = 00000000, [$t2] = 00000000, [$t3] = 00000000
[$t4] = 00000000, [$t5] = 00000000, [$t6] = 00000000
[$t7] = 00000000, [$t8] = 00000000, [$t9] = 00000000
[$zero]=00000000
Time:                 390, CLK=1, PC=00000004
[$s0] = 00000000, [$s1] = 00000000, [$s2] = 00000000
[$s3] = 00000000, [$s4] = 00000000, [$s5] = 00000000
[$s6] = 00000000, [$s7] = 00000000, [$t0] = 00000000
[$t1] = 00000000, [$t2] = 00000000, [$t3] = 00000000
[$t4] = 00000000, [$t5] = 00000000, [$t6] = 00000000
[$t7] = 00000000, [$t8] = 00000000, [$t9] = 00000000
[$zero]=00000000
Time:                 400, CLK=0, PC=00000008
[$s0] = 00000000, [$s1] = 00000000, [$s2] = 00000000
[$s3] = 00000000, [$s4] = 00000000, [$s5] = 00000000
[$s6] = 00000000, [$s7] = 00000000, [$t0] = 00000000
[$t1] = 00000000, [$t2] = 00000000, [$t3] = 00000000
[$t4] = 00000000, [$t5] = 00000000, [$t6] = 00000000
[$t7] = 00000000, [$t8] = 00000000, [$t9] = 00000000
[$zero]=00000000
Time:                 410, CLK=1, PC=00000008
[$s0] = 00000000, [$s1] = 00000000, [$s2] = 00000000
[$s3] = 00000000, [$s4] = 00000000, [$s5] = 00000000
[$s6] = 00000000, [$s7] = 00000000, [$t0] = 00000000
[$t1] = 00000000, [$t2] = 00000000, [$t3] = 00000000
[$t4] = 00000000, [$t5] = 00000000, [$t6] = 00000000
[$t7] = 00000000, [$t8] = 00000000, [$t9] = 00000000
[$zero]=00000000
Time:                 420, CLK=0, PC=00000000
[$s0] = 00000000, [$s1] = 00000000, [$s2] = 00000000
[$s3] = 00000000, [$s4] = 00000000, [$s5] = 00000000
[$s6] = 00000000, [$s7] = 00000000, [$t0] = 00000000
[$t1] = 00000000, [$t2] = 00000000, [$t3] = 00000000
[$t4] = 00000000, [$t5] = 00000000, [$t6] = 00000000
[$t7] = 00000000, [$t8] = 00000000, [$t9] = 00000000
[$zero]=00000000
Time:                 430, CLK=1, PC=00000000
[$s0] = 00000000, [$s1] = 00000000, [$s2] = 00000000
[$s3] = 00000000, [$s4] = 00000000, [$s5] = 00000000
[$s6] = 00000000, [$s7] = 00000000, [$t0] = 00000000
[$t1] = 00000000, [$t2] = 00000000, [$t3] = 00000000
[$t4] = 00000000, [$t5] = 00000000, [$t6] = 00000000
[$t7] = 00000000, [$t8] = 00000000, [$t9] = 00000000
[$zero]=00000000
Time:                 440, CLK=0, PC=00000004
[$s0] = 00000000, [$s1] = 00000000, [$s2] = 00000000
[$s3] = 00000000, [$s4] = 00000000, [$s5] = 00000000
[$s6] = 00000000, [$s7] = 00000000, [$t0] = 00000000
[$t1] = 00000000, [$t2] = 00000000, [$t3] = 00000000
[$t4] = 00000000, [$t5] = 00000000, [$t6] = 00000000
[$t7] = 00000000, [$t8] = 00000000, [$t9] = 00000000
[$zero]=00000000
Time:                 450, CLK=1, PC=00000004
[$s0] = 00000000, [$s1] = 00000000, [$s2] = 00000000
[$s3] = 00000000, [$s4] = 00000000, [$s5] = 00000000
[$s6] = 00000000, [$s7] = 00000000, [$t0] = 00000000
[$t1] = 00000000, [$t2] = 00000000, [$t3] = 00000000
[$t4] = 00000000, [$t5] = 00000000, [$t6] = 00000000
[$t7] = 00000000, [$t8] = 00000000, [$t9] = 00000000
[$zero]=00000000
Time:                 460, CLK=0, PC=00000008
[$s0] = 00000000, [$s1] = 00000000, [$s2] = 00000000
[$s3] = 00000000, [$s4] = 00000000, [$s5] = 00000000
[$s6] = 00000000, [$s7] = 00000000, [$t0] = 00000000
[$t1] = 00000000, [$t2] = 00000000, [$t3] = 00000000
[$t4] = 00000000, [$t5] = 00000000, [$t6] = 00000000
[$t7] = 00000000, [$t8] = 00000000, [$t9] = 00000000
[$zero]=00000000
Time:                 470, CLK=1, PC=00000008
[$s0] = 00000000, [$s1] = 00000000, [$s2] = 00000000
[$s3] = 00000000, [$s4] = 00000000, [$s5] = 00000000
[$s6] = 00000000, [$s7] = 00000000, [$t0] = 00000000
[$t1] = 00000000, [$t2] = 00000000, [$t3] = 00000000
[$t4] = 00000000, [$t5] = 00000000, [$t6] = 00000000
[$t7] = 00000000, [$t8] = 00000000, [$t9] = 00000000
[$zero]=00000000
Time:                 480, CLK=0, PC=00000000
[$s0] = 00000000, [$s1] = 00000000, [$s2] = 00000000
[$s3] = 00000000, [$s4] = 00000000, [$s5] = 00000000
[$s6] = 00000000, [$s7] = 00000000, [$t0] = 00000000
[$t1] = 00000000, [$t2] = 00000000, [$t3] = 00000000
[$t4] = 00000000, [$t5] = 00000000, [$t6] = 00000000
[$t7] = 00000000, [$t8] = 00000000, [$t9] = 00000000
[$zero]=00000000
Time:                 490, CLK=1, PC=00000000
[$s0] = 00000000, [$s1] = 00000000, [$s2] = 00000000
[$s3] = 00000000, [$s4] = 00000000, [$s5] = 00000000
[$s6] = 00000000, [$s7] = 00000000, [$t0] = 00000000
[$t1] = 00000000, [$t2] = 00000000, [$t3] = 00000000
[$t4] = 00000000, [$t5] = 00000000, [$t6] = 00000000
[$t7] = 00000000, [$t8] = 00000000, [$t9] = 00000000
[$zero]=00000000
Time:                 500, CLK=0, PC=00000004
[$s0] = 00000000, [$s1] = 00000000, [$s2] = 00000000
[$s3] = 00000000, [$s4] = 00000000, [$s5] = 00000000
[$s6] = 00000000, [$s7] = 00000000, [$t0] = 00000000
[$t1] = 00000000, [$t2] = 00000000, [$t3] = 00000000
[$t4] = 00000000, [$t5] = 00000000, [$t6] = 00000000
[$t7] = 00000000, [$t8] = 00000000, [$t9] = 00000000
[$zero]=00000000
Time:                 510, CLK=1, PC=00000004
[$s0] = 00000000, [$s1] = 00000000, [$s2] = 00000000
[$s3] = 00000000, [$s4] = 00000000, [$s5] = 00000000
[$s6] = 00000000, [$s7] = 00000000, [$t0] = 00000000
[$t1] = 00000000, [$t2] = 00000000, [$t3] = 00000000
[$t4] = 00000000, [$t5] = 00000000, [$t6] = 00000000
[$t7] = 00000000, [$t8] = 00000000, [$t9] = 00000000
[$zero]=00000000
Time:                 520, CLK=0, PC=00000008
[$s0] = 00000000, [$s1] = 00000000, [$s2] = 00000000
[$s3] = 00000000, [$s4] = 00000000, [$s5] = 00000000
[$s6] = 00000000, [$s7] = 00000000, [$t0] = 00000000
[$t1] = 00000000, [$t2] = 00000000, [$t3] = 00000000
[$t4] = 00000000, [$t5] = 00000000, [$t6] = 00000000
[$t7] = 00000000, [$t8] = 00000000, [$t9] = 00000000
[$zero]=00000000
Time:                 530, CLK=1, PC=00000008
[$s0] = 00000000, [$s1] = 00000000, [$s2] = 00000000
[$s3] = 00000000, [$s4] = 00000000, [$s5] = 00000000
[$s6] = 00000000, [$s7] = 00000000, [$t0] = 00000000
[$t1] = 00000000, [$t2] = 00000000, [$t3] = 00000000
[$t4] = 00000000, [$t5] = 00000000, [$t6] = 00000000
[$t7] = 00000000, [$t8] = 00000000, [$t9] = 00000000
[$zero]=00000000
Time:                 540, CLK=0, PC=00000000
[$s0] = 00000000, [$s1] = 00000000, [$s2] = 00000000
[$s3] = 00000000, [$s4] = 00000000, [$s5] = 00000000
[$s6] = 00000000, [$s7] = 00000000, [$t0] = 00000000
[$t1] = 00000000, [$t2] = 00000000, [$t3] = 00000000
[$t4] = 00000000, [$t5] = 00000000, [$t6] = 00000000
[$t7] = 00000000, [$t8] = 00000000, [$t9] = 00000000
[$zero]=00000000
Time:                 550, CLK=1, PC=00000000
[$s0] = 00000000, [$s1] = 00000000, [$s2] = 00000000
[$s3] = 00000000, [$s4] = 00000000, [$s5] = 00000000
[$s6] = 00000000, [$s7] = 00000000, [$t0] = 00000000
[$t1] = 00000000, [$t2] = 00000000, [$t3] = 00000000
[$t4] = 00000000, [$t5] = 00000000, [$t6] = 00000000
[$t7] = 00000000, [$t8] = 00000000, [$t9] = 00000000
[$zero]=00000000
Time:                 560, CLK=0, PC=00000004
[$s0] = 00000000, [$s1] = 00000000, [$s2] = 00000000
[$s3] = 00000000, [$s4] = 00000000, [$s5] = 00000000
[$s6] = 00000000, [$s7] = 00000000, [$t0] = 00000000
[$t1] = 00000000, [$t2] = 00000000, [$t3] = 00000000
[$t4] = 00000000, [$t5] = 00000000, [$t6] = 00000000
[$t7] = 00000000, [$t8] = 00000000, [$t9] = 00000000
[$zero]=00000000
Time:                 570, CLK=1, PC=00000004
[$s0] = 00000000, [$s1] = 00000000, [$s2] = 00000000
[$s3] = 00000000, [$s4] = 00000000, [$s5] = 00000000
[$s6] = 00000000, [$s7] = 00000000, [$t0] = 00000000
[$t1] = 00000000, [$t2] = 00000000, [$t3] = 00000000
[$t4] = 00000000, [$t5] = 00000000, [$t6] = 00000000
[$t7] = 00000000, [$t8] = 00000000, [$t9] = 00000000
[$zero]=00000000
Time:                 580, CLK=0, PC=00000008
[$s0] = 00000000, [$s1] = 00000000, [$s2] = 00000000
[$s3] = 00000000, [$s4] = 00000000, [$s5] = 00000000
[$s6] = 00000000, [$s7] = 00000000, [$t0] = 00000000
[$t1] = 00000000, [$t2] = 00000000, [$t3] = 00000000
[$t4] = 00000000, [$t5] = 00000000, [$t6] = 00000000
[$t7] = 00000000, [$t8] = 00000000, [$t9] = 00000000
[$zero]=00000000
Time:                 590, CLK=1, PC=00000008
[$s0] = 00000000, [$s1] = 00000000, [$s2] = 00000000
[$s3] = 00000000, [$s4] = 00000000, [$s5] = 00000000
[$s6] = 00000000, [$s7] = 00000000, [$t0] = 00000000
[$t1] = 00000000, [$t2] = 00000000, [$t3] = 00000000
[$t4] = 00000000, [$t5] = 00000000, [$t6] = 00000000
[$t7] = 00000000, [$t8] = 00000000, [$t9] = 00000000
[$zero]=00000000
Time:                 600, CLK=0, PC=00000000
[$s0] = 00000000, [$s1] = 00000000, [$s2] = 00000000
[$s3] = 00000000, [$s4] = 00000000, [$s5] = 00000000
[$s6] = 00000000, [$s7] = 00000000, [$t0] = 00000000
[$t1] = 00000000, [$t2] = 00000000, [$t3] = 00000000
[$t4] = 00000000, [$t5] = 00000000, [$t6] = 00000000
[$t7] = 00000000, [$t8] = 00000000, [$t9] = 00000000
[$zero]=00000000
Time:                 610, CLK=1, PC=00000000
[$s0] = 00000000, [$s1] = 00000000, [$s2] = 00000000
[$s3] = 00000000, [$s4] = 00000000, [$s5] = 00000000
[$s6] = 00000000, [$s7] = 00000000, [$t0] = 00000000
[$t1] = 00000000, [$t2] = 00000000, [$t3] = 00000000
[$t4] = 00000000, [$t5] = 00000000, [$t6] = 00000000
[$t7] = 00000000, [$t8] = 00000000, [$t9] = 00000000
[$zero]=00000000
Time:                 620, CLK=0, PC=00000004
[$s0] = 00000000, [$s1] = 00000000, [$s2] = 00000000
[$s3] = 00000000, [$s4] = 00000000, [$s5] = 00000000
[$s6] = 00000000, [$s7] = 00000000, [$t0] = 00000000
[$t1] = 00000000, [$t2] = 00000000, [$t3] = 00000000
[$t4] = 00000000, [$t5] = 00000000, [$t6] = 00000000
[$t7] = 00000000, [$t8] = 00000000, [$t9] = 00000000
[$zero]=00000000
Time:                 630, CLK=1, PC=00000004
[$s0] = 00000000, [$s1] = 00000000, [$s2] = 00000000
[$s3] = 00000000, [$s4] = 00000000, [$s5] = 00000000
[$s6] = 00000000, [$s7] = 00000000, [$t0] = 00000000
[$t1] = 00000000, [$t2] = 00000000, [$t3] = 00000000
[$t4] = 00000000, [$t5] = 00000000, [$t6] = 00000000
[$t7] = 00000000, [$t8] = 00000000, [$t9] = 00000000
[$zero]=00000000
Time:                 640, CLK=0, PC=00000008
[$s0] = 00000000, [$s1] = 00000000, [$s2] = 00000000
[$s3] = 00000000, [$s4] = 00000000, [$s5] = 00000000
[$s6] = 00000000, [$s7] = 00000000, [$t0] = 00000000
[$t1] = 00000000, [$t2] = 00000000, [$t3] = 00000000
[$t4] = 00000000, [$t5] = 00000000, [$t6] = 00000000
[$t7] = 00000000, [$t8] = 00000000, [$t9] = 00000000
[$zero]=00000000
Time:                 650, CLK=1, PC=00000008
[$s0] = 00000000, [$s1] = 00000000, [$s2] = 00000000
[$s3] = 00000000, [$s4] = 00000000, [$s5] = 00000000
[$s6] = 00000000, [$s7] = 00000000, [$t0] = 00000000
[$t1] = 00000000, [$t2] = 00000000, [$t3] = 00000000
[$t4] = 00000000, [$t5] = 00000000, [$t6] = 00000000
[$t7] = 00000000, [$t8] = 00000000, [$t9] = 00000000
[$zero]=00000000
Time:                 660, CLK=0, PC=00000000
[$s0] = 00000000, [$s1] = 00000000, [$s2] = 00000000
[$s3] = 00000000, [$s4] = 00000000, [$s5] = 00000000
[$s6] = 00000000, [$s7] = 00000000, [$t0] = 00000000
[$t1] = 00000000, [$t2] = 00000000, [$t3] = 00000000
[$t4] = 00000000, [$t5] = 00000000, [$t6] = 00000000
[$t7] = 00000000, [$t8] = 00000000, [$t9] = 00000000
[$zero]=00000000
Time:                 670, CLK=1, PC=00000000
[$s0] = 00000000, [$s1] = 00000000, [$s2] = 00000000
[$s3] = 00000000, [$s4] = 00000000, [$s5] = 00000000
[$s6] = 00000000, [$s7] = 00000000, [$t0] = 00000000
[$t1] = 00000000, [$t2] = 00000000, [$t3] = 00000000
[$t4] = 00000000, [$t5] = 00000000, [$t6] = 00000000
[$t7] = 00000000, [$t8] = 00000000, [$t9] = 00000000
[$zero]=00000000
Time:                 680, CLK=0, PC=00000004
[$s0] = 00000000, [$s1] = 00000000, [$s2] = 00000000
[$s3] = 00000000, [$s4] = 00000000, [$s5] = 00000000
[$s6] = 00000000, [$s7] = 00000000, [$t0] = 00000000
[$t1] = 00000000, [$t2] = 00000000, [$t3] = 00000000
[$t4] = 00000000, [$t5] = 00000000, [$t6] = 00000000
[$t7] = 00000000, [$t8] = 00000000, [$t9] = 00000000
[$zero]=00000000
Time:                 690, CLK=1, PC=00000004
[$s0] = 00000000, [$s1] = 00000000, [$s2] = 00000000
[$s3] = 00000000, [$s4] = 00000000, [$s5] = 00000000
[$s6] = 00000000, [$s7] = 00000000, [$t0] = 00000000
[$t1] = 00000000, [$t2] = 00000000, [$t3] = 00000000
[$t4] = 00000000, [$t5] = 00000000, [$t6] = 00000000
[$t7] = 00000000, [$t8] = 00000000, [$t9] = 00000000
[$zero]=00000000
Time:                 700, CLK=0, PC=00000008
[$s0] = 00000000, [$s1] = 00000000, [$s2] = 00000000
[$s3] = 00000000, [$s4] = 00000000, [$s5] = 00000000
[$s6] = 00000000, [$s7] = 00000000, [$t0] = 00000000
[$t1] = 00000000, [$t2] = 00000000, [$t3] = 00000000
[$t4] = 00000000, [$t5] = 00000000, [$t6] = 00000000
[$t7] = 00000000, [$t8] = 00000000, [$t9] = 00000000
[$zero]=00000000
Time:                 710, CLK=1, PC=00000008
[$s0] = 00000000, [$s1] = 00000000, [$s2] = 00000000
[$s3] = 00000000, [$s4] = 00000000, [$s5] = 00000000
[$s6] = 00000000, [$s7] = 00000000, [$t0] = 00000000
[$t1] = 00000000, [$t2] = 00000000, [$t3] = 00000000
[$t4] = 00000000, [$t5] = 00000000, [$t6] = 00000000
[$t7] = 00000000, [$t8] = 00000000, [$t9] = 00000000
[$zero]=00000000
Time:                 720, CLK=0, PC=00000000
[$s0] = 00000000, [$s1] = 00000000, [$s2] = 00000000
[$s3] = 00000000, [$s4] = 00000000, [$s5] = 00000000
[$s6] = 00000000, [$s7] = 00000000, [$t0] = 00000000
[$t1] = 00000000, [$t2] = 00000000, [$t3] = 00000000
[$t4] = 00000000, [$t5] = 00000000, [$t6] = 00000000
[$t7] = 00000000, [$t8] = 00000000, [$t9] = 00000000
[$zero]=00000000
Time:                 730, CLK=1, PC=00000000
[$s0] = 00000000, [$s1] = 00000000, [$s2] = 00000000
[$s3] = 00000000, [$s4] = 00000000, [$s5] = 00000000
[$s6] = 00000000, [$s7] = 00000000, [$t0] = 00000000
[$t1] = 00000000, [$t2] = 00000000, [$t3] = 00000000
[$t4] = 00000000, [$t5] = 00000000, [$t6] = 00000000
[$t7] = 00000000, [$t8] = 00000000, [$t9] = 00000000
[$zero]=00000000
Time:                 740, CLK=0, PC=00000004
[$s0] = 00000000, [$s1] = 00000000, [$s2] = 00000000
[$s3] = 00000000, [$s4] = 00000000, [$s5] = 00000000
[$s6] = 00000000, [$s7] = 00000000, [$t0] = 00000000
[$t1] = 00000000, [$t2] = 00000000, [$t3] = 00000000
[$t4] = 00000000, [$t5] = 00000000, [$t6] = 00000000
[$t7] = 00000000, [$t8] = 00000000, [$t9] = 00000000
[$zero]=00000000
Time:                 750, CLK=1, PC=00000004
[$s0] = 00000000, [$s1] = 00000000, [$s2] = 00000000
[$s3] = 00000000, [$s4] = 00000000, [$s5] = 00000000
[$s6] = 00000000, [$s7] = 00000000, [$t0] = 00000000
[$t1] = 00000000, [$t2] = 00000000, [$t3] = 00000000
[$t4] = 00000000, [$t5] = 00000000, [$t6] = 00000000
[$t7] = 00000000, [$t8] = 00000000, [$t9] = 00000000
[$zero]=00000000
Time:                 760, CLK=0, PC=00000008
[$s0] = 00000000, [$s1] = 00000000, [$s2] = 00000000
[$s3] = 00000000, [$s4] = 00000000, [$s5] = 00000000
[$s6] = 00000000, [$s7] = 00000000, [$t0] = 00000000
[$t1] = 00000000, [$t2] = 00000000, [$t3] = 00000000
[$t4] = 00000000, [$t5] = 00000000, [$t6] = 00000000
[$t7] = 00000000, [$t8] = 00000000, [$t9] = 00000000
[$zero]=00000000
Time:                 770, CLK=1, PC=00000008
[$s0] = 00000000, [$s1] = 00000000, [$s2] = 00000000
[$s3] = 00000000, [$s4] = 00000000, [$s5] = 00000000
[$s6] = 00000000, [$s7] = 00000000, [$t0] = 00000000
[$t1] = 00000000, [$t2] = 00000000, [$t3] = 00000000
[$t4] = 00000000, [$t5] = 00000000, [$t6] = 00000000
[$t7] = 00000000, [$t8] = 00000000, [$t9] = 00000000
[$zero]=00000000
Time:                 780, CLK=0, PC=00000000
[$s0] = 00000000, [$s1] = 00000000, [$s2] = 00000000
[$s3] = 00000000, [$s4] = 00000000, [$s5] = 00000000
[$s6] = 00000000, [$s7] = 00000000, [$t0] = 00000000
[$t1] = 00000000, [$t2] = 00000000, [$t3] = 00000000
[$t4] = 00000000, [$t5] = 00000000, [$t6] = 00000000
[$t7] = 00000000, [$t8] = 00000000, [$t9] = 00000000
[$zero]=00000000
Time:                 790, CLK=1, PC=00000000
[$s0] = 00000000, [$s1] = 00000000, [$s2] = 00000000
[$s3] = 00000000, [$s4] = 00000000, [$s5] = 00000000
[$s6] = 00000000, [$s7] = 00000000, [$t0] = 00000000
[$t1] = 00000000, [$t2] = 00000000, [$t3] = 00000000
[$t4] = 00000000, [$t5] = 00000000, [$t6] = 00000000
[$t7] = 00000000, [$t8] = 00000000, [$t9] = 00000000
[$zero]=00000000
Time:                 800, CLK=0, PC=00000004
[$s0] = 00000000, [$s1] = 00000000, [$s2] = 00000000
[$s3] = 00000000, [$s4] = 00000000, [$s5] = 00000000
[$s6] = 00000000, [$s7] = 00000000, [$t0] = 00000000
[$t1] = 00000000, [$t2] = 00000000, [$t3] = 00000000
[$t4] = 00000000, [$t5] = 00000000, [$t6] = 00000000
[$t7] = 00000000, [$t8] = 00000000, [$t9] = 00000000
[$zero]=00000000
Time:                 810, CLK=1, PC=00000004
[$s0] = 00000000, [$s1] = 00000000, [$s2] = 00000000
[$s3] = 00000000, [$s4] = 00000000, [$s5] = 00000000
[$s6] = 00000000, [$s7] = 00000000, [$t0] = 00000000
[$t1] = 00000000, [$t2] = 00000000, [$t3] = 00000000
[$t4] = 00000000, [$t5] = 00000000, [$t6] = 00000000
[$t7] = 00000000, [$t8] = 00000000, [$t9] = 00000000
[$zero]=00000000
Time:                 820, CLK=0, PC=00000008
[$s0] = 00000000, [$s1] = 00000000, [$s2] = 00000000
[$s3] = 00000000, [$s4] = 00000000, [$s5] = 00000000
[$s6] = 00000000, [$s7] = 00000000, [$t0] = 00000000
[$t1] = 00000000, [$t2] = 00000000, [$t3] = 00000000
[$t4] = 00000000, [$t5] = 00000000, [$t6] = 00000000
[$t7] = 00000000, [$t8] = 00000000, [$t9] = 00000000
[$zero]=00000000
Time:                 830, CLK=1, PC=00000008
[$s0] = 00000000, [$s1] = 00000000, [$s2] = 00000000
[$s3] = 00000000, [$s4] = 00000000, [$s5] = 00000000
[$s6] = 00000000, [$s7] = 00000000, [$t0] = 00000000
[$t1] = 00000000, [$t2] = 00000000, [$t3] = 00000000
[$t4] = 00000000, [$t5] = 00000000, [$t6] = 00000000
[$t7] = 00000000, [$t8] = 00000000, [$t9] = 00000000
[$zero]=00000000
Time:                 840, CLK=0, PC=00000000
[$s0] = 00000000, [$s1] = 00000000, [$s2] = 00000000
[$s3] = 00000000, [$s4] = 00000000, [$s5] = 00000000
[$s6] = 00000000, [$s7] = 00000000, [$t0] = 00000000
[$t1] = 00000000, [$t2] = 00000000, [$t3] = 00000000
[$t4] = 00000000, [$t5] = 00000000, [$t6] = 00000000
[$t7] = 00000000, [$t8] = 00000000, [$t9] = 00000000
[$zero]=00000000
Time:                 850, CLK=1, PC=00000000
[$s0] = 00000000, [$s1] = 00000000, [$s2] = 00000000
[$s3] = 00000000, [$s4] = 00000000, [$s5] = 00000000
[$s6] = 00000000, [$s7] = 00000000, [$t0] = 00000000
[$t1] = 00000000, [$t2] = 00000000, [$t3] = 00000000
[$t4] = 00000000, [$t5] = 00000000, [$t6] = 00000000
[$t7] = 00000000, [$t8] = 00000000, [$t9] = 00000000
[$zero]=00000000
Time:                 860, CLK=0, PC=00000004
[$s0] = 00000000, [$s1] = 00000000, [$s2] = 00000000
[$s3] = 00000000, [$s4] = 00000000, [$s5] = 00000000
[$s6] = 00000000, [$s7] = 00000000, [$t0] = 00000000
[$t1] = 00000000, [$t2] = 00000000, [$t3] = 00000000
[$t4] = 00000000, [$t5] = 00000000, [$t6] = 00000000
[$t7] = 00000000, [$t8] = 00000000, [$t9] = 00000000
[$zero]=00000000
Time:                 870, CLK=1, PC=00000004
[$s0] = 00000000, [$s1] = 00000000, [$s2] = 00000000
[$s3] = 00000000, [$s4] = 00000000, [$s5] = 00000000
[$s6] = 00000000, [$s7] = 00000000, [$t0] = 00000000
[$t1] = 00000000, [$t2] = 00000000, [$t3] = 00000000
[$t4] = 00000000, [$t5] = 00000000, [$t6] = 00000000
[$t7] = 00000000, [$t8] = 00000000, [$t9] = 00000000
[$zero]=00000000
Time:                 880, CLK=0, PC=00000008
[$s0] = 00000000, [$s1] = 00000000, [$s2] = 00000000
[$s3] = 00000000, [$s4] = 00000000, [$s5] = 00000000
[$s6] = 00000000, [$s7] = 00000000, [$t0] = 00000000
[$t1] = 00000000, [$t2] = 00000000, [$t3] = 00000000
[$t4] = 00000000, [$t5] = 00000000, [$t6] = 00000000
[$t7] = 00000000, [$t8] = 00000000, [$t9] = 00000000
[$zero]=00000000
Time:                 890, CLK=1, PC=00000008
[$s0] = 00000000, [$s1] = 00000000, [$s2] = 00000000
[$s3] = 00000000, [$s4] = 00000000, [$s5] = 00000000
[$s6] = 00000000, [$s7] = 00000000, [$t0] = 00000000
[$t1] = 00000000, [$t2] = 00000000, [$t3] = 00000000
[$t4] = 00000000, [$t5] = 00000000, [$t6] = 00000000
[$t7] = 00000000, [$t8] = 00000000, [$t9] = 00000000
[$zero]=00000000
Time:                 900, CLK=0, PC=00000000
[$s0] = 00000000, [$s1] = 00000000, [$s2] = 00000000
[$s3] = 00000000, [$s4] = 00000000, [$s5] = 00000000
[$s6] = 00000000, [$s7] = 00000000, [$t0] = 00000000
[$t1] = 00000000, [$t2] = 00000000, [$t3] = 00000000
[$t4] = 00000000, [$t5] = 00000000, [$t6] = 00000000
[$t7] = 00000000, [$t8] = 00000000, [$t9] = 00000000
[$zero]=00000000
Time:                 910, CLK=1, PC=00000000
[$s0] = 00000000, [$s1] = 00000000, [$s2] = 00000000
[$s3] = 00000000, [$s4] = 00000000, [$s5] = 00000000
[$s6] = 00000000, [$s7] = 00000000, [$t0] = 00000000
[$t1] = 00000000, [$t2] = 00000000, [$t3] = 00000000
[$t4] = 00000000, [$t5] = 00000000, [$t6] = 00000000
[$t7] = 00000000, [$t8] = 00000000, [$t9] = 00000000
[$zero]=00000000
Time:                 920, CLK=0, PC=00000004
[$s0] = 00000000, [$s1] = 00000000, [$s2] = 00000000
[$s3] = 00000000, [$s4] = 00000000, [$s5] = 00000000
[$s6] = 00000000, [$s7] = 00000000, [$t0] = 00000000
[$t1] = 00000000, [$t2] = 00000000, [$t3] = 00000000
[$t4] = 00000000, [$t5] = 00000000, [$t6] = 00000000
[$t7] = 00000000, [$t8] = 00000000, [$t9] = 00000000
[$zero]=00000000
Time:                 930, CLK=1, PC=00000004
[$s0] = 00000000, [$s1] = 00000000, [$s2] = 00000000
[$s3] = 00000000, [$s4] = 00000000, [$s5] = 00000000
[$s6] = 00000000, [$s7] = 00000000, [$t0] = 00000000
[$t1] = 00000000, [$t2] = 00000000, [$t3] = 00000000
[$t4] = 00000000, [$t5] = 00000000, [$t6] = 00000000
[$t7] = 00000000, [$t8] = 00000000, [$t9] = 00000000
[$zero]=00000000
Time:                 940, CLK=0, PC=00000008
[$s0] = 00000000, [$s1] = 00000000, [$s2] = 00000000
[$s3] = 00000000, [$s4] = 00000000, [$s5] = 00000000
[$s6] = 00000000, [$s7] = 00000000, [$t0] = 00000000
[$t1] = 00000000, [$t2] = 00000000, [$t3] = 00000000
[$t4] = 00000000, [$t5] = 00000000, [$t6] = 00000000
[$t7] = 00000000, [$t8] = 00000000, [$t9] = 00000000
[$zero]=00000000
Time:                 950, CLK=1, PC=00000008
[$s0] = 00000000, [$s1] = 00000000, [$s2] = 00000000
[$s3] = 00000000, [$s4] = 00000000, [$s5] = 00000000
[$s6] = 00000000, [$s7] = 00000000, [$t0] = 00000000
[$t1] = 00000000, [$t2] = 00000000, [$t3] = 00000000
[$t4] = 00000000, [$t5] = 00000000, [$t6] = 00000000
[$t7] = 00000000, [$t8] = 00000000, [$t9] = 00000000
[$zero]=00000000
Time:                 960, CLK=0, PC=00000000
[$s0] = 00000000, [$s1] = 00000000, [$s2] = 00000000
[$s3] = 00000000, [$s4] = 00000000, [$s5] = 00000000
[$s6] = 00000000, [$s7] = 00000000, [$t0] = 00000000
[$t1] = 00000000, [$t2] = 00000000, [$t3] = 00000000
[$t4] = 00000000, [$t5] = 00000000, [$t6] = 00000000
[$t7] = 00000000, [$t8] = 00000000, [$t9] = 00000000
[$zero]=00000000
Time:                 970, CLK=1, PC=00000000
[$s0] = 00000000, [$s1] = 00000000, [$s2] = 00000000
[$s3] = 00000000, [$s4] = 00000000, [$s5] = 00000000
[$s6] = 00000000, [$s7] = 00000000, [$t0] = 00000000
[$t1] = 00000000, [$t2] = 00000000, [$t3] = 00000000
[$t4] = 00000000, [$t5] = 00000000, [$t6] = 00000000
[$t7] = 00000000, [$t8] = 00000000, [$t9] = 00000000
[$zero]=00000000
Time:                 980, CLK=0, PC=00000004
[$s0] = 00000000, [$s1] = 00000000, [$s2] = 00000000
[$s3] = 00000000, [$s4] = 00000000, [$s5] = 00000000
[$s6] = 00000000, [$s7] = 00000000, [$t0] = 00000000
[$t1] = 00000000, [$t2] = 00000000, [$t3] = 00000000
[$t4] = 00000000, [$t5] = 00000000, [$t6] = 00000000
[$t7] = 00000000, [$t8] = 00000000, [$t9] = 00000000
[$zero]=00000000
Time:                 990, CLK=1, PC=00000004
[$s0] = 00000000, [$s1] = 00000000, [$s2] = 00000000
[$s3] = 00000000, [$s4] = 00000000, [$s5] = 00000000
[$s6] = 00000000, [$s7] = 00000000, [$t0] = 00000000
[$t1] = 00000000, [$t2] = 00000000, [$t3] = 00000000
[$t4] = 00000000, [$t5] = 00000000, [$t6] = 00000000
[$t7] = 00000000, [$t8] = 00000000, [$t9] = 00000000
[$zero]=00000000
INFO: [USF-XSim-96] XSim completed. Design snapshot 'p2pipelineSIM_behav' loaded.
INFO: [USF-XSim-97] XSim simulation ran for 1000ns
launch_simulation: Time (s): cpu = 00:00:07 ; elapsed = 00:00:14 . Memory (MB): peak = 859.262 ; gain = 0.000
close_sim
INFO: [Simtcl 6-16] Simulation closed
launch_simulation
INFO: [SIM-utils-51] Simulation object is 'sim_1'
INFO: [SIM-utils-54] Inspecting design source files for 'p2pipelineSIM' in fileset 'sim_1'...
INFO: [USF-XSim-97] Finding global include files...
INFO: [USF-XSim-98] Fetching design files from 'sim_1'...
INFO: [USF-XSim-2] XSim::Compile design
INFO: [USF-XSim-61] Executing 'COMPILE and ANALYZE' step in 'C:/Users/Administrator/Desktop/VE370/Projects/project2_group/pjsim/pjsim.sim/sim_1/behav'
"xvlog -m64 --relax -prj p2pipelineSIM_vlog.prj"
INFO: [VRFC 10-2263] Analyzing Verilog file "C:/Users/Administrator/Desktop/VE370/Projects/project2_group/sources11081652/sources_1/new/ALU.v" into library xil_defaultlib
INFO: [VRFC 10-311] analyzing module ALU
INFO: [VRFC 10-2263] Analyzing Verilog file "C:/Users/Administrator/Desktop/VE370/Projects/project2_group/sources11081652/sources_1/new/ALUControl.v" into library xil_defaultlib
INFO: [VRFC 10-311] analyzing module ALUControl
INFO: [VRFC 10-2263] Analyzing Verilog file "C:/Users/Administrator/Desktop/VE370/Projects/project2_group/sources11081652/sources_1/new/Adder.v" into library xil_defaultlib
INFO: [VRFC 10-311] analyzing module Adder
INFO: [VRFC 10-2263] Analyzing Verilog file "C:/Users/Administrator/Desktop/VE370/Projects/project2_group/sources11081652/sources_1/new/Control.v" into library xil_defaultlib
INFO: [VRFC 10-311] analyzing module Control
INFO: [VRFC 10-2263] Analyzing Verilog file "C:/Users/Administrator/Desktop/VE370/Projects/project2_group/sources11081652/sources_1/new/EXMEM.v" into library xil_defaultlib
INFO: [VRFC 10-311] analyzing module EXMEM
INFO: [VRFC 10-2263] Analyzing Verilog file "C:/Users/Administrator/Desktop/VE370/Projects/project2_group/sources11081652/sources_1/new/Equal.v" into library xil_defaultlib
INFO: [VRFC 10-311] analyzing module Equal
INFO: [VRFC 10-2263] Analyzing Verilog file "C:/Users/Administrator/Desktop/VE370/Projects/project2_group/sources11081652/sources_1/new/Forward_Unit.v" into library xil_defaultlib
INFO: [VRFC 10-311] analyzing module Forward_Unit
INFO: [VRFC 10-2263] Analyzing Verilog file "C:/Users/Administrator/Desktop/VE370/Projects/project2_group/sources11081652/sources_1/new/Hazard_Detection_Unit.v" into library xil_defaultlib
INFO: [VRFC 10-311] analyzing module Hazard_Detection_Unit
INFO: [VRFC 10-2263] Analyzing Verilog file "C:/Users/Administrator/Desktop/VE370/Projects/project2_group/sources11081652/sources_1/new/IDEX.v" into library xil_defaultlib
INFO: [VRFC 10-311] analyzing module IDEX
INFO: [VRFC 10-2263] Analyzing Verilog file "C:/Users/Administrator/Desktop/VE370/Projects/project2_group/sources11081652/sources_1/new/IFID.v" into library xil_defaultlib
INFO: [VRFC 10-311] analyzing module IFID
INFO: [VRFC 10-2263] Analyzing Verilog file "C:/Users/Administrator/Desktop/VE370/Projects/project2_group/sources11081652/sources_1/new/MEMWB.v" into library xil_defaultlib
INFO: [VRFC 10-311] analyzing module MEMWB
INFO: [VRFC 10-2263] Analyzing Verilog file "C:/Users/Administrator/Desktop/VE370/Projects/project2_group/sources11081652/sources_1/new/PC.v" into library xil_defaultlib
INFO: [VRFC 10-311] analyzing module PC
INFO: [VRFC 10-2263] Analyzing Verilog file "C:/Users/Administrator/Desktop/VE370/Projects/project2_group/sources11081652/sources_1/new/add.v" into library xil_defaultlib
INFO: [VRFC 10-311] analyzing module add
INFO: [VRFC 10-2263] Analyzing Verilog file "C:/Users/Administrator/Desktop/VE370/Projects/project2_group/sources11081652/sources_1/new/dataMemory.v" into library xil_defaultlib
INFO: [VRFC 10-311] analyzing module dataMemory
INFO: [VRFC 10-2263] Analyzing Verilog file "C:/Users/Administrator/Desktop/VE370/Projects/project2_group/sources11081652/sources_1/new/instructionMem.v" into library xil_defaultlib
INFO: [VRFC 10-311] analyzing module instructionMem
INFO: [VRFC 10-2263] Analyzing Verilog file "C:/Users/Administrator/Desktop/VE370/Projects/project2_group/sources11081652/sources_1/new/mux2.v" into library xil_defaultlib
INFO: [VRFC 10-311] analyzing module mux2
INFO: [VRFC 10-2263] Analyzing Verilog file "C:/Users/Administrator/Desktop/VE370/Projects/project2_group/sources11081652/sources_1/new/mux232.v" into library xil_defaultlib
INFO: [VRFC 10-311] analyzing module mux232
INFO: [VRFC 10-2263] Analyzing Verilog file "C:/Users/Administrator/Desktop/VE370/Projects/project2_group/sources11081652/sources_1/new/mux25.v" into library xil_defaultlib
INFO: [VRFC 10-311] analyzing module mux25
INFO: [VRFC 10-2263] Analyzing Verilog file "C:/Users/Administrator/Desktop/VE370/Projects/project2_group/sources11081652/sources_1/new/mux4.v" into library xil_defaultlib
INFO: [VRFC 10-311] analyzing module mux4
INFO: [VRFC 10-2263] Analyzing Verilog file "C:/Users/Administrator/Desktop/VE370/Projects/project2_group/sources11081652/sources_1/new/mux432.v" into library xil_defaultlib
INFO: [VRFC 10-311] analyzing module mux432
INFO: [VRFC 10-2263] Analyzing Verilog file "C:/Users/Administrator/Desktop/VE370/Projects/project2_group/sources11081652/sources_1/new/muxControl.v" into library xil_defaultlib
INFO: [VRFC 10-311] analyzing module muxControl
INFO: [VRFC 10-2263] Analyzing Verilog file "C:/Users/Administrator/Desktop/VE370/Projects/project2_group/sources11081652/sources_1/new/onebitALU.v" into library xil_defaultlib
INFO: [VRFC 10-311] analyzing module onebitALU
INFO: [VRFC 10-2263] Analyzing Verilog file "C:/Users/Administrator/Desktop/VE370/Projects/project2_group/sources11081652/sources_1/new/project2pipeline.v" into library xil_defaultlib
INFO: [VRFC 10-311] analyzing module project2pipeline
INFO: [VRFC 10-2263] Analyzing Verilog file "C:/Users/Administrator/Desktop/VE370/Projects/project2_group/sources11081652/sources_1/new/registers.v" into library xil_defaultlib
INFO: [VRFC 10-311] analyzing module registers
INFO: [VRFC 10-2263] Analyzing Verilog file "C:/Users/Administrator/Desktop/VE370/Projects/project2_group/sources11081652/sources_1/new/shiftLeft16.v" into library xil_defaultlib
INFO: [VRFC 10-311] analyzing module shiftLeft16
INFO: [VRFC 10-2263] Analyzing Verilog file "C:/Users/Administrator/Desktop/VE370/Projects/project2_group/sources11081652/sources_1/new/shiftLeft26.v" into library xil_defaultlib
INFO: [VRFC 10-311] analyzing module shiftLeft26
INFO: [VRFC 10-2263] Analyzing Verilog file "C:/Users/Administrator/Desktop/VE370/Projects/project2_group/sources11081652/sources_1/new/signExend.v" into library xil_defaultlib
INFO: [VRFC 10-311] analyzing module signExtend
INFO: [VRFC 10-2263] Analyzing Verilog file "C:/Users/Administrator/Desktop/VE370/Projects/project2_group/sources11081652/sim_1/new/p2pipelineSIM.v" into library xil_defaultlib
INFO: [VRFC 10-311] analyzing module p2pipelineSIM
INFO: [VRFC 10-2263] Analyzing Verilog file "C:/Users/Administrator/Desktop/VE370/Projects/project2_group/pjsim/pjsim.sim/sim_1/behav/glbl.v" into library xil_defaultlib
INFO: [VRFC 10-311] analyzing module glbl
INFO: [USF-XSim-69] 'compile' step finished in '3' seconds
INFO: [USF-XSim-3] XSim::Elaborate design
INFO: [USF-XSim-61] Executing 'ELABORATE' step in 'C:/Users/Administrator/Desktop/VE370/Projects/project2_group/pjsim/pjsim.sim/sim_1/behav'
Vivado Simulator 2017.2
Copyright 1986-1999, 2001-2016 Xilinx, Inc. All Rights Reserved.
Running: D:/software/Vivado/2017.2/bin/unwrapped/win64.o/xelab.exe -wto 6dbf78677c12474fa703dc01962719aa --debug typical --relax --mt 2 -L xil_defaultlib -L unisims_ver -L unimacro_ver -L secureip --snapshot p2pipelineSIM_behav xil_defaultlib.p2pipelineSIM xil_defaultlib.glbl -log elaborate.log 
Using 2 slave threads.
Starting static elaboration
Completed static elaboration
Starting simulation data flow analysis
Completed simulation data flow analysis
Time Resolution for simulation is 1ps
Compiling module xil_defaultlib.mux232
Compiling module xil_defaultlib.PC
Compiling module xil_defaultlib.mux2
Compiling module xil_defaultlib.add
Compiling module xil_defaultlib.mux4
Compiling module xil_defaultlib.onebitALU
Compiling module xil_defaultlib.ALU
Compiling module xil_defaultlib.Adder
Compiling module xil_defaultlib.instructionMem
Compiling module xil_defaultlib.IFID
Compiling module xil_defaultlib.shiftLeft26
Compiling module xil_defaultlib.Control
Compiling module xil_defaultlib.muxControl
Compiling module xil_defaultlib.registers
Compiling module xil_defaultlib.Equal
Compiling module xil_defaultlib.signExtend
Compiling module xil_defaultlib.shiftLeft16
Compiling module xil_defaultlib.IDEX
Compiling module xil_defaultlib.mux432
Compiling module xil_defaultlib.mux25
Compiling module xil_defaultlib.ALUControl
Compiling module xil_defaultlib.EXMEM
Compiling module xil_defaultlib.dataMemory
Compiling module xil_defaultlib.MEMWB
Compiling module xil_defaultlib.Hazard_Detection_Unit
Compiling module xil_defaultlib.Forward_Unit
Compiling module xil_defaultlib.project2pipeline
Compiling module xil_defaultlib.p2pipelineSIM
Compiling module xil_defaultlib.glbl
Built simulation snapshot p2pipelineSIM_behav

****** Webtalk v2017.2 (64-bit)
  **** SW Build 1909853 on Thu Jun 15 18:39:09 MDT 2017
  **** IP Build 1909766 on Thu Jun 15 19:58:00 MDT 2017
    ** Copyright 1986-2017 Xilinx, Inc. All Rights Reserved.

source C:/Users/Administrator/Desktop/VE370/Projects/project2_group/pjsim/pjsim.sim/sim_1/behav/xsim.dir/p2pipelineSIM_behav/webtalk/xsim_webtalk.tcl -notrace
INFO: [Common 17-206] Exiting Webtalk at Sun Nov  8 17:37:32 2020...
run_program: Time (s): cpu = 00:00:00 ; elapsed = 00:00:05 . Memory (MB): peak = 870.000 ; gain = 0.000
INFO: [USF-XSim-69] 'elaborate' step finished in '5' seconds
INFO: [USF-XSim-4] XSim::Simulate design
INFO: [USF-XSim-61] Executing 'SIMULATE' step in 'C:/Users/Administrator/Desktop/VE370/Projects/project2_group/pjsim/pjsim.sim/sim_1/behav'
INFO: [USF-XSim-98] *** Running xsim
   with args "p2pipelineSIM_behav -key {Behavioral:sim_1:Functional:p2pipelineSIM} -tclbatch {p2pipelineSIM.tcl} -log {simulate.log}"
INFO: [USF-XSim-8] Loading simulator feature
Vivado Simulator 2017.2
Time resolution is 1 ps
source p2pipelineSIM.tcl
# set curr_wave [current_wave_config]
# if { [string length $curr_wave] == 0 } {
#   if { [llength [get_objects]] > 0} {
#     add_wave /
#     set_property needs_save false [current_wave_config]
#   } else {
#      send_msg_id Add_Wave-1 WARNING "No top level signals found. Simulator will start without a wave window. If you want to open a wave window go to 'File->New Waveform Configuration' or type 'create_wave_config' in the TCL console."
#   }
# }
# run 1000ns
WARNING: Too many words specified in data file C:/Users/Administrator/Desktop/VE370/Projects/project2_group/pjsim/InstructionMem_for_P2_Demo.txt
Time:          0, CLK=          0, PC=00000000
[$s0] = 00000000, [$s1] = 00000000, [$s2] = 00000000
[$s3] = 00000000, [$s4] = 00000000, [$s5] = 00000000
[$s6] = 00000000, [$s7] = 00000000, [$t0] = 00000000
[$t1] = 00000000, [$t2] = 00000000, [$t3] = 00000000
[$t4] = 00000000, [$t5] = 00000000, [$t6] = 00000000
[$t7] = 00000000, [$t8] = 00000000, [$t9] = 00000000
[$zero]=00000000
Time:                  10, CLK=1, PC=00000000
[$s0] = 00000000, [$s1] = 00000000, [$s2] = 00000000
[$s3] = 00000000, [$s4] = 00000000, [$s5] = 00000000
[$s6] = 00000000, [$s7] = 00000000, [$t0] = 00000000
[$t1] = 00000000, [$t2] = 00000000, [$t3] = 00000000
[$t4] = 00000000, [$t5] = 00000000, [$t6] = 00000000
[$t7] = 00000000, [$t8] = 00000000, [$t9] = 00000000
[$zero]=00000000
Time:                  20, CLK=0, PC=00000004
[$s0] = 00000000, [$s1] = 00000000, [$s2] = 00000000
[$s3] = 00000000, [$s4] = 00000000, [$s5] = 00000000
[$s6] = 00000000, [$s7] = 00000000, [$t0] = 00000000
[$t1] = 00000000, [$t2] = 00000000, [$t3] = 00000000
[$t4] = 00000000, [$t5] = 00000000, [$t6] = 00000000
[$t7] = 00000000, [$t8] = 00000000, [$t9] = 00000000
[$zero]=00000000
Time:                  30, CLK=1, PC=00000004
[$s0] = 00000000, [$s1] = 00000000, [$s2] = 00000000
[$s3] = 00000000, [$s4] = 00000000, [$s5] = 00000000
[$s6] = 00000000, [$s7] = 00000000, [$t0] = 00000000
[$t1] = 00000000, [$t2] = 00000000, [$t3] = 00000000
[$t4] = 00000000, [$t5] = 00000000, [$t6] = 00000000
[$t7] = 00000000, [$t8] = 00000000, [$t9] = 00000000
[$zero]=00000000
Time:                  40, CLK=0, PC=00000008
[$s0] = 00000000, [$s1] = 00000000, [$s2] = 00000000
[$s3] = 00000000, [$s4] = 00000000, [$s5] = 00000000
[$s6] = 00000000, [$s7] = 00000000, [$t0] = 00000000
[$t1] = 00000000, [$t2] = 00000000, [$t3] = 00000000
[$t4] = 00000000, [$t5] = 00000000, [$t6] = 00000000
[$t7] = 00000000, [$t8] = 00000000, [$t9] = 00000000
[$zero]=00000000
Time:                  50, CLK=1, PC=00000008
[$s0] = 00000000, [$s1] = 00000000, [$s2] = 00000000
[$s3] = 00000000, [$s4] = 00000000, [$s5] = 00000000
[$s6] = 00000000, [$s7] = 00000000, [$t0] = 00000000
[$t1] = 00000000, [$t2] = 00000000, [$t3] = 00000000
[$t4] = 00000000, [$t5] = 00000000, [$t6] = 00000000
[$t7] = 00000000, [$t8] = 00000000, [$t9] = 00000000
[$zero]=00000000
Time:                  60, CLK=0, PC=00000000
[$s0] = 00000000, [$s1] = 00000000, [$s2] = 00000000
[$s3] = 00000000, [$s4] = 00000000, [$s5] = 00000000
[$s6] = 00000000, [$s7] = 00000000, [$t0] = 00000000
[$t1] = 00000000, [$t2] = 00000000, [$t3] = 00000000
[$t4] = 00000000, [$t5] = 00000000, [$t6] = 00000000
[$t7] = 00000000, [$t8] = 00000000, [$t9] = 00000000
[$zero]=00000000
Time:                  70, CLK=1, PC=00000000
[$s0] = 00000000, [$s1] = 00000000, [$s2] = 00000000
[$s3] = 00000000, [$s4] = 00000000, [$s5] = 00000000
[$s6] = 00000000, [$s7] = 00000000, [$t0] = 00000000
[$t1] = 00000000, [$t2] = 00000000, [$t3] = 00000000
[$t4] = 00000000, [$t5] = 00000000, [$t6] = 00000000
[$t7] = 00000000, [$t8] = 00000000, [$t9] = 00000000
[$zero]=00000000
Time:                  80, CLK=0, PC=00000004
[$s0] = 00000000, [$s1] = 00000000, [$s2] = 00000000
[$s3] = 00000000, [$s4] = 00000000, [$s5] = 00000000
[$s6] = 00000000, [$s7] = 00000000, [$t0] = 00000000
[$t1] = 00000000, [$t2] = 00000000, [$t3] = 00000000
[$t4] = 00000000, [$t5] = 00000000, [$t6] = 00000000
[$t7] = 00000000, [$t8] = 00000000, [$t9] = 00000000
[$zero]=00000000
Time:                  90, CLK=1, PC=00000004
[$s0] = 00000000, [$s1] = 00000000, [$s2] = 00000000
[$s3] = 00000000, [$s4] = 00000000, [$s5] = 00000000
[$s6] = 00000000, [$s7] = 00000000, [$t0] = 00000000
[$t1] = 00000000, [$t2] = 00000000, [$t3] = 00000000
[$t4] = 00000000, [$t5] = 00000000, [$t6] = 00000000
[$t7] = 00000000, [$t8] = 00000000, [$t9] = 00000000
[$zero]=00000000
Time:                 100, CLK=0, PC=00000008
[$s0] = 00000000, [$s1] = 00000000, [$s2] = 00000000
[$s3] = 00000000, [$s4] = 00000000, [$s5] = 00000000
[$s6] = 00000000, [$s7] = 00000000, [$t0] = 00000000
[$t1] = 00000000, [$t2] = 00000000, [$t3] = 00000000
[$t4] = 00000000, [$t5] = 00000000, [$t6] = 00000000
[$t7] = 00000000, [$t8] = 00000000, [$t9] = 00000000
[$zero]=00000000
Time:                 110, CLK=1, PC=00000008
[$s0] = 00000000, [$s1] = 00000000, [$s2] = 00000000
[$s3] = 00000000, [$s4] = 00000000, [$s5] = 00000000
[$s6] = 00000000, [$s7] = 00000000, [$t0] = 00000000
[$t1] = 00000000, [$t2] = 00000000, [$t3] = 00000000
[$t4] = 00000000, [$t5] = 00000000, [$t6] = 00000000
[$t7] = 00000000, [$t8] = 00000000, [$t9] = 00000000
[$zero]=00000000
Time:                 120, CLK=0, PC=00000000
[$s0] = 00000000, [$s1] = 00000000, [$s2] = 00000000
[$s3] = 00000000, [$s4] = 00000000, [$s5] = 00000000
[$s6] = 00000000, [$s7] = 00000000, [$t0] = 00000000
[$t1] = 00000000, [$t2] = 00000000, [$t3] = 00000000
[$t4] = 00000000, [$t5] = 00000000, [$t6] = 00000000
[$t7] = 00000000, [$t8] = 00000000, [$t9] = 00000000
[$zero]=00000000
Time:                 130, CLK=1, PC=00000000
[$s0] = 00000000, [$s1] = 00000000, [$s2] = 00000000
[$s3] = 00000000, [$s4] = 00000000, [$s5] = 00000000
[$s6] = 00000000, [$s7] = 00000000, [$t0] = 00000000
[$t1] = 00000000, [$t2] = 00000000, [$t3] = 00000000
[$t4] = 00000000, [$t5] = 00000000, [$t6] = 00000000
[$t7] = 00000000, [$t8] = 00000000, [$t9] = 00000000
[$zero]=00000000
Time:                 140, CLK=0, PC=00000004
[$s0] = 00000000, [$s1] = 00000000, [$s2] = 00000000
[$s3] = 00000000, [$s4] = 00000000, [$s5] = 00000000
[$s6] = 00000000, [$s7] = 00000000, [$t0] = 00000000
[$t1] = 00000000, [$t2] = 00000000, [$t3] = 00000000
[$t4] = 00000000, [$t5] = 00000000, [$t6] = 00000000
[$t7] = 00000000, [$t8] = 00000000, [$t9] = 00000000
[$zero]=00000000
Time:                 150, CLK=1, PC=00000004
[$s0] = 00000000, [$s1] = 00000000, [$s2] = 00000000
[$s3] = 00000000, [$s4] = 00000000, [$s5] = 00000000
[$s6] = 00000000, [$s7] = 00000000, [$t0] = 00000000
[$t1] = 00000000, [$t2] = 00000000, [$t3] = 00000000
[$t4] = 00000000, [$t5] = 00000000, [$t6] = 00000000
[$t7] = 00000000, [$t8] = 00000000, [$t9] = 00000000
[$zero]=00000000
Time:                 160, CLK=0, PC=00000008
[$s0] = 00000000, [$s1] = 00000000, [$s2] = 00000000
[$s3] = 00000000, [$s4] = 00000000, [$s5] = 00000000
[$s6] = 00000000, [$s7] = 00000000, [$t0] = 00000000
[$t1] = 00000000, [$t2] = 00000000, [$t3] = 00000000
[$t4] = 00000000, [$t5] = 00000000, [$t6] = 00000000
[$t7] = 00000000, [$t8] = 00000000, [$t9] = 00000000
[$zero]=00000000
Time:                 170, CLK=1, PC=00000008
[$s0] = 00000000, [$s1] = 00000000, [$s2] = 00000000
[$s3] = 00000000, [$s4] = 00000000, [$s5] = 00000000
[$s6] = 00000000, [$s7] = 00000000, [$t0] = 00000000
[$t1] = 00000000, [$t2] = 00000000, [$t3] = 00000000
[$t4] = 00000000, [$t5] = 00000000, [$t6] = 00000000
[$t7] = 00000000, [$t8] = 00000000, [$t9] = 00000000
[$zero]=00000000
Time:                 180, CLK=0, PC=00000000
[$s0] = 00000000, [$s1] = 00000000, [$s2] = 00000000
[$s3] = 00000000, [$s4] = 00000000, [$s5] = 00000000
[$s6] = 00000000, [$s7] = 00000000, [$t0] = 00000000
[$t1] = 00000000, [$t2] = 00000000, [$t3] = 00000000
[$t4] = 00000000, [$t5] = 00000000, [$t6] = 00000000
[$t7] = 00000000, [$t8] = 00000000, [$t9] = 00000000
[$zero]=00000000
Time:                 190, CLK=1, PC=00000000
[$s0] = 00000000, [$s1] = 00000000, [$s2] = 00000000
[$s3] = 00000000, [$s4] = 00000000, [$s5] = 00000000
[$s6] = 00000000, [$s7] = 00000000, [$t0] = 00000000
[$t1] = 00000000, [$t2] = 00000000, [$t3] = 00000000
[$t4] = 00000000, [$t5] = 00000000, [$t6] = 00000000
[$t7] = 00000000, [$t8] = 00000000, [$t9] = 00000000
[$zero]=00000000
Time:                 200, CLK=0, PC=00000004
[$s0] = 00000000, [$s1] = 00000000, [$s2] = 00000000
[$s3] = 00000000, [$s4] = 00000000, [$s5] = 00000000
[$s6] = 00000000, [$s7] = 00000000, [$t0] = 00000000
[$t1] = 00000000, [$t2] = 00000000, [$t3] = 00000000
[$t4] = 00000000, [$t5] = 00000000, [$t6] = 00000000
[$t7] = 00000000, [$t8] = 00000000, [$t9] = 00000000
[$zero]=00000000
Time:                 210, CLK=1, PC=00000004
[$s0] = 00000000, [$s1] = 00000000, [$s2] = 00000000
[$s3] = 00000000, [$s4] = 00000000, [$s5] = 00000000
[$s6] = 00000000, [$s7] = 00000000, [$t0] = 00000000
[$t1] = 00000000, [$t2] = 00000000, [$t3] = 00000000
[$t4] = 00000000, [$t5] = 00000000, [$t6] = 00000000
[$t7] = 00000000, [$t8] = 00000000, [$t9] = 00000000
[$zero]=00000000
Time:                 220, CLK=0, PC=00000008
[$s0] = 00000000, [$s1] = 00000000, [$s2] = 00000000
[$s3] = 00000000, [$s4] = 00000000, [$s5] = 00000000
[$s6] = 00000000, [$s7] = 00000000, [$t0] = 00000000
[$t1] = 00000000, [$t2] = 00000000, [$t3] = 00000000
[$t4] = 00000000, [$t5] = 00000000, [$t6] = 00000000
[$t7] = 00000000, [$t8] = 00000000, [$t9] = 00000000
[$zero]=00000000
Time:                 230, CLK=1, PC=00000008
[$s0] = 00000000, [$s1] = 00000000, [$s2] = 00000000
[$s3] = 00000000, [$s4] = 00000000, [$s5] = 00000000
[$s6] = 00000000, [$s7] = 00000000, [$t0] = 00000000
[$t1] = 00000000, [$t2] = 00000000, [$t3] = 00000000
[$t4] = 00000000, [$t5] = 00000000, [$t6] = 00000000
[$t7] = 00000000, [$t8] = 00000000, [$t9] = 00000000
[$zero]=00000000
Time:                 240, CLK=0, PC=00000000
[$s0] = 00000000, [$s1] = 00000000, [$s2] = 00000000
[$s3] = 00000000, [$s4] = 00000000, [$s5] = 00000000
[$s6] = 00000000, [$s7] = 00000000, [$t0] = 00000000
[$t1] = 00000000, [$t2] = 00000000, [$t3] = 00000000
[$t4] = 00000000, [$t5] = 00000000, [$t6] = 00000000
[$t7] = 00000000, [$t8] = 00000000, [$t9] = 00000000
[$zero]=00000000
Time:                 250, CLK=1, PC=00000000
[$s0] = 00000000, [$s1] = 00000000, [$s2] = 00000000
[$s3] = 00000000, [$s4] = 00000000, [$s5] = 00000000
[$s6] = 00000000, [$s7] = 00000000, [$t0] = 00000000
[$t1] = 00000000, [$t2] = 00000000, [$t3] = 00000000
[$t4] = 00000000, [$t5] = 00000000, [$t6] = 00000000
[$t7] = 00000000, [$t8] = 00000000, [$t9] = 00000000
[$zero]=00000000
Time:                 260, CLK=0, PC=00000004
[$s0] = 00000000, [$s1] = 00000000, [$s2] = 00000000
[$s3] = 00000000, [$s4] = 00000000, [$s5] = 00000000
[$s6] = 00000000, [$s7] = 00000000, [$t0] = 00000000
[$t1] = 00000000, [$t2] = 00000000, [$t3] = 00000000
[$t4] = 00000000, [$t5] = 00000000, [$t6] = 00000000
[$t7] = 00000000, [$t8] = 00000000, [$t9] = 00000000
[$zero]=00000000
Time:                 270, CLK=1, PC=00000004
[$s0] = 00000000, [$s1] = 00000000, [$s2] = 00000000
[$s3] = 00000000, [$s4] = 00000000, [$s5] = 00000000
[$s6] = 00000000, [$s7] = 00000000, [$t0] = 00000000
[$t1] = 00000000, [$t2] = 00000000, [$t3] = 00000000
[$t4] = 00000000, [$t5] = 00000000, [$t6] = 00000000
[$t7] = 00000000, [$t8] = 00000000, [$t9] = 00000000
[$zero]=00000000
Time:                 280, CLK=0, PC=00000008
[$s0] = 00000000, [$s1] = 00000000, [$s2] = 00000000
[$s3] = 00000000, [$s4] = 00000000, [$s5] = 00000000
[$s6] = 00000000, [$s7] = 00000000, [$t0] = 00000000
[$t1] = 00000000, [$t2] = 00000000, [$t3] = 00000000
[$t4] = 00000000, [$t5] = 00000000, [$t6] = 00000000
[$t7] = 00000000, [$t8] = 00000000, [$t9] = 00000000
[$zero]=00000000
Time:                 290, CLK=1, PC=00000008
[$s0] = 00000000, [$s1] = 00000000, [$s2] = 00000000
[$s3] = 00000000, [$s4] = 00000000, [$s5] = 00000000
[$s6] = 00000000, [$s7] = 00000000, [$t0] = 00000000
[$t1] = 00000000, [$t2] = 00000000, [$t3] = 00000000
[$t4] = 00000000, [$t5] = 00000000, [$t6] = 00000000
[$t7] = 00000000, [$t8] = 00000000, [$t9] = 00000000
[$zero]=00000000
Time:                 300, CLK=0, PC=00000000
[$s0] = 00000000, [$s1] = 00000000, [$s2] = 00000000
[$s3] = 00000000, [$s4] = 00000000, [$s5] = 00000000
[$s6] = 00000000, [$s7] = 00000000, [$t0] = 00000000
[$t1] = 00000000, [$t2] = 00000000, [$t3] = 00000000
[$t4] = 00000000, [$t5] = 00000000, [$t6] = 00000000
[$t7] = 00000000, [$t8] = 00000000, [$t9] = 00000000
[$zero]=00000000
Time:                 310, CLK=1, PC=00000000
[$s0] = 00000000, [$s1] = 00000000, [$s2] = 00000000
[$s3] = 00000000, [$s4] = 00000000, [$s5] = 00000000
[$s6] = 00000000, [$s7] = 00000000, [$t0] = 00000000
[$t1] = 00000000, [$t2] = 00000000, [$t3] = 00000000
[$t4] = 00000000, [$t5] = 00000000, [$t6] = 00000000
[$t7] = 00000000, [$t8] = 00000000, [$t9] = 00000000
[$zero]=00000000
Time:                 320, CLK=0, PC=00000004
[$s0] = 00000000, [$s1] = 00000000, [$s2] = 00000000
[$s3] = 00000000, [$s4] = 00000000, [$s5] = 00000000
[$s6] = 00000000, [$s7] = 00000000, [$t0] = 00000000
[$t1] = 00000000, [$t2] = 00000000, [$t3] = 00000000
[$t4] = 00000000, [$t5] = 00000000, [$t6] = 00000000
[$t7] = 00000000, [$t8] = 00000000, [$t9] = 00000000
[$zero]=00000000
Time:                 330, CLK=1, PC=00000004
[$s0] = 00000000, [$s1] = 00000000, [$s2] = 00000000
[$s3] = 00000000, [$s4] = 00000000, [$s5] = 00000000
[$s6] = 00000000, [$s7] = 00000000, [$t0] = 00000000
[$t1] = 00000000, [$t2] = 00000000, [$t3] = 00000000
[$t4] = 00000000, [$t5] = 00000000, [$t6] = 00000000
[$t7] = 00000000, [$t8] = 00000000, [$t9] = 00000000
[$zero]=00000000
Time:                 340, CLK=0, PC=00000008
[$s0] = 00000000, [$s1] = 00000000, [$s2] = 00000000
[$s3] = 00000000, [$s4] = 00000000, [$s5] = 00000000
[$s6] = 00000000, [$s7] = 00000000, [$t0] = 00000000
[$t1] = 00000000, [$t2] = 00000000, [$t3] = 00000000
[$t4] = 00000000, [$t5] = 00000000, [$t6] = 00000000
[$t7] = 00000000, [$t8] = 00000000, [$t9] = 00000000
[$zero]=00000000
Time:                 350, CLK=1, PC=00000008
[$s0] = 00000000, [$s1] = 00000000, [$s2] = 00000000
[$s3] = 00000000, [$s4] = 00000000, [$s5] = 00000000
[$s6] = 00000000, [$s7] = 00000000, [$t0] = 00000000
[$t1] = 00000000, [$t2] = 00000000, [$t3] = 00000000
[$t4] = 00000000, [$t5] = 00000000, [$t6] = 00000000
[$t7] = 00000000, [$t8] = 00000000, [$t9] = 00000000
[$zero]=00000000
Time:                 360, CLK=0, PC=00000000
[$s0] = 00000000, [$s1] = 00000000, [$s2] = 00000000
[$s3] = 00000000, [$s4] = 00000000, [$s5] = 00000000
[$s6] = 00000000, [$s7] = 00000000, [$t0] = 00000000
[$t1] = 00000000, [$t2] = 00000000, [$t3] = 00000000
[$t4] = 00000000, [$t5] = 00000000, [$t6] = 00000000
[$t7] = 00000000, [$t8] = 00000000, [$t9] = 00000000
[$zero]=00000000
Time:                 370, CLK=1, PC=00000000
[$s0] = 00000000, [$s1] = 00000000, [$s2] = 00000000
[$s3] = 00000000, [$s4] = 00000000, [$s5] = 00000000
[$s6] = 00000000, [$s7] = 00000000, [$t0] = 00000000
[$t1] = 00000000, [$t2] = 00000000, [$t3] = 00000000
[$t4] = 00000000, [$t5] = 00000000, [$t6] = 00000000
[$t7] = 00000000, [$t8] = 00000000, [$t9] = 00000000
[$zero]=00000000
Time:                 380, CLK=0, PC=00000004
[$s0] = 00000000, [$s1] = 00000000, [$s2] = 00000000
[$s3] = 00000000, [$s4] = 00000000, [$s5] = 00000000
[$s6] = 00000000, [$s7] = 00000000, [$t0] = 00000000
[$t1] = 00000000, [$t2] = 00000000, [$t3] = 00000000
[$t4] = 00000000, [$t5] = 00000000, [$t6] = 00000000
[$t7] = 00000000, [$t8] = 00000000, [$t9] = 00000000
[$zero]=00000000
Time:                 390, CLK=1, PC=00000004
[$s0] = 00000000, [$s1] = 00000000, [$s2] = 00000000
[$s3] = 00000000, [$s4] = 00000000, [$s5] = 00000000
[$s6] = 00000000, [$s7] = 00000000, [$t0] = 00000000
[$t1] = 00000000, [$t2] = 00000000, [$t3] = 00000000
[$t4] = 00000000, [$t5] = 00000000, [$t6] = 00000000
[$t7] = 00000000, [$t8] = 00000000, [$t9] = 00000000
[$zero]=00000000
Time:                 400, CLK=0, PC=00000008
[$s0] = 00000000, [$s1] = 00000000, [$s2] = 00000000
[$s3] = 00000000, [$s4] = 00000000, [$s5] = 00000000
[$s6] = 00000000, [$s7] = 00000000, [$t0] = 00000000
[$t1] = 00000000, [$t2] = 00000000, [$t3] = 00000000
[$t4] = 00000000, [$t5] = 00000000, [$t6] = 00000000
[$t7] = 00000000, [$t8] = 00000000, [$t9] = 00000000
[$zero]=00000000
Time:                 410, CLK=1, PC=00000008
[$s0] = 00000000, [$s1] = 00000000, [$s2] = 00000000
[$s3] = 00000000, [$s4] = 00000000, [$s5] = 00000000
[$s6] = 00000000, [$s7] = 00000000, [$t0] = 00000000
[$t1] = 00000000, [$t2] = 00000000, [$t3] = 00000000
[$t4] = 00000000, [$t5] = 00000000, [$t6] = 00000000
[$t7] = 00000000, [$t8] = 00000000, [$t9] = 00000000
[$zero]=00000000
Time:                 420, CLK=0, PC=00000000
[$s0] = 00000000, [$s1] = 00000000, [$s2] = 00000000
[$s3] = 00000000, [$s4] = 00000000, [$s5] = 00000000
[$s6] = 00000000, [$s7] = 00000000, [$t0] = 00000000
[$t1] = 00000000, [$t2] = 00000000, [$t3] = 00000000
[$t4] = 00000000, [$t5] = 00000000, [$t6] = 00000000
[$t7] = 00000000, [$t8] = 00000000, [$t9] = 00000000
[$zero]=00000000
Time:                 430, CLK=1, PC=00000000
[$s0] = 00000000, [$s1] = 00000000, [$s2] = 00000000
[$s3] = 00000000, [$s4] = 00000000, [$s5] = 00000000
[$s6] = 00000000, [$s7] = 00000000, [$t0] = 00000000
[$t1] = 00000000, [$t2] = 00000000, [$t3] = 00000000
[$t4] = 00000000, [$t5] = 00000000, [$t6] = 00000000
[$t7] = 00000000, [$t8] = 00000000, [$t9] = 00000000
[$zero]=00000000
Time:                 440, CLK=0, PC=00000004
[$s0] = 00000000, [$s1] = 00000000, [$s2] = 00000000
[$s3] = 00000000, [$s4] = 00000000, [$s5] = 00000000
[$s6] = 00000000, [$s7] = 00000000, [$t0] = 00000000
[$t1] = 00000000, [$t2] = 00000000, [$t3] = 00000000
[$t4] = 00000000, [$t5] = 00000000, [$t6] = 00000000
[$t7] = 00000000, [$t8] = 00000000, [$t9] = 00000000
[$zero]=00000000
Time:                 450, CLK=1, PC=00000004
[$s0] = 00000000, [$s1] = 00000000, [$s2] = 00000000
[$s3] = 00000000, [$s4] = 00000000, [$s5] = 00000000
[$s6] = 00000000, [$s7] = 00000000, [$t0] = 00000000
[$t1] = 00000000, [$t2] = 00000000, [$t3] = 00000000
[$t4] = 00000000, [$t5] = 00000000, [$t6] = 00000000
[$t7] = 00000000, [$t8] = 00000000, [$t9] = 00000000
[$zero]=00000000
Time:                 460, CLK=0, PC=00000008
[$s0] = 00000000, [$s1] = 00000000, [$s2] = 00000000
[$s3] = 00000000, [$s4] = 00000000, [$s5] = 00000000
[$s6] = 00000000, [$s7] = 00000000, [$t0] = 00000000
[$t1] = 00000000, [$t2] = 00000000, [$t3] = 00000000
[$t4] = 00000000, [$t5] = 00000000, [$t6] = 00000000
[$t7] = 00000000, [$t8] = 00000000, [$t9] = 00000000
[$zero]=00000000
Time:                 470, CLK=1, PC=00000008
[$s0] = 00000000, [$s1] = 00000000, [$s2] = 00000000
[$s3] = 00000000, [$s4] = 00000000, [$s5] = 00000000
[$s6] = 00000000, [$s7] = 00000000, [$t0] = 00000000
[$t1] = 00000000, [$t2] = 00000000, [$t3] = 00000000
[$t4] = 00000000, [$t5] = 00000000, [$t6] = 00000000
[$t7] = 00000000, [$t8] = 00000000, [$t9] = 00000000
[$zero]=00000000
Time:                 480, CLK=0, PC=00000000
[$s0] = 00000000, [$s1] = 00000000, [$s2] = 00000000
[$s3] = 00000000, [$s4] = 00000000, [$s5] = 00000000
[$s6] = 00000000, [$s7] = 00000000, [$t0] = 00000000
[$t1] = 00000000, [$t2] = 00000000, [$t3] = 00000000
[$t4] = 00000000, [$t5] = 00000000, [$t6] = 00000000
[$t7] = 00000000, [$t8] = 00000000, [$t9] = 00000000
[$zero]=00000000
Time:                 490, CLK=1, PC=00000000
[$s0] = 00000000, [$s1] = 00000000, [$s2] = 00000000
[$s3] = 00000000, [$s4] = 00000000, [$s5] = 00000000
[$s6] = 00000000, [$s7] = 00000000, [$t0] = 00000000
[$t1] = 00000000, [$t2] = 00000000, [$t3] = 00000000
[$t4] = 00000000, [$t5] = 00000000, [$t6] = 00000000
[$t7] = 00000000, [$t8] = 00000000, [$t9] = 00000000
[$zero]=00000000
Time:                 500, CLK=0, PC=00000004
[$s0] = 00000000, [$s1] = 00000000, [$s2] = 00000000
[$s3] = 00000000, [$s4] = 00000000, [$s5] = 00000000
[$s6] = 00000000, [$s7] = 00000000, [$t0] = 00000000
[$t1] = 00000000, [$t2] = 00000000, [$t3] = 00000000
[$t4] = 00000000, [$t5] = 00000000, [$t6] = 00000000
[$t7] = 00000000, [$t8] = 00000000, [$t9] = 00000000
[$zero]=00000000
Time:                 510, CLK=1, PC=00000004
[$s0] = 00000000, [$s1] = 00000000, [$s2] = 00000000
[$s3] = 00000000, [$s4] = 00000000, [$s5] = 00000000
[$s6] = 00000000, [$s7] = 00000000, [$t0] = 00000000
[$t1] = 00000000, [$t2] = 00000000, [$t3] = 00000000
[$t4] = 00000000, [$t5] = 00000000, [$t6] = 00000000
[$t7] = 00000000, [$t8] = 00000000, [$t9] = 00000000
[$zero]=00000000
Time:                 520, CLK=0, PC=00000008
[$s0] = 00000000, [$s1] = 00000000, [$s2] = 00000000
[$s3] = 00000000, [$s4] = 00000000, [$s5] = 00000000
[$s6] = 00000000, [$s7] = 00000000, [$t0] = 00000000
[$t1] = 00000000, [$t2] = 00000000, [$t3] = 00000000
[$t4] = 00000000, [$t5] = 00000000, [$t6] = 00000000
[$t7] = 00000000, [$t8] = 00000000, [$t9] = 00000000
[$zero]=00000000
Time:                 530, CLK=1, PC=00000008
[$s0] = 00000000, [$s1] = 00000000, [$s2] = 00000000
[$s3] = 00000000, [$s4] = 00000000, [$s5] = 00000000
[$s6] = 00000000, [$s7] = 00000000, [$t0] = 00000000
[$t1] = 00000000, [$t2] = 00000000, [$t3] = 00000000
[$t4] = 00000000, [$t5] = 00000000, [$t6] = 00000000
[$t7] = 00000000, [$t8] = 00000000, [$t9] = 00000000
[$zero]=00000000
Time:                 540, CLK=0, PC=00000000
[$s0] = 00000000, [$s1] = 00000000, [$s2] = 00000000
[$s3] = 00000000, [$s4] = 00000000, [$s5] = 00000000
[$s6] = 00000000, [$s7] = 00000000, [$t0] = 00000000
[$t1] = 00000000, [$t2] = 00000000, [$t3] = 00000000
[$t4] = 00000000, [$t5] = 00000000, [$t6] = 00000000
[$t7] = 00000000, [$t8] = 00000000, [$t9] = 00000000
[$zero]=00000000
Time:                 550, CLK=1, PC=00000000
[$s0] = 00000000, [$s1] = 00000000, [$s2] = 00000000
[$s3] = 00000000, [$s4] = 00000000, [$s5] = 00000000
[$s6] = 00000000, [$s7] = 00000000, [$t0] = 00000000
[$t1] = 00000000, [$t2] = 00000000, [$t3] = 00000000
[$t4] = 00000000, [$t5] = 00000000, [$t6] = 00000000
[$t7] = 00000000, [$t8] = 00000000, [$t9] = 00000000
[$zero]=00000000
Time:                 560, CLK=0, PC=00000004
[$s0] = 00000000, [$s1] = 00000000, [$s2] = 00000000
[$s3] = 00000000, [$s4] = 00000000, [$s5] = 00000000
[$s6] = 00000000, [$s7] = 00000000, [$t0] = 00000000
[$t1] = 00000000, [$t2] = 00000000, [$t3] = 00000000
[$t4] = 00000000, [$t5] = 00000000, [$t6] = 00000000
[$t7] = 00000000, [$t8] = 00000000, [$t9] = 00000000
[$zero]=00000000
Time:                 570, CLK=1, PC=00000004
[$s0] = 00000000, [$s1] = 00000000, [$s2] = 00000000
[$s3] = 00000000, [$s4] = 00000000, [$s5] = 00000000
[$s6] = 00000000, [$s7] = 00000000, [$t0] = 00000000
[$t1] = 00000000, [$t2] = 00000000, [$t3] = 00000000
[$t4] = 00000000, [$t5] = 00000000, [$t6] = 00000000
[$t7] = 00000000, [$t8] = 00000000, [$t9] = 00000000
[$zero]=00000000
Time:                 580, CLK=0, PC=00000008
[$s0] = 00000000, [$s1] = 00000000, [$s2] = 00000000
[$s3] = 00000000, [$s4] = 00000000, [$s5] = 00000000
[$s6] = 00000000, [$s7] = 00000000, [$t0] = 00000000
[$t1] = 00000000, [$t2] = 00000000, [$t3] = 00000000
[$t4] = 00000000, [$t5] = 00000000, [$t6] = 00000000
[$t7] = 00000000, [$t8] = 00000000, [$t9] = 00000000
[$zero]=00000000
Time:                 590, CLK=1, PC=00000008
[$s0] = 00000000, [$s1] = 00000000, [$s2] = 00000000
[$s3] = 00000000, [$s4] = 00000000, [$s5] = 00000000
[$s6] = 00000000, [$s7] = 00000000, [$t0] = 00000000
[$t1] = 00000000, [$t2] = 00000000, [$t3] = 00000000
[$t4] = 00000000, [$t5] = 00000000, [$t6] = 00000000
[$t7] = 00000000, [$t8] = 00000000, [$t9] = 00000000
[$zero]=00000000
Time:                 600, CLK=0, PC=00000000
[$s0] = 00000000, [$s1] = 00000000, [$s2] = 00000000
[$s3] = 00000000, [$s4] = 00000000, [$s5] = 00000000
[$s6] = 00000000, [$s7] = 00000000, [$t0] = 00000000
[$t1] = 00000000, [$t2] = 00000000, [$t3] = 00000000
[$t4] = 00000000, [$t5] = 00000000, [$t6] = 00000000
[$t7] = 00000000, [$t8] = 00000000, [$t9] = 00000000
[$zero]=00000000
Time:                 610, CLK=1, PC=00000000
[$s0] = 00000000, [$s1] = 00000000, [$s2] = 00000000
[$s3] = 00000000, [$s4] = 00000000, [$s5] = 00000000
[$s6] = 00000000, [$s7] = 00000000, [$t0] = 00000000
[$t1] = 00000000, [$t2] = 00000000, [$t3] = 00000000
[$t4] = 00000000, [$t5] = 00000000, [$t6] = 00000000
[$t7] = 00000000, [$t8] = 00000000, [$t9] = 00000000
[$zero]=00000000
Time:                 620, CLK=0, PC=00000004
[$s0] = 00000000, [$s1] = 00000000, [$s2] = 00000000
[$s3] = 00000000, [$s4] = 00000000, [$s5] = 00000000
[$s6] = 00000000, [$s7] = 00000000, [$t0] = 00000000
[$t1] = 00000000, [$t2] = 00000000, [$t3] = 00000000
[$t4] = 00000000, [$t5] = 00000000, [$t6] = 00000000
[$t7] = 00000000, [$t8] = 00000000, [$t9] = 00000000
[$zero]=00000000
Time:                 630, CLK=1, PC=00000004
[$s0] = 00000000, [$s1] = 00000000, [$s2] = 00000000
[$s3] = 00000000, [$s4] = 00000000, [$s5] = 00000000
[$s6] = 00000000, [$s7] = 00000000, [$t0] = 00000000
[$t1] = 00000000, [$t2] = 00000000, [$t3] = 00000000
[$t4] = 00000000, [$t5] = 00000000, [$t6] = 00000000
[$t7] = 00000000, [$t8] = 00000000, [$t9] = 00000000
[$zero]=00000000
Time:                 640, CLK=0, PC=00000008
[$s0] = 00000000, [$s1] = 00000000, [$s2] = 00000000
[$s3] = 00000000, [$s4] = 00000000, [$s5] = 00000000
[$s6] = 00000000, [$s7] = 00000000, [$t0] = 00000000
[$t1] = 00000000, [$t2] = 00000000, [$t3] = 00000000
[$t4] = 00000000, [$t5] = 00000000, [$t6] = 00000000
[$t7] = 00000000, [$t8] = 00000000, [$t9] = 00000000
[$zero]=00000000
Time:                 650, CLK=1, PC=00000008
[$s0] = 00000000, [$s1] = 00000000, [$s2] = 00000000
[$s3] = 00000000, [$s4] = 00000000, [$s5] = 00000000
[$s6] = 00000000, [$s7] = 00000000, [$t0] = 00000000
[$t1] = 00000000, [$t2] = 00000000, [$t3] = 00000000
[$t4] = 00000000, [$t5] = 00000000, [$t6] = 00000000
[$t7] = 00000000, [$t8] = 00000000, [$t9] = 00000000
[$zero]=00000000
Time:                 660, CLK=0, PC=00000000
[$s0] = 00000000, [$s1] = 00000000, [$s2] = 00000000
[$s3] = 00000000, [$s4] = 00000000, [$s5] = 00000000
[$s6] = 00000000, [$s7] = 00000000, [$t0] = 00000000
[$t1] = 00000000, [$t2] = 00000000, [$t3] = 00000000
[$t4] = 00000000, [$t5] = 00000000, [$t6] = 00000000
[$t7] = 00000000, [$t8] = 00000000, [$t9] = 00000000
[$zero]=00000000
Time:                 670, CLK=1, PC=00000000
[$s0] = 00000000, [$s1] = 00000000, [$s2] = 00000000
[$s3] = 00000000, [$s4] = 00000000, [$s5] = 00000000
[$s6] = 00000000, [$s7] = 00000000, [$t0] = 00000000
[$t1] = 00000000, [$t2] = 00000000, [$t3] = 00000000
[$t4] = 00000000, [$t5] = 00000000, [$t6] = 00000000
[$t7] = 00000000, [$t8] = 00000000, [$t9] = 00000000
[$zero]=00000000
Time:                 680, CLK=0, PC=00000004
[$s0] = 00000000, [$s1] = 00000000, [$s2] = 00000000
[$s3] = 00000000, [$s4] = 00000000, [$s5] = 00000000
[$s6] = 00000000, [$s7] = 00000000, [$t0] = 00000000
[$t1] = 00000000, [$t2] = 00000000, [$t3] = 00000000
[$t4] = 00000000, [$t5] = 00000000, [$t6] = 00000000
[$t7] = 00000000, [$t8] = 00000000, [$t9] = 00000000
[$zero]=00000000
Time:                 690, CLK=1, PC=00000004
[$s0] = 00000000, [$s1] = 00000000, [$s2] = 00000000
[$s3] = 00000000, [$s4] = 00000000, [$s5] = 00000000
[$s6] = 00000000, [$s7] = 00000000, [$t0] = 00000000
[$t1] = 00000000, [$t2] = 00000000, [$t3] = 00000000
[$t4] = 00000000, [$t5] = 00000000, [$t6] = 00000000
[$t7] = 00000000, [$t8] = 00000000, [$t9] = 00000000
[$zero]=00000000
Time:                 700, CLK=0, PC=00000008
[$s0] = 00000000, [$s1] = 00000000, [$s2] = 00000000
[$s3] = 00000000, [$s4] = 00000000, [$s5] = 00000000
[$s6] = 00000000, [$s7] = 00000000, [$t0] = 00000000
[$t1] = 00000000, [$t2] = 00000000, [$t3] = 00000000
[$t4] = 00000000, [$t5] = 00000000, [$t6] = 00000000
[$t7] = 00000000, [$t8] = 00000000, [$t9] = 00000000
[$zero]=00000000
Time:                 710, CLK=1, PC=00000008
[$s0] = 00000000, [$s1] = 00000000, [$s2] = 00000000
[$s3] = 00000000, [$s4] = 00000000, [$s5] = 00000000
[$s6] = 00000000, [$s7] = 00000000, [$t0] = 00000000
[$t1] = 00000000, [$t2] = 00000000, [$t3] = 00000000
[$t4] = 00000000, [$t5] = 00000000, [$t6] = 00000000
[$t7] = 00000000, [$t8] = 00000000, [$t9] = 00000000
[$zero]=00000000
Time:                 720, CLK=0, PC=00000000
[$s0] = 00000000, [$s1] = 00000000, [$s2] = 00000000
[$s3] = 00000000, [$s4] = 00000000, [$s5] = 00000000
[$s6] = 00000000, [$s7] = 00000000, [$t0] = 00000000
[$t1] = 00000000, [$t2] = 00000000, [$t3] = 00000000
[$t4] = 00000000, [$t5] = 00000000, [$t6] = 00000000
[$t7] = 00000000, [$t8] = 00000000, [$t9] = 00000000
[$zero]=00000000
Time:                 730, CLK=1, PC=00000000
[$s0] = 00000000, [$s1] = 00000000, [$s2] = 00000000
[$s3] = 00000000, [$s4] = 00000000, [$s5] = 00000000
[$s6] = 00000000, [$s7] = 00000000, [$t0] = 00000000
[$t1] = 00000000, [$t2] = 00000000, [$t3] = 00000000
[$t4] = 00000000, [$t5] = 00000000, [$t6] = 00000000
[$t7] = 00000000, [$t8] = 00000000, [$t9] = 00000000
[$zero]=00000000
Time:                 740, CLK=0, PC=00000004
[$s0] = 00000000, [$s1] = 00000000, [$s2] = 00000000
[$s3] = 00000000, [$s4] = 00000000, [$s5] = 00000000
[$s6] = 00000000, [$s7] = 00000000, [$t0] = 00000000
[$t1] = 00000000, [$t2] = 00000000, [$t3] = 00000000
[$t4] = 00000000, [$t5] = 00000000, [$t6] = 00000000
[$t7] = 00000000, [$t8] = 00000000, [$t9] = 00000000
[$zero]=00000000
Time:                 750, CLK=1, PC=00000004
[$s0] = 00000000, [$s1] = 00000000, [$s2] = 00000000
[$s3] = 00000000, [$s4] = 00000000, [$s5] = 00000000
[$s6] = 00000000, [$s7] = 00000000, [$t0] = 00000000
[$t1] = 00000000, [$t2] = 00000000, [$t3] = 00000000
[$t4] = 00000000, [$t5] = 00000000, [$t6] = 00000000
[$t7] = 00000000, [$t8] = 00000000, [$t9] = 00000000
[$zero]=00000000
Time:                 760, CLK=0, PC=00000008
[$s0] = 00000000, [$s1] = 00000000, [$s2] = 00000000
[$s3] = 00000000, [$s4] = 00000000, [$s5] = 00000000
[$s6] = 00000000, [$s7] = 00000000, [$t0] = 00000000
[$t1] = 00000000, [$t2] = 00000000, [$t3] = 00000000
[$t4] = 00000000, [$t5] = 00000000, [$t6] = 00000000
[$t7] = 00000000, [$t8] = 00000000, [$t9] = 00000000
[$zero]=00000000
Time:                 770, CLK=1, PC=00000008
[$s0] = 00000000, [$s1] = 00000000, [$s2] = 00000000
[$s3] = 00000000, [$s4] = 00000000, [$s5] = 00000000
[$s6] = 00000000, [$s7] = 00000000, [$t0] = 00000000
[$t1] = 00000000, [$t2] = 00000000, [$t3] = 00000000
[$t4] = 00000000, [$t5] = 00000000, [$t6] = 00000000
[$t7] = 00000000, [$t8] = 00000000, [$t9] = 00000000
[$zero]=00000000
Time:                 780, CLK=0, PC=00000000
[$s0] = 00000000, [$s1] = 00000000, [$s2] = 00000000
[$s3] = 00000000, [$s4] = 00000000, [$s5] = 00000000
[$s6] = 00000000, [$s7] = 00000000, [$t0] = 00000000
[$t1] = 00000000, [$t2] = 00000000, [$t3] = 00000000
[$t4] = 00000000, [$t5] = 00000000, [$t6] = 00000000
[$t7] = 00000000, [$t8] = 00000000, [$t9] = 00000000
[$zero]=00000000
Time:                 790, CLK=1, PC=00000000
[$s0] = 00000000, [$s1] = 00000000, [$s2] = 00000000
[$s3] = 00000000, [$s4] = 00000000, [$s5] = 00000000
[$s6] = 00000000, [$s7] = 00000000, [$t0] = 00000000
[$t1] = 00000000, [$t2] = 00000000, [$t3] = 00000000
[$t4] = 00000000, [$t5] = 00000000, [$t6] = 00000000
[$t7] = 00000000, [$t8] = 00000000, [$t9] = 00000000
[$zero]=00000000
Time:                 800, CLK=0, PC=00000004
[$s0] = 00000000, [$s1] = 00000000, [$s2] = 00000000
[$s3] = 00000000, [$s4] = 00000000, [$s5] = 00000000
[$s6] = 00000000, [$s7] = 00000000, [$t0] = 00000000
[$t1] = 00000000, [$t2] = 00000000, [$t3] = 00000000
[$t4] = 00000000, [$t5] = 00000000, [$t6] = 00000000
[$t7] = 00000000, [$t8] = 00000000, [$t9] = 00000000
[$zero]=00000000
Time:                 810, CLK=1, PC=00000004
[$s0] = 00000000, [$s1] = 00000000, [$s2] = 00000000
[$s3] = 00000000, [$s4] = 00000000, [$s5] = 00000000
[$s6] = 00000000, [$s7] = 00000000, [$t0] = 00000000
[$t1] = 00000000, [$t2] = 00000000, [$t3] = 00000000
[$t4] = 00000000, [$t5] = 00000000, [$t6] = 00000000
[$t7] = 00000000, [$t8] = 00000000, [$t9] = 00000000
[$zero]=00000000
Time:                 820, CLK=0, PC=00000008
[$s0] = 00000000, [$s1] = 00000000, [$s2] = 00000000
[$s3] = 00000000, [$s4] = 00000000, [$s5] = 00000000
[$s6] = 00000000, [$s7] = 00000000, [$t0] = 00000000
[$t1] = 00000000, [$t2] = 00000000, [$t3] = 00000000
[$t4] = 00000000, [$t5] = 00000000, [$t6] = 00000000
[$t7] = 00000000, [$t8] = 00000000, [$t9] = 00000000
[$zero]=00000000
Time:                 830, CLK=1, PC=00000008
[$s0] = 00000000, [$s1] = 00000000, [$s2] = 00000000
[$s3] = 00000000, [$s4] = 00000000, [$s5] = 00000000
[$s6] = 00000000, [$s7] = 00000000, [$t0] = 00000000
[$t1] = 00000000, [$t2] = 00000000, [$t3] = 00000000
[$t4] = 00000000, [$t5] = 00000000, [$t6] = 00000000
[$t7] = 00000000, [$t8] = 00000000, [$t9] = 00000000
[$zero]=00000000
Time:                 840, CLK=0, PC=00000000
[$s0] = 00000000, [$s1] = 00000000, [$s2] = 00000000
[$s3] = 00000000, [$s4] = 00000000, [$s5] = 00000000
[$s6] = 00000000, [$s7] = 00000000, [$t0] = 00000000
[$t1] = 00000000, [$t2] = 00000000, [$t3] = 00000000
[$t4] = 00000000, [$t5] = 00000000, [$t6] = 00000000
[$t7] = 00000000, [$t8] = 00000000, [$t9] = 00000000
[$zero]=00000000
Time:                 850, CLK=1, PC=00000000
[$s0] = 00000000, [$s1] = 00000000, [$s2] = 00000000
[$s3] = 00000000, [$s4] = 00000000, [$s5] = 00000000
[$s6] = 00000000, [$s7] = 00000000, [$t0] = 00000000
[$t1] = 00000000, [$t2] = 00000000, [$t3] = 00000000
[$t4] = 00000000, [$t5] = 00000000, [$t6] = 00000000
[$t7] = 00000000, [$t8] = 00000000, [$t9] = 00000000
[$zero]=00000000
Time:                 860, CLK=0, PC=00000004
[$s0] = 00000000, [$s1] = 00000000, [$s2] = 00000000
[$s3] = 00000000, [$s4] = 00000000, [$s5] = 00000000
[$s6] = 00000000, [$s7] = 00000000, [$t0] = 00000000
[$t1] = 00000000, [$t2] = 00000000, [$t3] = 00000000
[$t4] = 00000000, [$t5] = 00000000, [$t6] = 00000000
[$t7] = 00000000, [$t8] = 00000000, [$t9] = 00000000
[$zero]=00000000
Time:                 870, CLK=1, PC=00000004
[$s0] = 00000000, [$s1] = 00000000, [$s2] = 00000000
[$s3] = 00000000, [$s4] = 00000000, [$s5] = 00000000
[$s6] = 00000000, [$s7] = 00000000, [$t0] = 00000000
[$t1] = 00000000, [$t2] = 00000000, [$t3] = 00000000
[$t4] = 00000000, [$t5] = 00000000, [$t6] = 00000000
[$t7] = 00000000, [$t8] = 00000000, [$t9] = 00000000
[$zero]=00000000
Time:                 880, CLK=0, PC=00000008
[$s0] = 00000000, [$s1] = 00000000, [$s2] = 00000000
[$s3] = 00000000, [$s4] = 00000000, [$s5] = 00000000
[$s6] = 00000000, [$s7] = 00000000, [$t0] = 00000000
[$t1] = 00000000, [$t2] = 00000000, [$t3] = 00000000
[$t4] = 00000000, [$t5] = 00000000, [$t6] = 00000000
[$t7] = 00000000, [$t8] = 00000000, [$t9] = 00000000
[$zero]=00000000
Time:                 890, CLK=1, PC=00000008
[$s0] = 00000000, [$s1] = 00000000, [$s2] = 00000000
[$s3] = 00000000, [$s4] = 00000000, [$s5] = 00000000
[$s6] = 00000000, [$s7] = 00000000, [$t0] = 00000000
[$t1] = 00000000, [$t2] = 00000000, [$t3] = 00000000
[$t4] = 00000000, [$t5] = 00000000, [$t6] = 00000000
[$t7] = 00000000, [$t8] = 00000000, [$t9] = 00000000
[$zero]=00000000
Time:                 900, CLK=0, PC=00000000
[$s0] = 00000000, [$s1] = 00000000, [$s2] = 00000000
[$s3] = 00000000, [$s4] = 00000000, [$s5] = 00000000
[$s6] = 00000000, [$s7] = 00000000, [$t0] = 00000000
[$t1] = 00000000, [$t2] = 00000000, [$t3] = 00000000
[$t4] = 00000000, [$t5] = 00000000, [$t6] = 00000000
[$t7] = 00000000, [$t8] = 00000000, [$t9] = 00000000
[$zero]=00000000
Time:                 910, CLK=1, PC=00000000
[$s0] = 00000000, [$s1] = 00000000, [$s2] = 00000000
[$s3] = 00000000, [$s4] = 00000000, [$s5] = 00000000
[$s6] = 00000000, [$s7] = 00000000, [$t0] = 00000000
[$t1] = 00000000, [$t2] = 00000000, [$t3] = 00000000
[$t4] = 00000000, [$t5] = 00000000, [$t6] = 00000000
[$t7] = 00000000, [$t8] = 00000000, [$t9] = 00000000
[$zero]=00000000
Time:                 920, CLK=0, PC=00000004
[$s0] = 00000000, [$s1] = 00000000, [$s2] = 00000000
[$s3] = 00000000, [$s4] = 00000000, [$s5] = 00000000
[$s6] = 00000000, [$s7] = 00000000, [$t0] = 00000000
[$t1] = 00000000, [$t2] = 00000000, [$t3] = 00000000
[$t4] = 00000000, [$t5] = 00000000, [$t6] = 00000000
[$t7] = 00000000, [$t8] = 00000000, [$t9] = 00000000
[$zero]=00000000
Time:                 930, CLK=1, PC=00000004
[$s0] = 00000000, [$s1] = 00000000, [$s2] = 00000000
[$s3] = 00000000, [$s4] = 00000000, [$s5] = 00000000
[$s6] = 00000000, [$s7] = 00000000, [$t0] = 00000000
[$t1] = 00000000, [$t2] = 00000000, [$t3] = 00000000
[$t4] = 00000000, [$t5] = 00000000, [$t6] = 00000000
[$t7] = 00000000, [$t8] = 00000000, [$t9] = 00000000
[$zero]=00000000
Time:                 940, CLK=0, PC=00000008
[$s0] = 00000000, [$s1] = 00000000, [$s2] = 00000000
[$s3] = 00000000, [$s4] = 00000000, [$s5] = 00000000
[$s6] = 00000000, [$s7] = 00000000, [$t0] = 00000000
[$t1] = 00000000, [$t2] = 00000000, [$t3] = 00000000
[$t4] = 00000000, [$t5] = 00000000, [$t6] = 00000000
[$t7] = 00000000, [$t8] = 00000000, [$t9] = 00000000
[$zero]=00000000
Time:                 950, CLK=1, PC=00000008
[$s0] = 00000000, [$s1] = 00000000, [$s2] = 00000000
[$s3] = 00000000, [$s4] = 00000000, [$s5] = 00000000
[$s6] = 00000000, [$s7] = 00000000, [$t0] = 00000000
[$t1] = 00000000, [$t2] = 00000000, [$t3] = 00000000
[$t4] = 00000000, [$t5] = 00000000, [$t6] = 00000000
[$t7] = 00000000, [$t8] = 00000000, [$t9] = 00000000
[$zero]=00000000
Time:                 960, CLK=0, PC=00000000
[$s0] = 00000000, [$s1] = 00000000, [$s2] = 00000000
[$s3] = 00000000, [$s4] = 00000000, [$s5] = 00000000
[$s6] = 00000000, [$s7] = 00000000, [$t0] = 00000000
[$t1] = 00000000, [$t2] = 00000000, [$t3] = 00000000
[$t4] = 00000000, [$t5] = 00000000, [$t6] = 00000000
[$t7] = 00000000, [$t8] = 00000000, [$t9] = 00000000
[$zero]=00000000
Time:                 970, CLK=1, PC=00000000
[$s0] = 00000000, [$s1] = 00000000, [$s2] = 00000000
[$s3] = 00000000, [$s4] = 00000000, [$s5] = 00000000
[$s6] = 00000000, [$s7] = 00000000, [$t0] = 00000000
[$t1] = 00000000, [$t2] = 00000000, [$t3] = 00000000
[$t4] = 00000000, [$t5] = 00000000, [$t6] = 00000000
[$t7] = 00000000, [$t8] = 00000000, [$t9] = 00000000
[$zero]=00000000
Time:                 980, CLK=0, PC=00000004
[$s0] = 00000000, [$s1] = 00000000, [$s2] = 00000000
[$s3] = 00000000, [$s4] = 00000000, [$s5] = 00000000
[$s6] = 00000000, [$s7] = 00000000, [$t0] = 00000000
[$t1] = 00000000, [$t2] = 00000000, [$t3] = 00000000
[$t4] = 00000000, [$t5] = 00000000, [$t6] = 00000000
[$t7] = 00000000, [$t8] = 00000000, [$t9] = 00000000
[$zero]=00000000
Time:                 990, CLK=1, PC=00000004
[$s0] = 00000000, [$s1] = 00000000, [$s2] = 00000000
[$s3] = 00000000, [$s4] = 00000000, [$s5] = 00000000
[$s6] = 00000000, [$s7] = 00000000, [$t0] = 00000000
[$t1] = 00000000, [$t2] = 00000000, [$t3] = 00000000
[$t4] = 00000000, [$t5] = 00000000, [$t6] = 00000000
[$t7] = 00000000, [$t8] = 00000000, [$t9] = 00000000
[$zero]=00000000
INFO: [USF-XSim-96] XSim completed. Design snapshot 'p2pipelineSIM_behav' loaded.
INFO: [USF-XSim-97] XSim simulation ran for 1000ns
launch_simulation: Time (s): cpu = 00:00:04 ; elapsed = 00:00:12 . Memory (MB): peak = 870.000 ; gain = 0.000
close_sim
INFO: [Simtcl 6-16] Simulation closed
close_sim: Time (s): cpu = 00:00:02 ; elapsed = 00:00:05 . Memory (MB): peak = 870.000 ; gain = 0.000
exit
INFO: [Common 17-206] Exiting Vivado at Sun Nov  8 17:40:31 2020...
