#-----------------------------------------------------------
# Vivado v2017.2 (64-bit)
# SW Build 1909853 on Thu Jun 15 18:39:09 MDT 2017
# IP Build 1909766 on Thu Jun 15 19:58:00 MDT 2017
# Start of session at: Thu Nov 12 21:43:32 2020
# Process ID: 23020
# Current directory: C:/Users/Administrator/Desktop/VE370/Projects/project2/project_1
# Command line: vivado.exe -gui_launcher_event rodinguilauncherevent25408 C:\Users\Administrator\Desktop\VE370\Projects\project2\project_1\project_1.xpr
# Log file: C:/Users/Administrator/Desktop/VE370/Projects/project2/project_1/vivado.log
# Journal file: C:/Users/Administrator/Desktop/VE370/Projects/project2/project_1\vivado.jou
#-----------------------------------------------------------
start_gui
open_project C:/Users/Administrator/Desktop/VE370/Projects/project2/project_1/project_1.xpr
Scanning sources...
Finished scanning sources
INFO: [IP_Flow 19-234] Refreshing IP repositories
INFO: [IP_Flow 19-1704] No user IP repositories specified
INFO: [IP_Flow 19-2313] Loaded Vivado IP repository 'D:/software/Vivado/2017.2/data/ip'.
update_compile_order -fileset sources_1
launch_simulation
WARNING: [Vivado 12-3661] Failed to remove file:C:/Users/Administrator/Desktop/VE370/Projects/project2/project_1/project_1.sim/sim_1/behav/elaborate.log
WARNING: [Vivado 12-3661] Failed to remove file:C:/Users/Administrator/Desktop/VE370/Projects/project2/project_1/project_1.sim/sim_1/behav/simulate.log
WARNING: [Vivado 12-3661] Failed to remove file:C:/Users/Administrator/Desktop/VE370/Projects/project2/project_1/project_1.sim/sim_1/behav/singlecyclesim_behav.wdb
WARNING: [Vivado 12-3661] Failed to remove file:C:/Users/Administrator/Desktop/VE370/Projects/project2/project_1/project_1.sim/sim_1/behav/singlecycle_behav.wdb
WARNING: [Vivado 12-3661] Failed to remove file:C:/Users/Administrator/Desktop/VE370/Projects/project2/project_1/project_1.sim/sim_1/behav/xelab.pb
INFO: [SIM-utils-51] Simulation object is 'sim_1'
INFO: [SIM-utils-54] Inspecting design source files for 'singlecyclesim' in fileset 'sim_1'...
INFO: [USF-XSim-97] Finding global include files...
INFO: [USF-XSim-98] Fetching design files from 'sim_1'...
INFO: [USF-XSim-2] XSim::Compile design
INFO: [USF-XSim-61] Executing 'COMPILE and ANALYZE' step in 'C:/Users/Administrator/Desktop/VE370/Projects/project2/project_1/project_1.sim/sim_1/behav'
"xvlog -m64 --relax -prj singlecyclesim_vlog.prj"
INFO: [VRFC 10-2263] Analyzing Verilog file "C:/Users/Administrator/Desktop/VE370/Projects/project2/ALU.v" into library xil_defaultlib
INFO: [VRFC 10-311] analyzing module ALU
INFO: [VRFC 10-2263] Analyzing Verilog file "C:/Users/Administrator/Desktop/VE370/Projects/project2/Add_ALU.v" into library xil_defaultlib
INFO: [VRFC 10-311] analyzing module Add_ALU
INFO: [VRFC 10-2263] Analyzing Verilog file "C:/Users/Administrator/Desktop/VE370/Projects/project2/PC.v" into library xil_defaultlib
INFO: [VRFC 10-311] analyzing module PC
INFO: [VRFC 10-2263] Analyzing Verilog file "C:/Users/Administrator/Desktop/VE370/Projects/project2/PC_ADD.v" into library xil_defaultlib
INFO: [VRFC 10-311] analyzing module PC_ADD4
INFO: [VRFC 10-2263] Analyzing Verilog file "C:/Users/Administrator/Desktop/VE370/Projects/project2/alucontrol.v" into library xil_defaultlib
INFO: [VRFC 10-311] analyzing module ALUcontrol
INFO: [VRFC 10-2263] Analyzing Verilog file "C:/Users/Administrator/Desktop/VE370/Projects/project2/branchunit.v" into library xil_defaultlib
INFO: [VRFC 10-311] analyzing module BranchUnit
INFO: [VRFC 10-2263] Analyzing Verilog file "C:/Users/Administrator/Desktop/VE370/Projects/project2/control.v" into library xil_defaultlib
INFO: [VRFC 10-311] analyzing module Control
INFO: [VRFC 10-2263] Analyzing Verilog file "C:/Users/Administrator/Desktop/VE370/Projects/project2/datamemory.v" into library xil_defaultlib
INFO: [VRFC 10-311] analyzing module DataMemory
INFO: [VRFC 10-2263] Analyzing Verilog file "C:/Users/Administrator/Desktop/VE370/Projects/project2/instruction_mem.v" into library xil_defaultlib
INFO: [VRFC 10-311] analyzing module inst_mem
INFO: [VRFC 10-2263] Analyzing Verilog file "C:/Users/Administrator/Desktop/VE370/Projects/project2/mux32.v" into library xil_defaultlib
INFO: [VRFC 10-311] analyzing module Mux32
INFO: [VRFC 10-2263] Analyzing Verilog file "C:/Users/Administrator/Desktop/VE370/Projects/project2/regfile.v" into library xil_defaultlib
INFO: [VRFC 10-311] analyzing module Regfile
INFO: [VRFC 10-2263] Analyzing Verilog file "C:/Users/Administrator/Desktop/VE370/Projects/project2/regmux.v" into library xil_defaultlib
INFO: [VRFC 10-311] analyzing module RegMux
INFO: [VRFC 10-2263] Analyzing Verilog file "C:/Users/Administrator/Desktop/VE370/Projects/project2/shiftleft2.v" into library xil_defaultlib
INFO: [VRFC 10-311] analyzing module Shiftleft2_26bit
INFO: [VRFC 10-311] analyzing module Shiftleft2_32bit
INFO: [VRFC 10-2263] Analyzing Verilog file "C:/Users/Administrator/Desktop/VE370/Projects/project2/signextend.v" into library xil_defaultlib
INFO: [VRFC 10-311] analyzing module SignExtend
INFO: [VRFC 10-2263] Analyzing Verilog file "C:/Users/Administrator/Desktop/VE370/Projects/project2/singlecycle.v" into library xil_defaultlib
INFO: [VRFC 10-311] analyzing module singlecycle
INFO: [VRFC 10-2263] Analyzing Verilog file "C:/Users/Administrator/Desktop/VE370/Projects/project2/project_1/project_1.srcs/sim_1/new/singlecyclesim.v" into library xil_defaultlib
INFO: [VRFC 10-311] analyzing module singlecyclesim
INFO: [VRFC 10-2263] Analyzing Verilog file "C:/Users/Administrator/Desktop/VE370/Projects/project2/project_1/project_1.sim/sim_1/behav/glbl.v" into library xil_defaultlib
INFO: [VRFC 10-311] analyzing module glbl
INFO: [USF-XSim-69] 'compile' step finished in '1' seconds
INFO: [USF-XSim-3] XSim::Elaborate design
INFO: [USF-XSim-61] Executing 'ELABORATE' step in 'C:/Users/Administrator/Desktop/VE370/Projects/project2/project_1/project_1.sim/sim_1/behav'
Vivado Simulator 2017.2
Copyright 1986-1999, 2001-2016 Xilinx, Inc. All Rights Reserved.
Running: D:/software/Vivado/2017.2/bin/unwrapped/win64.o/xelab.exe -wto dec2dfbfebf942f48a82959299d3f129 --debug typical --relax --mt 2 -L xil_defaultlib -L unisims_ver -L unimacro_ver -L secureip --snapshot singlecyclesim_behav xil_defaultlib.singlecyclesim xil_defaultlib.glbl -log elaborate.log 
Using 2 slave threads.
Starting static elaboration
Completed static elaboration
Starting simulation data flow analysis
WARNING: [XSIM 43-4099] "C:/Users/Administrator/Desktop/VE370/Projects/project2/singlecycle.v" Line 4. Module singlecycle doesn't have a timescale but at least one module in design has a timescale.
WARNING: [XSIM 43-4099] "C:/Users/Administrator/Desktop/VE370/Projects/project2/PC.v" Line 4. Module PC doesn't have a timescale but at least one module in design has a timescale.
WARNING: [XSIM 43-4099] "C:/Users/Administrator/Desktop/VE370/Projects/project2/control.v" Line 4. Module Control doesn't have a timescale but at least one module in design has a timescale.
WARNING: [XSIM 43-4099] "C:/Users/Administrator/Desktop/VE370/Projects/project2/regfile.v" Line 4. Module Regfile doesn't have a timescale but at least one module in design has a timescale.
WARNING: [XSIM 43-4099] "C:/Users/Administrator/Desktop/VE370/Projects/project2/regmux.v" Line 4. Module RegMux doesn't have a timescale but at least one module in design has a timescale.
WARNING: [XSIM 43-4099] "C:/Users/Administrator/Desktop/VE370/Projects/project2/signextend.v" Line 4. Module SignExtend doesn't have a timescale but at least one module in design has a timescale.
WARNING: [XSIM 43-4099] "C:/Users/Administrator/Desktop/VE370/Projects/project2/alucontrol.v" Line 4. Module ALUcontrol doesn't have a timescale but at least one module in design has a timescale.
WARNING: [XSIM 43-4099] "C:/Users/Administrator/Desktop/VE370/Projects/project2/mux32.v" Line 4. Module Mux32 doesn't have a timescale but at least one module in design has a timescale.
WARNING: [XSIM 43-4099] "C:/Users/Administrator/Desktop/VE370/Projects/project2/ALU.v" Line 4. Module ALU doesn't have a timescale but at least one module in design has a timescale.
WARNING: [XSIM 43-4099] "C:/Users/Administrator/Desktop/VE370/Projects/project2/branchunit.v" Line 4. Module BranchUnit doesn't have a timescale but at least one module in design has a timescale.
WARNING: [XSIM 43-4099] "C:/Users/Administrator/Desktop/VE370/Projects/project2/shiftleft2.v" Line 11. Module Shiftleft2_32bit doesn't have a timescale but at least one module in design has a timescale.
WARNING: [XSIM 43-4099] "C:/Users/Administrator/Desktop/VE370/Projects/project2/PC_ADD.v" Line 4. Module PC_ADD4 doesn't have a timescale but at least one module in design has a timescale.
WARNING: [XSIM 43-4099] "C:/Users/Administrator/Desktop/VE370/Projects/project2/shiftleft2.v" Line 4. Module Shiftleft2_26bit doesn't have a timescale but at least one module in design has a timescale.
WARNING: [XSIM 43-4099] "C:/Users/Administrator/Desktop/VE370/Projects/project2/Add_ALU.v" Line 4. Module Add_ALU doesn't have a timescale but at least one module in design has a timescale.
WARNING: [XSIM 43-4099] "C:/Users/Administrator/Desktop/VE370/Projects/project2/mux32.v" Line 4. Module Mux32 doesn't have a timescale but at least one module in design has a timescale.
WARNING: [XSIM 43-4099] "C:/Users/Administrator/Desktop/VE370/Projects/project2/mux32.v" Line 4. Module Mux32 doesn't have a timescale but at least one module in design has a timescale.
WARNING: [XSIM 43-4099] "C:/Users/Administrator/Desktop/VE370/Projects/project2/mux32.v" Line 4. Module Mux32 doesn't have a timescale but at least one module in design has a timescale.
Completed simulation data flow analysis
Time Resolution for simulation is 1ps
Compiling module xil_defaultlib.PC
Compiling module xil_defaultlib.inst_mem
Compiling module xil_defaultlib.Control
Compiling module xil_defaultlib.Regfile
Compiling module xil_defaultlib.RegMux
Compiling module xil_defaultlib.SignExtend
Compiling module xil_defaultlib.ALUcontrol
Compiling module xil_defaultlib.Mux32
Compiling module xil_defaultlib.ALU
Compiling module xil_defaultlib.BranchUnit
Compiling module xil_defaultlib.Shiftleft2_32bit
Compiling module xil_defaultlib.PC_ADD4
Compiling module xil_defaultlib.Shiftleft2_26bit
Compiling module xil_defaultlib.Add_ALU
Compiling module xil_defaultlib.DataMemory
Compiling module xil_defaultlib.singlecycle
Compiling module xil_defaultlib.singlecyclesim
Compiling module xil_defaultlib.glbl
Built simulation snapshot singlecyclesim_behav

****** Webtalk v2017.2 (64-bit)
  **** SW Build 1909853 on Thu Jun 15 18:39:09 MDT 2017
  **** IP Build 1909766 on Thu Jun 15 19:58:00 MDT 2017
    ** Copyright 1986-2017 Xilinx, Inc. All Rights Reserved.

source C:/Users/Administrator/Desktop/VE370/Projects/project2/project_1/project_1.sim/sim_1/behav/xsim.dir/singlecyclesim_behav/webtalk/xsim_webtalk.tcl -notrace
INFO: [Common 17-206] Exiting Webtalk at Thu Nov 12 22:13:41 2020...
run_program: Time (s): cpu = 00:00:00 ; elapsed = 00:00:09 . Memory (MB): peak = 872.992 ; gain = 0.000
INFO: [USF-XSim-69] 'elaborate' step finished in '9' seconds
INFO: [USF-XSim-4] XSim::Simulate design
INFO: [USF-XSim-61] Executing 'SIMULATE' step in 'C:/Users/Administrator/Desktop/VE370/Projects/project2/project_1/project_1.sim/sim_1/behav'
INFO: [USF-XSim-98] *** Running xsim
   with args "singlecyclesim_behav -key {Behavioral:sim_1:Functional:singlecyclesim} -tclbatch {singlecyclesim.tcl} -log {simulate.log}"
INFO: [USF-XSim-8] Loading simulator feature
Vivado Simulator 2017.2
Time resolution is 1 ps
source singlecyclesim.tcl
# set curr_wave [current_wave_config]
# if { [string length $curr_wave] == 0 } {
#   if { [llength [get_objects]] > 0} {
#     add_wave /
#     set_property needs_save false [current_wave_config]
#   } else {
#      send_msg_id Add_Wave-1 WARNING "No top level signals found. Simulator will start without a wave window. If you want to open a wave window go to 'File->New Waveform Configuration' or type 'create_wave_config' in the TCL console."
#   }
# }
# run 1000ns
Time:          0, CLK=          0, PC=00000000
[$s0] = 00000000, [$s1] = 00000000, [$s2] = 00000000
[$s3] = 00000000, [$s4] = 00000000, [$s5] = 00000000
[$s6] = 00000000, [$s7] = 00000000, [$t0] = 00000000
[$t1] = 00000000, [$t2] = 00000000, [$t3] = 00000000
[$t4] = 00000000, [$t5] = 00000000, [$t6] = 00000000
[$t7] = 00000000, [$t8] = 00000000, [$t9] = 00000000
Time:                  10, CLK=0, PC=00000000
[$s0] = 00000000, [$s1] = 00000000, [$s2] = 00000000
[$s3] = 00000000, [$s4] = 00000000, [$s5] = 00000000
[$s6] = 00000000, [$s7] = 00000000, [$t0] = 00000000
[$t1] = 00000000, [$t2] = 00000000, [$t3] = 00000000
[$t4] = 00000000, [$t5] = 00000000, [$t6] = 00000000
[$t7] = 00000000, [$t8] = 00000000, [$t9] = 00000000
Time:                  20, CLK=1, PC=00000000
[$s0] = 00000000, [$s1] = 00000000, [$s2] = 00000000
[$s3] = 00000000, [$s4] = 00000000, [$s5] = 00000000
[$s6] = 00000000, [$s7] = 00000000, [$t0] = 00000020
[$t1] = 00000000, [$t2] = 00000000, [$t3] = 00000000
[$t4] = 00000000, [$t5] = 00000000, [$t6] = 00000000
[$t7] = 00000000, [$t8] = 00000000, [$t9] = 00000000
Time:                  30, CLK=0, PC=00000004
[$s0] = 00000000, [$s1] = 00000000, [$s2] = 00000000
[$s3] = 00000000, [$s4] = 00000000, [$s5] = 00000000
[$s6] = 00000000, [$s7] = 00000000, [$t0] = 00000020
[$t1] = 00000000, [$t2] = 00000000, [$t3] = 00000000
[$t4] = 00000000, [$t5] = 00000000, [$t6] = 00000000
[$t7] = 00000000, [$t8] = 00000000, [$t9] = 00000000
Time:                  40, CLK=1, PC=00000004
[$s0] = 00000000, [$s1] = 00000000, [$s2] = 00000000
[$s3] = 00000000, [$s4] = 00000000, [$s5] = 00000000
[$s6] = 00000000, [$s7] = 00000000, [$t0] = 00000020
[$t1] = 00000037, [$t2] = 00000000, [$t3] = 00000000
[$t4] = 00000000, [$t5] = 00000000, [$t6] = 00000000
[$t7] = 00000000, [$t8] = 00000000, [$t9] = 00000000
Time:                  50, CLK=0, PC=00000008
[$s0] = 00000000, [$s1] = 00000000, [$s2] = 00000000
[$s3] = 00000000, [$s4] = 00000000, [$s5] = 00000000
[$s6] = 00000000, [$s7] = 00000000, [$t0] = 00000020
[$t1] = 00000037, [$t2] = 00000000, [$t3] = 00000000
[$t4] = 00000000, [$t5] = 00000000, [$t6] = 00000000
[$t7] = 00000000, [$t8] = 00000000, [$t9] = 00000000
Time:                  60, CLK=1, PC=00000008
[$s0] = 00000020, [$s1] = 00000000, [$s2] = 00000000
[$s3] = 00000000, [$s4] = 00000000, [$s5] = 00000000
[$s6] = 00000000, [$s7] = 00000000, [$t0] = 00000020
[$t1] = 00000037, [$t2] = 00000000, [$t3] = 00000000
[$t4] = 00000000, [$t5] = 00000000, [$t6] = 00000000
[$t7] = 00000000, [$t8] = 00000000, [$t9] = 00000000
Time:                  70, CLK=0, PC=0000000c
[$s0] = 00000020, [$s1] = 00000000, [$s2] = 00000000
[$s3] = 00000000, [$s4] = 00000000, [$s5] = 00000000
[$s6] = 00000000, [$s7] = 00000000, [$t0] = 00000020
[$t1] = 00000037, [$t2] = 00000000, [$t3] = 00000000
[$t4] = 00000000, [$t5] = 00000000, [$t6] = 00000000
[$t7] = 00000000, [$t8] = 00000000, [$t9] = 00000000
Time:                  80, CLK=1, PC=0000000c
[$s0] = 00000037, [$s1] = 00000000, [$s2] = 00000000
[$s3] = 00000000, [$s4] = 00000000, [$s5] = 00000000
[$s6] = 00000000, [$s7] = 00000000, [$t0] = 00000020
[$t1] = 00000037, [$t2] = 00000000, [$t3] = 00000000
[$t4] = 00000000, [$t5] = 00000000, [$t6] = 00000000
[$t7] = 00000000, [$t8] = 00000000, [$t9] = 00000000
Time:                  90, CLK=0, PC=00000010
[$s0] = 00000037, [$s1] = 00000000, [$s2] = 00000000
[$s3] = 00000000, [$s4] = 00000000, [$s5] = 00000000
[$s6] = 00000000, [$s7] = 00000000, [$t0] = 00000020
[$t1] = 00000037, [$t2] = 00000000, [$t3] = 00000000
[$t4] = 00000000, [$t5] = 00000000, [$t6] = 00000000
[$t7] = 00000000, [$t8] = 00000000, [$t9] = 00000000
Time:                 100, CLK=1, PC=00000010
[$s0] = 00000037, [$s1] = 00000000, [$s2] = 00000000
[$s3] = 00000000, [$s4] = 00000000, [$s5] = 00000000
[$s6] = 00000000, [$s7] = 00000000, [$t0] = 00000020
[$t1] = 00000037, [$t2] = 00000000, [$t3] = 00000000
[$t4] = 00000000, [$t5] = 00000000, [$t6] = 00000000
[$t7] = 00000000, [$t8] = 00000000, [$t9] = 00000000
Time:                 110, CLK=0, PC=00000014
[$s0] = 00000037, [$s1] = 00000000, [$s2] = 00000000
[$s3] = 00000000, [$s4] = 00000000, [$s5] = 00000000
[$s6] = 00000000, [$s7] = 00000000, [$t0] = 00000020
[$t1] = 00000037, [$t2] = 00000000, [$t3] = 00000000
[$t4] = 00000000, [$t5] = 00000000, [$t6] = 00000000
[$t7] = 00000000, [$t8] = 00000000, [$t9] = 00000000
Time:                 120, CLK=1, PC=00000014
[$s0] = 00000037, [$s1] = 00000000, [$s2] = 00000000
[$s3] = 00000000, [$s4] = 00000000, [$s5] = 00000000
[$s6] = 00000000, [$s7] = 00000000, [$t0] = 00000020
[$t1] = 00000037, [$t2] = 00000000, [$t3] = 00000000
[$t4] = 00000000, [$t5] = 00000000, [$t6] = 00000000
[$t7] = 00000000, [$t8] = 00000000, [$t9] = 00000000
Time:                 130, CLK=0, PC=00000018
[$s0] = 00000037, [$s1] = 00000000, [$s2] = 00000000
[$s3] = 00000000, [$s4] = 00000000, [$s5] = 00000000
[$s6] = 00000000, [$s7] = 00000000, [$t0] = 00000020
[$t1] = 00000037, [$t2] = 00000000, [$t3] = 00000000
[$t4] = 00000000, [$t5] = 00000000, [$t6] = 00000000
[$t7] = 00000000, [$t8] = 00000000, [$t9] = 00000000
Time:                 140, CLK=1, PC=00000018
[$s0] = 00000037, [$s1] = 00000057, [$s2] = 00000000
[$s3] = 00000000, [$s4] = 00000000, [$s5] = 00000000
[$s6] = 00000000, [$s7] = 00000000, [$t0] = 00000020
[$t1] = 00000037, [$t2] = 00000000, [$t3] = 00000000
[$t4] = 00000000, [$t5] = 00000000, [$t6] = 00000000
[$t7] = 00000000, [$t8] = 00000000, [$t9] = 00000000
Time:                 150, CLK=0, PC=0000001c
[$s0] = 00000037, [$s1] = 00000057, [$s2] = 00000000
[$s3] = 00000000, [$s4] = 00000000, [$s5] = 00000000
[$s6] = 00000000, [$s7] = 00000000, [$t0] = 00000020
[$t1] = 00000037, [$t2] = 00000000, [$t3] = 00000000
[$t4] = 00000000, [$t5] = 00000000, [$t6] = 00000000
[$t7] = 00000000, [$t8] = 00000000, [$t9] = 00000000
Time:                 160, CLK=1, PC=0000001c
[$s0] = 00000037, [$s1] = 00000057, [$s2] = ffffffe9
[$s3] = 00000000, [$s4] = 00000000, [$s5] = 00000000
[$s6] = 00000000, [$s7] = 00000000, [$t0] = 00000020
[$t1] = 00000037, [$t2] = 00000000, [$t3] = 00000000
[$t4] = 00000000, [$t5] = 00000000, [$t6] = 00000000
[$t7] = 00000000, [$t8] = 00000000, [$t9] = 00000000
Time:                 170, CLK=0, PC=00000020
[$s0] = 00000037, [$s1] = 00000057, [$s2] = ffffffe9
[$s3] = 00000000, [$s4] = 00000000, [$s5] = 00000000
[$s6] = 00000000, [$s7] = 00000000, [$t0] = 00000020
[$t1] = 00000037, [$t2] = 00000000, [$t3] = 00000000
[$t4] = 00000000, [$t5] = 00000000, [$t6] = 00000000
[$t7] = 00000000, [$t8] = 00000000, [$t9] = 00000000
Time:                 180, CLK=1, PC=00000020
[$s0] = 00000037, [$s1] = 00000057, [$s2] = ffffffe9
[$s3] = 00000000, [$s4] = 00000000, [$s5] = 00000000
[$s6] = 00000000, [$s7] = 00000000, [$t0] = 00000020
[$t1] = 00000037, [$t2] = 00000000, [$t3] = 00000000
[$t4] = 00000000, [$t5] = 00000000, [$t6] = 00000000
[$t7] = 00000000, [$t8] = 00000000, [$t9] = 00000000
Time:                 190, CLK=0, PC=00000024
[$s0] = 00000037, [$s1] = 00000057, [$s2] = ffffffe9
[$s3] = 00000000, [$s4] = 00000000, [$s5] = 00000000
[$s6] = 00000000, [$s7] = 00000000, [$t0] = 00000020
[$t1] = 00000037, [$t2] = 00000000, [$t3] = 00000000
[$t4] = 00000000, [$t5] = 00000000, [$t6] = 00000000
[$t7] = 00000000, [$t8] = 00000000, [$t9] = 00000000
Time:                 200, CLK=1, PC=00000024
[$s0] = 00000037, [$s1] = 00000037, [$s2] = ffffffe9
[$s3] = 00000000, [$s4] = 00000000, [$s5] = 00000000
[$s6] = 00000000, [$s7] = 00000000, [$t0] = 00000020
[$t1] = 00000037, [$t2] = 00000000, [$t3] = 00000000
[$t4] = 00000000, [$t5] = 00000000, [$t6] = 00000000
[$t7] = 00000000, [$t8] = 00000000, [$t9] = 00000000
Time:                 210, CLK=0, PC=00000028
[$s0] = 00000037, [$s1] = 00000037, [$s2] = ffffffe9
[$s3] = 00000000, [$s4] = 00000000, [$s5] = 00000000
[$s6] = 00000000, [$s7] = 00000000, [$t0] = 00000020
[$t1] = 00000037, [$t2] = 00000000, [$t3] = 00000000
[$t4] = 00000000, [$t5] = 00000000, [$t6] = 00000000
[$t7] = 00000000, [$t8] = 00000000, [$t9] = 00000000
Time:                 220, CLK=1, PC=00000028
[$s0] = 00000037, [$s1] = 00000037, [$s2] = 00000000
[$s3] = 00000000, [$s4] = 00000000, [$s5] = 00000000
[$s6] = 00000000, [$s7] = 00000000, [$t0] = 00000020
[$t1] = 00000037, [$t2] = 00000000, [$t3] = 00000000
[$t4] = 00000000, [$t5] = 00000000, [$t6] = 00000000
[$t7] = 00000000, [$t8] = 00000000, [$t9] = 00000000
Time:                 230, CLK=0, PC=0000002c
[$s0] = 00000037, [$s1] = 00000037, [$s2] = 00000000
[$s3] = 00000000, [$s4] = 00000000, [$s5] = 00000000
[$s6] = 00000000, [$s7] = 00000000, [$t0] = 00000020
[$t1] = 00000037, [$t2] = 00000000, [$t3] = 00000000
[$t4] = 00000000, [$t5] = 00000000, [$t6] = 00000000
[$t7] = 00000000, [$t8] = 00000000, [$t9] = 00000000
Time:                 240, CLK=1, PC=0000002c
[$s0] = 00000037, [$s1] = 00000037, [$s2] = 00000000
[$s3] = 00000000, [$s4] = 00000000, [$s5] = 00000000
[$s6] = 00000000, [$s7] = 00000000, [$t0] = 00000020
[$t1] = 00000037, [$t2] = 00000000, [$t3] = 00000000
[$t4] = 00000000, [$t5] = 00000000, [$t6] = 00000000
[$t7] = 00000000, [$t8] = 00000000, [$t9] = 00000000
Time:                 250, CLK=0, PC=00000030
[$s0] = 00000037, [$s1] = 00000037, [$s2] = 00000000
[$s3] = 00000000, [$s4] = 00000000, [$s5] = 00000000
[$s6] = 00000000, [$s7] = 00000000, [$t0] = 00000020
[$t1] = 00000037, [$t2] = 00000000, [$t3] = 00000000
[$t4] = 00000000, [$t5] = 00000000, [$t6] = 00000000
[$t7] = 00000000, [$t8] = 00000000, [$t9] = 00000000
Time:                 260, CLK=1, PC=00000030
[$s0] = 00000037, [$s1] = 00000037, [$s2] = 00000000
[$s3] = 00000020, [$s4] = 00000000, [$s5] = 00000000
[$s6] = 00000000, [$s7] = 00000000, [$t0] = 00000020
[$t1] = 00000037, [$t2] = 00000000, [$t3] = 00000000
[$t4] = 00000000, [$t5] = 00000000, [$t6] = 00000000
[$t7] = 00000000, [$t8] = 00000000, [$t9] = 00000000
Time:                 270, CLK=0, PC=00000034
[$s0] = 00000037, [$s1] = 00000037, [$s2] = 00000000
[$s3] = 00000020, [$s4] = 00000000, [$s5] = 00000000
[$s6] = 00000000, [$s7] = 00000000, [$t0] = 00000020
[$t1] = 00000037, [$t2] = 00000000, [$t3] = 00000000
[$t4] = 00000000, [$t5] = 00000000, [$t6] = 00000000
[$t7] = 00000000, [$t8] = 00000000, [$t9] = 00000000
Time:                 280, CLK=1, PC=00000034
[$s0] = 00000037, [$s1] = 00000037, [$s2] = 00000000
[$s3] = 00000020, [$s4] = 00000000, [$s5] = 00000000
[$s6] = 00000000, [$s7] = 00000000, [$t0] = 00000020
[$t1] = 00000037, [$t2] = 00000000, [$t3] = 00000000
[$t4] = 00000000, [$t5] = 00000000, [$t6] = 00000000
[$t7] = 00000000, [$t8] = 00000000, [$t9] = 00000000
Time:                 290, CLK=0, PC=00000038
[$s0] = 00000037, [$s1] = 00000037, [$s2] = 00000000
[$s3] = 00000020, [$s4] = 00000000, [$s5] = 00000000
[$s6] = 00000000, [$s7] = 00000000, [$t0] = 00000020
[$t1] = 00000037, [$t2] = 00000000, [$t3] = 00000000
[$t4] = 00000000, [$t5] = 00000000, [$t6] = 00000000
[$t7] = 00000000, [$t8] = 00000000, [$t9] = 00000000
Time:                 300, CLK=1, PC=00000038
[$s0] = 00000037, [$s1] = 00000037, [$s2] = 00000000
[$s3] = 00000020, [$s4] = 00000001, [$s5] = 00000000
[$s6] = 00000000, [$s7] = 00000000, [$t0] = 00000020
[$t1] = 00000037, [$t2] = 00000000, [$t3] = 00000000
[$t4] = 00000000, [$t5] = 00000000, [$t6] = 00000000
[$t7] = 00000000, [$t8] = 00000000, [$t9] = 00000000
Time:                 310, CLK=0, PC=0000003c
[$s0] = 00000037, [$s1] = 00000037, [$s2] = 00000000
[$s3] = 00000020, [$s4] = 00000001, [$s5] = 00000000
[$s6] = 00000000, [$s7] = 00000000, [$t0] = 00000020
[$t1] = 00000037, [$t2] = 00000000, [$t3] = 00000000
[$t4] = 00000000, [$t5] = 00000000, [$t6] = 00000000
[$t7] = 00000000, [$t8] = 00000000, [$t9] = 00000000
Time:                 320, CLK=1, PC=0000003c
[$s0] = 00000037, [$s1] = 00000037, [$s2] = 00000000
[$s3] = 00000020, [$s4] = 00000001, [$s5] = 00000000
[$s6] = 00000000, [$s7] = 00000000, [$t0] = 00000020
[$t1] = 00000037, [$t2] = 00000000, [$t3] = 00000000
[$t4] = 00000000, [$t5] = 00000000, [$t6] = 00000000
[$t7] = 00000000, [$t8] = 00000000, [$t9] = 00000000
Time:                 330, CLK=0, PC=00000040
[$s0] = 00000037, [$s1] = 00000037, [$s2] = 00000000
[$s3] = 00000020, [$s4] = 00000001, [$s5] = 00000000
[$s6] = 00000000, [$s7] = 00000000, [$t0] = 00000020
[$t1] = 00000037, [$t2] = 00000000, [$t3] = 00000000
[$t4] = 00000000, [$t5] = 00000000, [$t6] = 00000000
[$t7] = 00000000, [$t8] = 00000000, [$t9] = 00000000
Time:                 340, CLK=1, PC=00000040
[$s0] = 00000037, [$s1] = 00000037, [$s2] = 00000037
[$s3] = 00000020, [$s4] = 00000001, [$s5] = 00000000
[$s6] = 00000000, [$s7] = 00000000, [$t0] = 00000020
[$t1] = 00000037, [$t2] = 00000000, [$t3] = 00000000
[$t4] = 00000000, [$t5] = 00000000, [$t6] = 00000000
[$t7] = 00000000, [$t8] = 00000000, [$t9] = 00000000
Time:                 350, CLK=0, PC=00000044
[$s0] = 00000037, [$s1] = 00000037, [$s2] = 00000037
[$s3] = 00000020, [$s4] = 00000001, [$s5] = 00000000
[$s6] = 00000000, [$s7] = 00000000, [$t0] = 00000020
[$t1] = 00000037, [$t2] = 00000000, [$t3] = 00000000
[$t4] = 00000000, [$t5] = 00000000, [$t6] = 00000000
[$t7] = 00000000, [$t8] = 00000000, [$t9] = 00000000
Time:                 360, CLK=1, PC=00000044
[$s0] = 00000037, [$s1] = 00000037, [$s2] = 00000037
[$s3] = 00000020, [$s4] = 00000001, [$s5] = 00000000
[$s6] = 00000000, [$s7] = 00000000, [$t0] = 00000020
[$t1] = 00000037, [$t2] = 00000000, [$t3] = 00000000
[$t4] = 00000000, [$t5] = 00000000, [$t6] = 00000000
[$t7] = 00000000, [$t8] = 00000000, [$t9] = 00000000
Time:                 370, CLK=0, PC=00000038
[$s0] = 00000037, [$s1] = 00000037, [$s2] = 00000037
[$s3] = 00000020, [$s4] = 00000001, [$s5] = 00000000
[$s6] = 00000000, [$s7] = 00000000, [$t0] = 00000020
[$t1] = 00000037, [$t2] = 00000000, [$t3] = 00000000
[$t4] = 00000000, [$t5] = 00000000, [$t6] = 00000000
[$t7] = 00000000, [$t8] = 00000000, [$t9] = 00000000
Time:                 380, CLK=1, PC=00000038
[$s0] = 00000037, [$s1] = 00000037, [$s2] = 00000037
[$s3] = 00000020, [$s4] = 00000000, [$s5] = 00000000
[$s6] = 00000000, [$s7] = 00000000, [$t0] = 00000020
[$t1] = 00000037, [$t2] = 00000000, [$t3] = 00000000
[$t4] = 00000000, [$t5] = 00000000, [$t6] = 00000000
[$t7] = 00000000, [$t8] = 00000000, [$t9] = 00000000
Time:                 390, CLK=0, PC=0000003c
[$s0] = 00000037, [$s1] = 00000037, [$s2] = 00000037
[$s3] = 00000020, [$s4] = 00000000, [$s5] = 00000000
[$s6] = 00000000, [$s7] = 00000000, [$t0] = 00000020
[$t1] = 00000037, [$t2] = 00000000, [$t3] = 00000000
[$t4] = 00000000, [$t5] = 00000000, [$t6] = 00000000
[$t7] = 00000000, [$t8] = 00000000, [$t9] = 00000000
Time:                 400, CLK=1, PC=0000003c
[$s0] = 00000037, [$s1] = 00000037, [$s2] = 00000037
[$s3] = 00000020, [$s4] = 00000000, [$s5] = 00000000
[$s6] = 00000000, [$s7] = 00000000, [$t0] = 00000020
[$t1] = 00000037, [$t2] = 00000000, [$t3] = 00000000
[$t4] = 00000000, [$t5] = 00000000, [$t6] = 00000000
[$t7] = 00000000, [$t8] = 00000000, [$t9] = 00000000
Time:                 410, CLK=0, PC=00000130
[$s0] = 00000037, [$s1] = 00000037, [$s2] = 00000037
[$s3] = 00000020, [$s4] = 00000000, [$s5] = 00000000
[$s6] = 00000000, [$s7] = 00000000, [$t0] = 00000020
[$t1] = 00000037, [$t2] = 00000000, [$t3] = 00000000
[$t4] = 00000000, [$t5] = 00000000, [$t6] = 00000000
[$t7] = 00000000, [$t8] = 00000000, [$t9] = 00000000
Time:                 420, CLK=1, PC=00000130
[$s0] = 00000037, [$s1] = 00000037, [$s2] = 00000037
[$s3] = 00000020, [$s4] = 00000000, [$s5] = 00000000
[$s6] = 00000000, [$s7] = 00000000, [$t0] = 00000020
[$t1] = 00000037, [$t2] = 00000000, [$t3] = 00000000
[$t4] = 00000000, [$t5] = 00000000, [$t6] = 00000000
[$t7] = 00000000, [$t8] = 00000000, [$t9] = 00000000
Time:                 430, CLK=0, PC=00000134
[$s0] = 00000037, [$s1] = 00000037, [$s2] = 00000037
[$s3] = 00000020, [$s4] = 00000000, [$s5] = 00000000
[$s6] = 00000000, [$s7] = 00000000, [$t0] = 00000020
[$t1] = 00000037, [$t2] = 00000000, [$t3] = 00000000
[$t4] = 00000000, [$t5] = 00000000, [$t6] = 00000000
[$t7] = 00000000, [$t8] = 00000000, [$t9] = 00000000
Time:                 440, CLK=1, PC=00000134
[$s0] = 00000037, [$s1] = 00000037, [$s2] = 00000037
[$s3] = 00000020, [$s4] = 00000000, [$s5] = 00000000
[$s6] = 00000000, [$s7] = 00000000, [$t0] = 00000020
[$t1] = 00000037, [$t2] = 00000000, [$t3] = 00000000
[$t4] = 00000000, [$t5] = 00000000, [$t6] = 00000000
[$t7] = 00000000, [$t8] = 00000000, [$t9] = 00000000
Time:                 450, CLK=0, PC=00000138
[$s0] = 00000037, [$s1] = 00000037, [$s2] = 00000037
[$s3] = 00000020, [$s4] = 00000000, [$s5] = 00000000
[$s6] = 00000000, [$s7] = 00000000, [$t0] = 00000020
[$t1] = 00000037, [$t2] = 00000000, [$t3] = 00000000
[$t4] = 00000000, [$t5] = 00000000, [$t6] = 00000000
[$t7] = 00000000, [$t8] = 00000000, [$t9] = 00000000
Time:                 460, CLK=1, PC=00000138
[$s0] = 00000037, [$s1] = 00000037, [$s2] = 00000037
[$s3] = 00000020, [$s4] = 00000000, [$s5] = 00000000
[$s6] = 00000000, [$s7] = 00000000, [$t0] = 00000020
[$t1] = 00000037, [$t2] = 00000000, [$t3] = 00000000
[$t4] = 00000000, [$t5] = 00000000, [$t6] = 00000000
[$t7] = 00000000, [$t8] = 00000000, [$t9] = 00000000
Time:                 470, CLK=0, PC=0000013c
[$s0] = 00000037, [$s1] = 00000037, [$s2] = 00000037
[$s3] = 00000020, [$s4] = 00000000, [$s5] = 00000000
[$s6] = 00000000, [$s7] = 00000000, [$t0] = 00000020
[$t1] = 00000037, [$t2] = 00000000, [$t3] = 00000000
[$t4] = 00000000, [$t5] = 00000000, [$t6] = 00000000
[$t7] = 00000000, [$t8] = 00000000, [$t9] = 00000000
Time:                 480, CLK=1, PC=0000013c
[$s0] = 00000037, [$s1] = 00000037, [$s2] = 00000037
[$s3] = 00000020, [$s4] = 00000000, [$s5] = 00000000
[$s6] = 00000000, [$s7] = 00000000, [$t0] = 00000020
[$t1] = 00000037, [$t2] = 00000000, [$t3] = 00000000
[$t4] = 00000000, [$t5] = 00000000, [$t6] = 00000000
[$t7] = 00000000, [$t8] = 00000000, [$t9] = 00000000
Time:                 490, CLK=0, PC=00000140
[$s0] = 00000037, [$s1] = 00000037, [$s2] = 00000037
[$s3] = 00000020, [$s4] = 00000000, [$s5] = 00000000
[$s6] = 00000000, [$s7] = 00000000, [$t0] = 00000020
[$t1] = 00000037, [$t2] = 00000000, [$t3] = 00000000
[$t4] = 00000000, [$t5] = 00000000, [$t6] = 00000000
[$t7] = 00000000, [$t8] = 00000000, [$t9] = 00000000
Time:                 500, CLK=1, PC=00000140
[$s0] = 00000037, [$s1] = 00000037, [$s2] = 00000037
[$s3] = 00000020, [$s4] = 00000000, [$s5] = 00000000
[$s6] = 00000000, [$s7] = 00000000, [$t0] = 00000020
[$t1] = 00000037, [$t2] = 00000000, [$t3] = 00000000
[$t4] = 00000000, [$t5] = 00000000, [$t6] = 00000000
[$t7] = 00000000, [$t8] = 00000000, [$t9] = 00000000
Time:                 510, CLK=0, PC=00000144
[$s0] = 00000037, [$s1] = 00000037, [$s2] = 00000037
[$s3] = 00000020, [$s4] = 00000000, [$s5] = 00000000
[$s6] = 00000000, [$s7] = 00000000, [$t0] = 00000020
[$t1] = 00000037, [$t2] = 00000000, [$t3] = 00000000
[$t4] = 00000000, [$t5] = 00000000, [$t6] = 00000000
[$t7] = 00000000, [$t8] = 00000000, [$t9] = 00000000
Time:                 520, CLK=1, PC=00000144
[$s0] = 00000037, [$s1] = 00000037, [$s2] = 00000037
[$s3] = 00000020, [$s4] = 00000000, [$s5] = 00000000
[$s6] = 00000000, [$s7] = 00000000, [$t0] = 00000020
[$t1] = 00000037, [$t2] = 00000000, [$t3] = 00000000
[$t4] = 00000000, [$t5] = 00000000, [$t6] = 00000000
[$t7] = 00000000, [$t8] = 00000000, [$t9] = 00000000
Time:                 530, CLK=0, PC=00000148
[$s0] = 00000037, [$s1] = 00000037, [$s2] = 00000037
[$s3] = 00000020, [$s4] = 00000000, [$s5] = 00000000
[$s6] = 00000000, [$s7] = 00000000, [$t0] = 00000020
[$t1] = 00000037, [$t2] = 00000000, [$t3] = 00000000
[$t4] = 00000000, [$t5] = 00000000, [$t6] = 00000000
[$t7] = 00000000, [$t8] = 00000000, [$t9] = 00000000
Time:                 540, CLK=1, PC=00000148
[$s0] = 00000037, [$s1] = 00000037, [$s2] = 00000037
[$s3] = 00000020, [$s4] = 00000000, [$s5] = 00000000
[$s6] = 00000000, [$s7] = 00000000, [$t0] = 00000020
[$t1] = 00000037, [$t2] = 00000000, [$t3] = 00000000
[$t4] = 00000000, [$t5] = 00000000, [$t6] = 00000000
[$t7] = 00000000, [$t8] = 00000000, [$t9] = 00000000
Time:                 550, CLK=0, PC=0000014c
[$s0] = 00000037, [$s1] = 00000037, [$s2] = 00000037
[$s3] = 00000020, [$s4] = 00000000, [$s5] = 00000000
[$s6] = 00000000, [$s7] = 00000000, [$t0] = 00000020
[$t1] = 00000037, [$t2] = 00000000, [$t3] = 00000000
[$t4] = 00000000, [$t5] = 00000000, [$t6] = 00000000
[$t7] = 00000000, [$t8] = 00000000, [$t9] = 00000000
Time:                 560, CLK=1, PC=0000014c
[$s0] = 00000037, [$s1] = 00000037, [$s2] = 00000037
[$s3] = 00000020, [$s4] = 00000000, [$s5] = 00000000
[$s6] = 00000000, [$s7] = 00000000, [$t0] = 00000020
[$t1] = 00000037, [$t2] = 00000000, [$t3] = 00000000
[$t4] = 00000000, [$t5] = 00000000, [$t6] = 00000000
[$t7] = 00000000, [$t8] = 00000000, [$t9] = 00000000
Time:                 570, CLK=0, PC=00000150
[$s0] = 00000037, [$s1] = 00000037, [$s2] = 00000037
[$s3] = 00000020, [$s4] = 00000000, [$s5] = 00000000
[$s6] = 00000000, [$s7] = 00000000, [$t0] = 00000020
[$t1] = 00000037, [$t2] = 00000000, [$t3] = 00000000
[$t4] = 00000000, [$t5] = 00000000, [$t6] = 00000000
[$t7] = 00000000, [$t8] = 00000000, [$t9] = 00000000
Time:                 580, CLK=1, PC=00000150
[$s0] = 00000037, [$s1] = 00000037, [$s2] = 00000037
[$s3] = 00000020, [$s4] = 00000000, [$s5] = 00000000
[$s6] = 00000000, [$s7] = 00000000, [$t0] = 00000020
[$t1] = 00000037, [$t2] = 00000000, [$t3] = 00000000
[$t4] = 00000000, [$t5] = 00000000, [$t6] = 00000000
[$t7] = 00000000, [$t8] = 00000000, [$t9] = 00000000
Time:                 590, CLK=0, PC=00000154
[$s0] = 00000037, [$s1] = 00000037, [$s2] = 00000037
[$s3] = 00000020, [$s4] = 00000000, [$s5] = 00000000
[$s6] = 00000000, [$s7] = 00000000, [$t0] = 00000020
[$t1] = 00000037, [$t2] = 00000000, [$t3] = 00000000
[$t4] = 00000000, [$t5] = 00000000, [$t6] = 00000000
[$t7] = 00000000, [$t8] = 00000000, [$t9] = 00000000
Time:                 600, CLK=1, PC=00000154
[$s0] = 00000037, [$s1] = 00000037, [$s2] = 00000037
[$s3] = 00000020, [$s4] = 00000000, [$s5] = 00000000
[$s6] = 00000000, [$s7] = 00000000, [$t0] = 00000020
[$t1] = 00000037, [$t2] = 00000000, [$t3] = 00000000
[$t4] = 00000000, [$t5] = 00000000, [$t6] = 00000000
[$t7] = 00000000, [$t8] = 00000000, [$t9] = 00000000
Time:                 610, CLK=0, PC=00000158
[$s0] = 00000037, [$s1] = 00000037, [$s2] = 00000037
[$s3] = 00000020, [$s4] = 00000000, [$s5] = 00000000
[$s6] = 00000000, [$s7] = 00000000, [$t0] = 00000020
[$t1] = 00000037, [$t2] = 00000000, [$t3] = 00000000
[$t4] = 00000000, [$t5] = 00000000, [$t6] = 00000000
[$t7] = 00000000, [$t8] = 00000000, [$t9] = 00000000
Time:                 620, CLK=1, PC=00000158
[$s0] = 00000037, [$s1] = 00000037, [$s2] = 00000037
[$s3] = 00000020, [$s4] = 00000000, [$s5] = 00000000
[$s6] = 00000000, [$s7] = 00000000, [$t0] = 00000020
[$t1] = 00000037, [$t2] = 00000000, [$t3] = 00000000
[$t4] = 00000000, [$t5] = 00000000, [$t6] = 00000000
[$t7] = 00000000, [$t8] = 00000000, [$t9] = 00000000
Time:                 630, CLK=0, PC=0000015c
[$s0] = 00000037, [$s1] = 00000037, [$s2] = 00000037
[$s3] = 00000020, [$s4] = 00000000, [$s5] = 00000000
[$s6] = 00000000, [$s7] = 00000000, [$t0] = 00000020
[$t1] = 00000037, [$t2] = 00000000, [$t3] = 00000000
[$t4] = 00000000, [$t5] = 00000000, [$t6] = 00000000
[$t7] = 00000000, [$t8] = 00000000, [$t9] = 00000000
Time:                 640, CLK=1, PC=0000015c
[$s0] = 00000037, [$s1] = 00000037, [$s2] = 00000037
[$s3] = 00000020, [$s4] = 00000000, [$s5] = 00000000
[$s6] = 00000000, [$s7] = 00000000, [$t0] = 00000020
[$t1] = 00000037, [$t2] = 00000000, [$t3] = 00000000
[$t4] = 00000000, [$t5] = 00000000, [$t6] = 00000000
[$t7] = 00000000, [$t8] = 00000000, [$t9] = 00000000
Time:                 650, CLK=0, PC=00000160
[$s0] = 00000037, [$s1] = 00000037, [$s2] = 00000037
[$s3] = 00000020, [$s4] = 00000000, [$s5] = 00000000
[$s6] = 00000000, [$s7] = 00000000, [$t0] = 00000020
[$t1] = 00000037, [$t2] = 00000000, [$t3] = 00000000
[$t4] = 00000000, [$t5] = 00000000, [$t6] = 00000000
[$t7] = 00000000, [$t8] = 00000000, [$t9] = 00000000
Time:                 660, CLK=1, PC=00000160
[$s0] = 00000037, [$s1] = 00000037, [$s2] = 00000037
[$s3] = 00000020, [$s4] = 00000000, [$s5] = 00000000
[$s6] = 00000000, [$s7] = 00000000, [$t0] = 00000020
[$t1] = 00000037, [$t2] = 00000000, [$t3] = 00000000
[$t4] = 00000000, [$t5] = 00000000, [$t6] = 00000000
[$t7] = 00000000, [$t8] = 00000000, [$t9] = 00000000
Time:                 670, CLK=0, PC=00000164
[$s0] = 00000037, [$s1] = 00000037, [$s2] = 00000037
[$s3] = 00000020, [$s4] = 00000000, [$s5] = 00000000
[$s6] = 00000000, [$s7] = 00000000, [$t0] = 00000020
[$t1] = 00000037, [$t2] = 00000000, [$t3] = 00000000
[$t4] = 00000000, [$t5] = 00000000, [$t6] = 00000000
[$t7] = 00000000, [$t8] = 00000000, [$t9] = 00000000
Time:                 680, CLK=1, PC=00000164
[$s0] = 00000037, [$s1] = 00000037, [$s2] = 00000037
[$s3] = 00000020, [$s4] = 00000000, [$s5] = 00000000
[$s6] = 00000000, [$s7] = 00000000, [$t0] = 00000020
[$t1] = 00000037, [$t2] = 00000000, [$t3] = 00000000
[$t4] = 00000000, [$t5] = 00000000, [$t6] = 00000000
[$t7] = 00000000, [$t8] = 00000000, [$t9] = 00000000
Time:                 690, CLK=0, PC=00000168
[$s0] = 00000037, [$s1] = 00000037, [$s2] = 00000037
[$s3] = 00000020, [$s4] = 00000000, [$s5] = 00000000
[$s6] = 00000000, [$s7] = 00000000, [$t0] = 00000020
[$t1] = 00000037, [$t2] = 00000000, [$t3] = 00000000
[$t4] = 00000000, [$t5] = 00000000, [$t6] = 00000000
[$t7] = 00000000, [$t8] = 00000000, [$t9] = 00000000
Time:                 700, CLK=1, PC=00000168
[$s0] = 00000037, [$s1] = 00000037, [$s2] = 00000037
[$s3] = 00000020, [$s4] = 00000000, [$s5] = 00000000
[$s6] = 00000000, [$s7] = 00000000, [$t0] = 00000020
[$t1] = 00000037, [$t2] = 00000000, [$t3] = 00000000
[$t4] = 00000000, [$t5] = 00000000, [$t6] = 00000000
[$t7] = 00000000, [$t8] = 00000000, [$t9] = 00000000
Time:                 710, CLK=0, PC=0000016c
[$s0] = 00000037, [$s1] = 00000037, [$s2] = 00000037
[$s3] = 00000020, [$s4] = 00000000, [$s5] = 00000000
[$s6] = 00000000, [$s7] = 00000000, [$t0] = 00000020
[$t1] = 00000037, [$t2] = 00000000, [$t3] = 00000000
[$t4] = 00000000, [$t5] = 00000000, [$t6] = 00000000
[$t7] = 00000000, [$t8] = 00000000, [$t9] = 00000000
Time:                 720, CLK=1, PC=0000016c
[$s0] = 00000037, [$s1] = 00000037, [$s2] = 00000037
[$s3] = 00000020, [$s4] = 00000000, [$s5] = 00000000
[$s6] = 00000000, [$s7] = 00000000, [$t0] = 00000020
[$t1] = 00000037, [$t2] = 00000000, [$t3] = 00000000
[$t4] = 00000000, [$t5] = 00000000, [$t6] = 00000000
[$t7] = 00000000, [$t8] = 00000000, [$t9] = 00000000
Time:                 730, CLK=0, PC=00000170
[$s0] = 00000037, [$s1] = 00000037, [$s2] = 00000037
[$s3] = 00000020, [$s4] = 00000000, [$s5] = 00000000
[$s6] = 00000000, [$s7] = 00000000, [$t0] = 00000020
[$t1] = 00000037, [$t2] = 00000000, [$t3] = 00000000
[$t4] = 00000000, [$t5] = 00000000, [$t6] = 00000000
[$t7] = 00000000, [$t8] = 00000000, [$t9] = 00000000
Time:                 740, CLK=1, PC=00000170
[$s0] = 00000037, [$s1] = 00000037, [$s2] = 00000037
[$s3] = 00000020, [$s4] = 00000000, [$s5] = 00000000
[$s6] = 00000000, [$s7] = 00000000, [$t0] = 00000020
[$t1] = 00000037, [$t2] = 00000000, [$t3] = 00000000
[$t4] = 00000000, [$t5] = 00000000, [$t6] = 00000000
[$t7] = 00000000, [$t8] = 00000000, [$t9] = 00000000
Time:                 750, CLK=0, PC=00000174
[$s0] = 00000037, [$s1] = 00000037, [$s2] = 00000037
[$s3] = 00000020, [$s4] = 00000000, [$s5] = 00000000
[$s6] = 00000000, [$s7] = 00000000, [$t0] = 00000020
[$t1] = 00000037, [$t2] = 00000000, [$t3] = 00000000
[$t4] = 00000000, [$t5] = 00000000, [$t6] = 00000000
[$t7] = 00000000, [$t8] = 00000000, [$t9] = 00000000
Time:                 760, CLK=1, PC=00000174
[$s0] = 00000037, [$s1] = 00000037, [$s2] = 00000037
[$s3] = 00000020, [$s4] = 00000000, [$s5] = 00000000
[$s6] = 00000000, [$s7] = 00000000, [$t0] = 00000020
[$t1] = 00000037, [$t2] = 00000000, [$t3] = 00000000
[$t4] = 00000000, [$t5] = 00000000, [$t6] = 00000000
[$t7] = 00000000, [$t8] = 00000000, [$t9] = 00000000
Time:                 770, CLK=0, PC=00000178
[$s0] = 00000037, [$s1] = 00000037, [$s2] = 00000037
[$s3] = 00000020, [$s4] = 00000000, [$s5] = 00000000
[$s6] = 00000000, [$s7] = 00000000, [$t0] = 00000020
[$t1] = 00000037, [$t2] = 00000000, [$t3] = 00000000
[$t4] = 00000000, [$t5] = 00000000, [$t6] = 00000000
[$t7] = 00000000, [$t8] = 00000000, [$t9] = 00000000
Time:                 780, CLK=1, PC=00000178
[$s0] = 00000037, [$s1] = 00000037, [$s2] = 00000037
[$s3] = 00000020, [$s4] = 00000000, [$s5] = 00000000
[$s6] = 00000000, [$s7] = 00000000, [$t0] = 00000020
[$t1] = 00000037, [$t2] = 00000000, [$t3] = 00000000
[$t4] = 00000000, [$t5] = 00000000, [$t6] = 00000000
[$t7] = 00000000, [$t8] = 00000000, [$t9] = 00000000
Time:                 790, CLK=0, PC=0000017c
[$s0] = 00000037, [$s1] = 00000037, [$s2] = 00000037
[$s3] = 00000020, [$s4] = 00000000, [$s5] = 00000000
[$s6] = 00000000, [$s7] = 00000000, [$t0] = 00000020
[$t1] = 00000037, [$t2] = 00000000, [$t3] = 00000000
[$t4] = 00000000, [$t5] = 00000000, [$t6] = 00000000
[$t7] = 00000000, [$t8] = 00000000, [$t9] = 00000000
Time:                 800, CLK=1, PC=0000017c
[$s0] = 00000037, [$s1] = 00000037, [$s2] = 00000037
[$s3] = 00000020, [$s4] = 00000000, [$s5] = 00000000
[$s6] = 00000000, [$s7] = 00000000, [$t0] = 00000020
[$t1] = 00000037, [$t2] = 00000000, [$t3] = 00000000
[$t4] = 00000000, [$t5] = 00000000, [$t6] = 00000000
[$t7] = 00000000, [$t8] = 00000000, [$t9] = 00000000
Time:                 810, CLK=0, PC=00000180
[$s0] = 00000037, [$s1] = 00000037, [$s2] = 00000037
[$s3] = 00000020, [$s4] = 00000000, [$s5] = 00000000
[$s6] = 00000000, [$s7] = 00000000, [$t0] = 00000020
[$t1] = 00000037, [$t2] = 00000000, [$t3] = 00000000
[$t4] = 00000000, [$t5] = 00000000, [$t6] = 00000000
[$t7] = 00000000, [$t8] = 00000000, [$t9] = 00000000
Time:                 820, CLK=1, PC=00000180
[$s0] = 00000037, [$s1] = 00000037, [$s2] = 00000037
[$s3] = 00000020, [$s4] = 00000000, [$s5] = 00000000
[$s6] = 00000000, [$s7] = 00000000, [$t0] = 00000020
[$t1] = 00000037, [$t2] = 00000000, [$t3] = 00000000
[$t4] = 00000000, [$t5] = 00000000, [$t6] = 00000000
[$t7] = 00000000, [$t8] = 00000000, [$t9] = 00000000
Time:                 830, CLK=0, PC=00000184
[$s0] = 00000037, [$s1] = 00000037, [$s2] = 00000037
[$s3] = 00000020, [$s4] = 00000000, [$s5] = 00000000
[$s6] = 00000000, [$s7] = 00000000, [$t0] = 00000020
[$t1] = 00000037, [$t2] = 00000000, [$t3] = 00000000
[$t4] = 00000000, [$t5] = 00000000, [$t6] = 00000000
[$t7] = 00000000, [$t8] = 00000000, [$t9] = 00000000
Time:                 840, CLK=1, PC=00000184
[$s0] = 00000037, [$s1] = 00000037, [$s2] = 00000037
[$s3] = 00000020, [$s4] = 00000000, [$s5] = 00000000
[$s6] = 00000000, [$s7] = 00000000, [$t0] = 00000020
[$t1] = 00000037, [$t2] = 00000000, [$t3] = 00000000
[$t4] = 00000000, [$t5] = 00000000, [$t6] = 00000000
[$t7] = 00000000, [$t8] = 00000000, [$t9] = 00000000
Time:                 850, CLK=0, PC=00000188
[$s0] = 00000037, [$s1] = 00000037, [$s2] = 00000037
[$s3] = 00000020, [$s4] = 00000000, [$s5] = 00000000
[$s6] = 00000000, [$s7] = 00000000, [$t0] = 00000020
[$t1] = 00000037, [$t2] = 00000000, [$t3] = 00000000
[$t4] = 00000000, [$t5] = 00000000, [$t6] = 00000000
[$t7] = 00000000, [$t8] = 00000000, [$t9] = 00000000
Time:                 860, CLK=1, PC=00000188
[$s0] = 00000037, [$s1] = 00000037, [$s2] = 00000037
[$s3] = 00000020, [$s4] = 00000000, [$s5] = 00000000
[$s6] = 00000000, [$s7] = 00000000, [$t0] = 00000020
[$t1] = 00000037, [$t2] = 00000000, [$t3] = 00000000
[$t4] = 00000000, [$t5] = 00000000, [$t6] = 00000000
[$t7] = 00000000, [$t8] = 00000000, [$t9] = 00000000
Time:                 870, CLK=0, PC=0000018c
[$s0] = 00000037, [$s1] = 00000037, [$s2] = 00000037
[$s3] = 00000020, [$s4] = 00000000, [$s5] = 00000000
[$s6] = 00000000, [$s7] = 00000000, [$t0] = 00000020
[$t1] = 00000037, [$t2] = 00000000, [$t3] = 00000000
[$t4] = 00000000, [$t5] = 00000000, [$t6] = 00000000
[$t7] = 00000000, [$t8] = 00000000, [$t9] = 00000000
Time:                 880, CLK=1, PC=0000018c
[$s0] = 00000037, [$s1] = 00000037, [$s2] = 00000037
[$s3] = 00000020, [$s4] = 00000000, [$s5] = 00000000
[$s6] = 00000000, [$s7] = 00000000, [$t0] = 00000020
[$t1] = 00000037, [$t2] = 00000000, [$t3] = 00000000
[$t4] = 00000000, [$t5] = 00000000, [$t6] = 00000000
[$t7] = 00000000, [$t8] = 00000000, [$t9] = 00000000
Time:                 890, CLK=0, PC=00000190
[$s0] = 00000037, [$s1] = 00000037, [$s2] = 00000037
[$s3] = 00000020, [$s4] = 00000000, [$s5] = 00000000
[$s6] = 00000000, [$s7] = 00000000, [$t0] = 00000020
[$t1] = 00000037, [$t2] = 00000000, [$t3] = 00000000
[$t4] = 00000000, [$t5] = 00000000, [$t6] = 00000000
[$t7] = 00000000, [$t8] = 00000000, [$t9] = 00000000
Time:                 900, CLK=1, PC=00000190
[$s0] = 00000037, [$s1] = 00000037, [$s2] = 00000037
[$s3] = 00000020, [$s4] = 00000000, [$s5] = 00000000
[$s6] = 00000000, [$s7] = 00000000, [$t0] = 00000020
[$t1] = 00000037, [$t2] = 00000000, [$t3] = 00000000
[$t4] = 00000000, [$t5] = 00000000, [$t6] = 00000000
[$t7] = 00000000, [$t8] = 00000000, [$t9] = 00000000
Time:                 910, CLK=0, PC=00000194
[$s0] = 00000037, [$s1] = 00000037, [$s2] = 00000037
[$s3] = 00000020, [$s4] = 00000000, [$s5] = 00000000
[$s6] = 00000000, [$s7] = 00000000, [$t0] = 00000020
[$t1] = 00000037, [$t2] = 00000000, [$t3] = 00000000
[$t4] = 00000000, [$t5] = 00000000, [$t6] = 00000000
[$t7] = 00000000, [$t8] = 00000000, [$t9] = 00000000
Time:                 920, CLK=1, PC=00000194
[$s0] = 00000037, [$s1] = 00000037, [$s2] = 00000037
[$s3] = 00000020, [$s4] = 00000000, [$s5] = 00000000
[$s6] = 00000000, [$s7] = 00000000, [$t0] = 00000020
[$t1] = 00000037, [$t2] = 00000000, [$t3] = 00000000
[$t4] = 00000000, [$t5] = 00000000, [$t6] = 00000000
[$t7] = 00000000, [$t8] = 00000000, [$t9] = 00000000
Time:                 930, CLK=0, PC=00000198
[$s0] = 00000037, [$s1] = 00000037, [$s2] = 00000037
[$s3] = 00000020, [$s4] = 00000000, [$s5] = 00000000
[$s6] = 00000000, [$s7] = 00000000, [$t0] = 00000020
[$t1] = 00000037, [$t2] = 00000000, [$t3] = 00000000
[$t4] = 00000000, [$t5] = 00000000, [$t6] = 00000000
[$t7] = 00000000, [$t8] = 00000000, [$t9] = 00000000
Time:                 940, CLK=1, PC=00000198
[$s0] = 00000037, [$s1] = 00000037, [$s2] = 00000037
[$s3] = 00000020, [$s4] = 00000000, [$s5] = 00000000
[$s6] = 00000000, [$s7] = 00000000, [$t0] = 00000020
[$t1] = 00000037, [$t2] = 00000000, [$t3] = 00000000
[$t4] = 00000000, [$t5] = 00000000, [$t6] = 00000000
[$t7] = 00000000, [$t8] = 00000000, [$t9] = 00000000
Time:                 950, CLK=0, PC=0000019c
[$s0] = 00000037, [$s1] = 00000037, [$s2] = 00000037
[$s3] = 00000020, [$s4] = 00000000, [$s5] = 00000000
[$s6] = 00000000, [$s7] = 00000000, [$t0] = 00000020
[$t1] = 00000037, [$t2] = 00000000, [$t3] = 00000000
[$t4] = 00000000, [$t5] = 00000000, [$t6] = 00000000
[$t7] = 00000000, [$t8] = 00000000, [$t9] = 00000000
Time:                 960, CLK=1, PC=0000019c
[$s0] = 00000037, [$s1] = 00000037, [$s2] = 00000037
[$s3] = 00000020, [$s4] = 00000000, [$s5] = 00000000
[$s6] = 00000000, [$s7] = 00000000, [$t0] = 00000020
[$t1] = 00000037, [$t2] = 00000000, [$t3] = 00000000
[$t4] = 00000000, [$t5] = 00000000, [$t6] = 00000000
[$t7] = 00000000, [$t8] = 00000000, [$t9] = 00000000
Time:                 970, CLK=0, PC=000001a0
[$s0] = 00000037, [$s1] = 00000037, [$s2] = 00000037
[$s3] = 00000020, [$s4] = 00000000, [$s5] = 00000000
[$s6] = 00000000, [$s7] = 00000000, [$t0] = 00000020
[$t1] = 00000037, [$t2] = 00000000, [$t3] = 00000000
[$t4] = 00000000, [$t5] = 00000000, [$t6] = 00000000
[$t7] = 00000000, [$t8] = 00000000, [$t9] = 00000000
Time:                 980, CLK=1, PC=000001a0
[$s0] = 00000037, [$s1] = 00000037, [$s2] = 00000037
[$s3] = 00000020, [$s4] = 00000000, [$s5] = 00000000
[$s6] = 00000000, [$s7] = 00000000, [$t0] = 00000020
[$t1] = 00000037, [$t2] = 00000000, [$t3] = 00000000
[$t4] = 00000000, [$t5] = 00000000, [$t6] = 00000000
[$t7] = 00000000, [$t8] = 00000000, [$t9] = 00000000
Time:                 990, CLK=0, PC=000001a4
[$s0] = 00000037, [$s1] = 00000037, [$s2] = 00000037
[$s3] = 00000020, [$s4] = 00000000, [$s5] = 00000000
[$s6] = 00000000, [$s7] = 00000000, [$t0] = 00000020
[$t1] = 00000037, [$t2] = 00000000, [$t3] = 00000000
[$t4] = 00000000, [$t5] = 00000000, [$t6] = 00000000
[$t7] = 00000000, [$t8] = 00000000, [$t9] = 00000000
INFO: [USF-XSim-96] XSim completed. Design snapshot 'singlecyclesim_behav' loaded.
INFO: [USF-XSim-97] XSim simulation ran for 1000ns
launch_simulation: Time (s): cpu = 00:00:08 ; elapsed = 00:00:15 . Memory (MB): peak = 872.992 ; gain = 0.000
close_sim
INFO: [Simtcl 6-16] Simulation closed
close_sim: Time (s): cpu = 00:00:04 ; elapsed = 00:00:11 . Memory (MB): peak = 896.094 ; gain = 0.000
exit
